<?xml version="1.0" encoding="UTF-8"?>
<!-- Generated by org.testng.reporters.JUnitXMLReporter -->
<testsuite hostname="akulkarni-PL2" name="Default test" tests="2100" failures="0" timestamp="16 Dec 2016 06:13:34 GMT" time="6.194" errors="0">
  <testcase name="f" time="0.163" classname="testng.examples.threadpool.example.ThreadPoolExample"/>
  <testcase name="f" time="0.158" classname="testng.examples.threadpool.example.ThreadPoolExample"/>
  <testcase name="f" time="0.167" classname="testng.examples.threadpool.example.ThreadPoolExample"/>
  <testcase name="f" time="0.167" classname="testng.examples.threadpool.example.ThreadPoolExample"/>
  <testcase name="f" time="0.177" classname="testng.examples.threadpool.example.ThreadPoolExample"/>
  <testcase name="f" time="0.177" classname="testng.examples.threadpool.example.ThreadPoolExample"/>
  <testcase name="f" time="0.181" classname="testng.examples.threadpool.example.ThreadPoolExample"/>
  <testcase name="f" time="0.185" classname="testng.examples.threadpool.example.ThreadPoolExample"/>
  <testcase name="f" time="0.188" classname="testng.examples.threadpool.example.ThreadPoolExample"/>
  <testcase name="f" time="0.189" classname="testng.examples.threadpool.example.ThreadPoolExample"/>
  <testcase name="f" time="0.194" classname="testng.examples.threadpool.example.ThreadPoolExample"/>
  <testcase name="f" time="0.206" classname="testng.examples.threadpool.example.ThreadPoolExample"/>
  <testcase name="f" time="0.206" classname="testng.examples.threadpool.example.ThreadPoolExample"/>
  <testcase name="f" time="0.206" classname="testng.examples.threadpool.example.ThreadPoolExample"/>
  <testcase name="f" time="0.205" classname="testng.examples.threadpool.example.ThreadPoolExample"/>
  <testcase name="f" time="0.231" classname="testng.examples.threadpool.example.ThreadPoolExample"/>
  <testcase name="f" time="0.236" classname="testng.examples.threadpool.example.ThreadPoolExample"/>
  <testcase name="f" time="0.21" classname="testng.examples.threadpool.example.ThreadPoolExample"/>
  <testcase name="f" time="0.237" classname="testng.examples.threadpool.example.ThreadPoolExample"/>
  <testcase name="f" time="0.237" classname="testng.examples.threadpool.example.ThreadPoolExample"/>
  <testcase name="f" time="0.237" classname="testng.examples.threadpool.example.ThreadPoolExample"/>
  <testcase name="f" time="0.397" classname="testng.examples.threadpool.example.ThreadPoolExample"/>
  <testcase name="f" time="0.245" classname="testng.examples.threadpool.example.ThreadPoolExample"/>
  <testcase name="f" time="0.256" classname="testng.examples.threadpool.example.ThreadPoolExample"/>
  <testcase name="f" time="0.476" classname="testng.examples.threadpool.example.ThreadPoolExample"/>
  <testcase name="f" time="0.262" classname="testng.examples.threadpool.example.ThreadPoolExample"/>
  <testcase name="f" time="0.264" classname="testng.examples.threadpool.example.ThreadPoolExample"/>
  <testcase name="f" time="0.263" classname="testng.examples.threadpool.example.ThreadPoolExample"/>
  <testcase name="f" time="0.27" classname="testng.examples.threadpool.example.ThreadPoolExample"/>
  <testcase name="f" time="0.258" classname="testng.examples.threadpool.example.ThreadPoolExample"/>
  <testcase name="f" time="0.006" classname="testng.examples.threadpool.example.ThreadPoolExample"/>
  <testcase name="f" time="0.263" classname="testng.examples.threadpool.example.ThreadPoolExample"/>
  <testcase name="f" time="0.26" classname="testng.examples.threadpool.example.ThreadPoolExample"/>
  <testcase name="f" time="0.281" classname="testng.examples.threadpool.example.ThreadPoolExample"/>
  <testcase name="f" time="0.283" classname="testng.examples.threadpool.example.ThreadPoolExample"/>
  <testcase name="f" time="0.256" classname="testng.examples.threadpool.example.ThreadPoolExample"/>
  <testcase name="f" time="0.252" classname="testng.examples.threadpool.example.ThreadPoolExample"/>
  <testcase name="f" time="0.248" classname="testng.examples.threadpool.example.ThreadPoolExample"/>
  <testcase name="f" time="0.248" classname="testng.examples.threadpool.example.ThreadPoolExample"/>
  <testcase name="f" time="0.246" classname="testng.examples.threadpool.example.ThreadPoolExample"/>
  <testcase name="f" time="0.001" classname="testng.examples.threadpool.example.ThreadPoolExample"/>
  <testcase name="f" time="0.001" classname="testng.examples.threadpool.example.ThreadPoolExample"/>
  <testcase name="f" time="0.252" classname="testng.examples.threadpool.example.ThreadPoolExample"/>
  <testcase name="f" time="0.248" classname="testng.examples.threadpool.example.ThreadPoolExample"/>
  <testcase name="f" time="0.234" classname="testng.examples.threadpool.example.ThreadPoolExample"/>
  <testcase name="f" time="0.234" classname="testng.examples.threadpool.example.ThreadPoolExample"/>
  <testcase name="f" time="0.235" classname="testng.examples.threadpool.example.ThreadPoolExample"/>
  <testcase name="f" time="0.229" classname="testng.examples.threadpool.example.ThreadPoolExample"/>
  <testcase name="f" time="0.222" classname="testng.examples.threadpool.example.ThreadPoolExample"/>
  <testcase name="f" time="0.217" classname="testng.examples.threadpool.example.ThreadPoolExample"/>
  <testcase name="f" time="0.315" classname="testng.examples.threadpool.example.ThreadPoolExample"/>
  <testcase name="f" time="0.471" classname="testng.examples.threadpool.example.ThreadPoolExample"/>
  <testcase name="f" time="0.473" classname="testng.examples.threadpool.example.ThreadPoolExample"/>
  <testcase name="f" time="0.473" classname="testng.examples.threadpool.example.ThreadPoolExample"/>
  <testcase name="f" time="0.473" classname="testng.examples.threadpool.example.ThreadPoolExample"/>
  <testcase name="f" time="0.474" classname="testng.examples.threadpool.example.ThreadPoolExample"/>
  <testcase name="f" time="0.482" classname="testng.examples.threadpool.example.ThreadPoolExample"/>
  <testcase name="f" time="0.484" classname="testng.examples.threadpool.example.ThreadPoolExample"/>
  <testcase name="f" time="0.499" classname="testng.examples.threadpool.example.ThreadPoolExample"/>
  <testcase name="f" time="0.502" classname="testng.examples.threadpool.example.ThreadPoolExample"/>
  <testcase name="f" time="0.513" classname="testng.examples.threadpool.example.ThreadPoolExample"/>
  <testcase name="f" time="0.52" classname="testng.examples.threadpool.example.ThreadPoolExample"/>
  <testcase name="f" time="0.522" classname="testng.examples.threadpool.example.ThreadPoolExample"/>
  <testcase name="f" time="0.266" classname="testng.examples.threadpool.example.ThreadPoolExample"/>
  <testcase name="f" time="0.266" classname="testng.examples.threadpool.example.ThreadPoolExample"/>
  <testcase name="f" time="0.268" classname="testng.examples.threadpool.example.ThreadPoolExample"/>
  <testcase name="f" time="0.274" classname="testng.examples.threadpool.example.ThreadPoolExample"/>
  <testcase name="f" time="0.283" classname="testng.examples.threadpool.example.ThreadPoolExample"/>
  <testcase name="f" time="0.288" classname="testng.examples.threadpool.example.ThreadPoolExample"/>
  <testcase name="f" time="0.301" classname="testng.examples.threadpool.example.ThreadPoolExample"/>
  <testcase name="f" time="0.302" classname="testng.examples.threadpool.example.ThreadPoolExample"/>
  <testcase name="f" time="0.303" classname="testng.examples.threadpool.example.ThreadPoolExample"/>
  <testcase name="f" time="0.308" classname="testng.examples.threadpool.example.ThreadPoolExample"/>
  <testcase name="f" time="0.318" classname="testng.examples.threadpool.example.ThreadPoolExample"/>
  <testcase name="f" time="0.127" classname="testng.examples.threadpool.example.ThreadPoolExample"/>
  <testcase name="f" time="0.134" classname="testng.examples.threadpool.example.ThreadPoolExample"/>
  <testcase name="f" time="0.127" classname="testng.examples.threadpool.example.ThreadPoolExample"/>
  <testcase name="f" time="0.127" classname="testng.examples.threadpool.example.ThreadPoolExample"/>
  <testcase name="f" time="0.257" classname="testng.examples.threadpool.example.ThreadPoolExample"/>
  <testcase name="f" time="0.259" classname="testng.examples.threadpool.example.ThreadPoolExample"/>
  <testcase name="f" time="0.273" classname="testng.examples.threadpool.example.ThreadPoolExample"/>
  <testcase name="f" time="0.273" classname="testng.examples.threadpool.example.ThreadPoolExample"/>
  <testcase name="f" time="0.272" classname="testng.examples.threadpool.example.ThreadPoolExample"/>
  <testcase name="f" time="0.265" classname="testng.examples.threadpool.example.ThreadPoolExample"/>
  <testcase name="f" time="0.257" classname="testng.examples.threadpool.example.ThreadPoolExample"/>
  <testcase name="f" time="0.255" classname="testng.examples.threadpool.example.ThreadPoolExample"/>
  <testcase name="f" time="0.253" classname="testng.examples.threadpool.example.ThreadPoolExample"/>
  <testcase name="f" time="0.257" classname="testng.examples.threadpool.example.ThreadPoolExample"/>
  <testcase name="f" time="0.256" classname="testng.examples.threadpool.example.ThreadPoolExample"/>
  <testcase name="f" time="0.252" classname="testng.examples.threadpool.example.ThreadPoolExample"/>
  <testcase name="f" time="0.25" classname="testng.examples.threadpool.example.ThreadPoolExample"/>
  <testcase name="f" time="0.215" classname="testng.examples.threadpool.example.ThreadPoolExample"/>
  <testcase name="f" time="0.208" classname="testng.examples.threadpool.example.ThreadPoolExample"/>
  <testcase name="f" time="0.226" classname="testng.examples.threadpool.example.ThreadPoolExample"/>
  <testcase name="f" time="0.224" classname="testng.examples.threadpool.example.ThreadPoolExample"/>
  <testcase name="f" time="0.223" classname="testng.examples.threadpool.example.ThreadPoolExample"/>
  <testcase name="f" time="0.218" classname="testng.examples.threadpool.example.ThreadPoolExample"/>
  <testcase name="f" time="0.215" classname="testng.examples.threadpool.example.ThreadPoolExample"/>
  <testcase name="f" time="0.214" classname="testng.examples.threadpool.example.ThreadPoolExample"/>
  <testcase name="f" time="0.21" classname="testng.examples.threadpool.example.ThreadPoolExample"/>
  <testcase name="f" time="0.213" classname="testng.examples.threadpool.example.ThreadPoolExample"/>
  <testcase name="f" time="0.205" classname="testng.examples.threadpool.example.ThreadPoolExample"/>
  <testcase name="f" time="0.203" classname="testng.examples.threadpool.example.ThreadPoolExample"/>
  <testcase name="f" time="0.202" classname="testng.examples.threadpool.example.ThreadPoolExample"/>
  <testcase name="f" time="0.2" classname="testng.examples.threadpool.example.ThreadPoolExample"/>
  <testcase name="f" time="0.199" classname="testng.examples.threadpool.example.ThreadPoolExample"/>
  <testcase name="f" time="0.197" classname="testng.examples.threadpool.example.ThreadPoolExample"/>
  <testcase name="f" time="0.187" classname="testng.examples.threadpool.example.ThreadPoolExample"/>
  <testcase name="f" time="0.196" classname="testng.examples.threadpool.example.ThreadPoolExample"/>
  <testcase name="f" time="0.197" classname="testng.examples.threadpool.example.ThreadPoolExample"/>
  <testcase name="f" time="0.195" classname="testng.examples.threadpool.example.ThreadPoolExample"/>
  <testcase name="f" time="0.199" classname="testng.examples.threadpool.example.ThreadPoolExample"/>
  <testcase name="f" time="0.2" classname="testng.examples.threadpool.example.ThreadPoolExample"/>
  <testcase name="f" time="0.199" classname="testng.examples.threadpool.example.ThreadPoolExample"/>
  <testcase name="f" time="0.196" classname="testng.examples.threadpool.example.ThreadPoolExample"/>
  <testcase name="f" time="0.193" classname="testng.examples.threadpool.example.ThreadPoolExample"/>
  <testcase name="f" time="0.192" classname="testng.examples.threadpool.example.ThreadPoolExample"/>
  <testcase name="f" time="0.181" classname="testng.examples.threadpool.example.ThreadPoolExample"/>
  <testcase name="f" time="0.161" classname="testng.examples.threadpool.example.ThreadPoolExample"/>
  <testcase name="f" time="0.158" classname="testng.examples.threadpool.example.ThreadPoolExample"/>
  <testcase name="f" time="0.152" classname="testng.examples.threadpool.example.ThreadPoolExample"/>
  <testcase name="f" time="0.148" classname="testng.examples.threadpool.example.ThreadPoolExample"/>
  <testcase name="f" time="0.146" classname="testng.examples.threadpool.example.ThreadPoolExample"/>
  <testcase name="f" time="0.195" classname="testng.examples.threadpool.example.ThreadPoolExample"/>
  <testcase name="f" time="0.244" classname="testng.examples.threadpool.example.ThreadPoolExample"/>
  <testcase name="f" time="0.245" classname="testng.examples.threadpool.example.ThreadPoolExample"/>
  <testcase name="f" time="0.247" classname="testng.examples.threadpool.example.ThreadPoolExample"/>
  <testcase name="f" time="0.143" classname="testng.examples.threadpool.example.ThreadPoolExample"/>
  <testcase name="f" time="0.147" classname="testng.examples.threadpool.example.ThreadPoolExample"/>
  <testcase name="f" time="0.149" classname="testng.examples.threadpool.example.ThreadPoolExample"/>
  <testcase name="f" time="0.136" classname="testng.examples.threadpool.example.ThreadPoolExample"/>
  <testcase name="f" time="0.132" classname="testng.examples.threadpool.example.ThreadPoolExample"/>
  <testcase name="f" time="0.176" classname="testng.examples.threadpool.example.ThreadPoolExample"/>
  <testcase name="f" time="0.177" classname="testng.examples.threadpool.example.ThreadPoolExample"/>
  <testcase name="f" time="0.172" classname="testng.examples.threadpool.example.ThreadPoolExample"/>
  <testcase name="f" time="0.171" classname="testng.examples.threadpool.example.ThreadPoolExample"/>
  <testcase name="f" time="0.171" classname="testng.examples.threadpool.example.ThreadPoolExample"/>
  <testcase name="f" time="0.17" classname="testng.examples.threadpool.example.ThreadPoolExample"/>
  <testcase name="f" time="0.174" classname="testng.examples.threadpool.example.ThreadPoolExample"/>
  <testcase name="f" time="0.17" classname="testng.examples.threadpool.example.ThreadPoolExample"/>
  <testcase name="f" time="0.159" classname="testng.examples.threadpool.example.ThreadPoolExample"/>
  <testcase name="f" time="0.161" classname="testng.examples.threadpool.example.ThreadPoolExample"/>
  <testcase name="f" time="0.164" classname="testng.examples.threadpool.example.ThreadPoolExample"/>
  <testcase name="f" time="0.162" classname="testng.examples.threadpool.example.ThreadPoolExample"/>
  <testcase name="f" time="0.163" classname="testng.examples.threadpool.example.ThreadPoolExample"/>
  <testcase name="f" time="0.157" classname="testng.examples.threadpool.example.ThreadPoolExample"/>
  <testcase name="f" time="0.152" classname="testng.examples.threadpool.example.ThreadPoolExample"/>
  <testcase name="f" time="0.141" classname="testng.examples.threadpool.example.ThreadPoolExample"/>
  <testcase name="f" time="0.13" classname="testng.examples.threadpool.example.ThreadPoolExample"/>
  <testcase name="f" time="0.116" classname="testng.examples.threadpool.example.ThreadPoolExample"/>
  <testcase name="f" time="0.113" classname="testng.examples.threadpool.example.ThreadPoolExample"/>
  <testcase name="f" time="0.115" classname="testng.examples.threadpool.example.ThreadPoolExample"/>
  <testcase name="f" time="0.114" classname="testng.examples.threadpool.example.ThreadPoolExample"/>
  <testcase name="f" time="0.16" classname="testng.examples.threadpool.example.ThreadPoolExample"/>
  <testcase name="f" time="0.247" classname="testng.examples.threadpool.example.ThreadPoolExample"/>
  <testcase name="f" time="0.115" classname="testng.examples.threadpool.example.ThreadPoolExample"/>
  <testcase name="f" time="0.161" classname="testng.examples.threadpool.example.ThreadPoolExample"/>
  <testcase name="f" time="0.112" classname="testng.examples.threadpool.example.ThreadPoolExample"/>
  <testcase name="f" time="0.089" classname="testng.examples.threadpool.example.ThreadPoolExample"/>
  <testcase name="f" time="0.087" classname="testng.examples.threadpool.example.ThreadPoolExample"/>
  <testcase name="f" time="0.086" classname="testng.examples.threadpool.example.ThreadPoolExample"/>
  <testcase name="f" time="0.085" classname="testng.examples.threadpool.example.ThreadPoolExample"/>
  <testcase name="f" time="0.083" classname="testng.examples.threadpool.example.ThreadPoolExample"/>
  <testcase name="f" time="0.081" classname="testng.examples.threadpool.example.ThreadPoolExample"/>
  <testcase name="f" time="0.248" classname="testng.examples.threadpool.example.ThreadPoolExample"/>
  <testcase name="f" time="0.249" classname="testng.examples.threadpool.example.ThreadPoolExample"/>
  <testcase name="f" time="0.085" classname="testng.examples.threadpool.example.ThreadPoolExample"/>
  <testcase name="f" time="0.088" classname="testng.examples.threadpool.example.ThreadPoolExample"/>
  <testcase name="f" time="0.089" classname="testng.examples.threadpool.example.ThreadPoolExample"/>
  <testcase name="f" time="0.09" classname="testng.examples.threadpool.example.ThreadPoolExample"/>
  <testcase name="f" time="0.098" classname="testng.examples.threadpool.example.ThreadPoolExample"/>
  <testcase name="f" time="0.108" classname="testng.examples.threadpool.example.ThreadPoolExample"/>
  <testcase name="f" time="0.113" classname="testng.examples.threadpool.example.ThreadPoolExample"/>
  <testcase name="f" time="0.117" classname="testng.examples.threadpool.example.ThreadPoolExample"/>
  <testcase name="f" time="0.119" classname="testng.examples.threadpool.example.ThreadPoolExample"/>
  <testcase name="f" time="0.143" classname="testng.examples.threadpool.example.ThreadPoolExample"/>
  <testcase name="f" time="0.145" classname="testng.examples.threadpool.example.ThreadPoolExample"/>
  <testcase name="f" time="0.149" classname="testng.examples.threadpool.example.ThreadPoolExample"/>
  <testcase name="f" time="0.153" classname="testng.examples.threadpool.example.ThreadPoolExample"/>
  <testcase name="f" time="0.168" classname="testng.examples.threadpool.example.ThreadPoolExample"/>
  <testcase name="f" time="0.175" classname="testng.examples.threadpool.example.ThreadPoolExample"/>
  <testcase name="f" time="0.178" classname="testng.examples.threadpool.example.ThreadPoolExample"/>
  <testcase name="f" time="0.131" classname="testng.examples.threadpool.example.ThreadPoolExample"/>
  <testcase name="f" time="0.128" classname="testng.examples.threadpool.example.ThreadPoolExample"/>
  <testcase name="f" time="0.13" classname="testng.examples.threadpool.example.ThreadPoolExample"/>
  <testcase name="f" time="0.132" classname="testng.examples.threadpool.example.ThreadPoolExample"/>
  <testcase name="f" time="0.13" classname="testng.examples.threadpool.example.ThreadPoolExample"/>
  <testcase name="f" time="0.145" classname="testng.examples.threadpool.example.ThreadPoolExample"/>
  <testcase name="f" time="0.147" classname="testng.examples.threadpool.example.ThreadPoolExample"/>
  <testcase name="f" time="0.156" classname="testng.examples.threadpool.example.ThreadPoolExample"/>
  <testcase name="f" time="0.161" classname="testng.examples.threadpool.example.ThreadPoolExample"/>
  <testcase name="f" time="0.16" classname="testng.examples.threadpool.example.ThreadPoolExample"/>
  <testcase name="f" time="0.16" classname="testng.examples.threadpool.example.ThreadPoolExample"/>
  <testcase name="f" time="0.171" classname="testng.examples.threadpool.example.ThreadPoolExample"/>
  <testcase name="f" time="0.188" classname="testng.examples.threadpool.example.ThreadPoolExample"/>
  <testcase name="f" time="0.054" classname="testng.examples.threadpool.example.ThreadPoolExample"/>
  <testcase name="f" time="0.039" classname="testng.examples.threadpool.example.ThreadPoolExample"/>
  <testcase name="f" time="0.054" classname="testng.examples.threadpool.example.ThreadPoolExample"/>
  <testcase name="f" time="0.053" classname="testng.examples.threadpool.example.ThreadPoolExample"/>
  <testcase name="f" time="0.053" classname="testng.examples.threadpool.example.ThreadPoolExample"/>
  <testcase name="f" time="0.052" classname="testng.examples.threadpool.example.ThreadPoolExample"/>
  <testcase name="f" time="0.052" classname="testng.examples.threadpool.example.ThreadPoolExample"/>
  <testcase name="f" time="0.052" classname="testng.examples.threadpool.example.ThreadPoolExample"/>
  <testcase name="f" time="0.052" classname="testng.examples.threadpool.example.ThreadPoolExample"/>
  <testcase name="f" time="0.052" classname="testng.examples.threadpool.example.ThreadPoolExample"/>
  <testcase name="f" time="0.051" classname="testng.examples.threadpool.example.ThreadPoolExample"/>
  <testcase name="f" time="0.214" classname="testng.examples.threadpool.example.ThreadPoolExample"/>
  <testcase name="f" time="0.214" classname="testng.examples.threadpool.example.ThreadPoolExample"/>
  <testcase name="f" time="0.214" classname="testng.examples.threadpool.example.ThreadPoolExample"/>
  <testcase name="f" time="0.213" classname="testng.examples.threadpool.example.ThreadPoolExample"/>
  <testcase name="f" time="0.213" classname="testng.examples.threadpool.example.ThreadPoolExample"/>
  <testcase name="f" time="0.051" classname="testng.examples.threadpool.example.ThreadPoolExample"/>
  <testcase name="f" time="0.203" classname="testng.examples.threadpool.example.ThreadPoolExample"/>
  <testcase name="f" time="0.203" classname="testng.examples.threadpool.example.ThreadPoolExample"/>
  <testcase name="f" time="0.142" classname="testng.examples.threadpool.example.ThreadPoolExample"/>
  <testcase name="f" time="0.065" classname="testng.examples.threadpool.example.ThreadPoolExample"/>
  <testcase name="f" time="0.066" classname="testng.examples.threadpool.example.ThreadPoolExample"/>
  <testcase name="f" time="0.071" classname="testng.examples.threadpool.example.ThreadPoolExample"/>
  <testcase name="f" time="0.078" classname="testng.examples.threadpool.example.ThreadPoolExample"/>
  <testcase name="f" time="0.107" classname="testng.examples.threadpool.example.ThreadPoolExample"/>
  <testcase name="f" time="0.115" classname="testng.examples.threadpool.example.ThreadPoolExample"/>
  <testcase name="f" time="0.123" classname="testng.examples.threadpool.example.ThreadPoolExample"/>
  <testcase name="f" time="0.135" classname="testng.examples.threadpool.example.ThreadPoolExample"/>
  <testcase name="f" time="0.138" classname="testng.examples.threadpool.example.ThreadPoolExample"/>
  <testcase name="f" time="0.141" classname="testng.examples.threadpool.example.ThreadPoolExample"/>
  <testcase name="f" time="0.148" classname="testng.examples.threadpool.example.ThreadPoolExample"/>
  <testcase name="f" time="0.165" classname="testng.examples.threadpool.example.ThreadPoolExample"/>
  <testcase name="f" time="0.168" classname="testng.examples.threadpool.example.ThreadPoolExample"/>
  <testcase name="f" time="0.173" classname="testng.examples.threadpool.example.ThreadPoolExample"/>
  <testcase name="f" time="0.174" classname="testng.examples.threadpool.example.ThreadPoolExample"/>
  <testcase name="f" time="0.175" classname="testng.examples.threadpool.example.ThreadPoolExample"/>
  <testcase name="f" time="0.176" classname="testng.examples.threadpool.example.ThreadPoolExample"/>
  <testcase name="f" time="0.179" classname="testng.examples.threadpool.example.ThreadPoolExample"/>
  <testcase name="f" time="0.185" classname="testng.examples.threadpool.example.ThreadPoolExample"/>
  <testcase name="f" time="0.193" classname="testng.examples.threadpool.example.ThreadPoolExample"/>
  <testcase name="f" time="0.195" classname="testng.examples.threadpool.example.ThreadPoolExample"/>
  <testcase name="f" time="0.196" classname="testng.examples.threadpool.example.ThreadPoolExample"/>
  <testcase name="f" time="0.197" classname="testng.examples.threadpool.example.ThreadPoolExample"/>
  <testcase name="f" time="0.198" classname="testng.examples.threadpool.example.ThreadPoolExample"/>
  <testcase name="f" time="0.204" classname="testng.examples.threadpool.example.ThreadPoolExample"/>
  <testcase name="f" time="0.205" classname="testng.examples.threadpool.example.ThreadPoolExample"/>
  <testcase name="f" time="0.21" classname="testng.examples.threadpool.example.ThreadPoolExample"/>
  <testcase name="f" time="0.206" classname="testng.examples.threadpool.example.ThreadPoolExample"/>
  <testcase name="f" time="0.207" classname="testng.examples.threadpool.example.ThreadPoolExample"/>
  <testcase name="f" time="0.142" classname="testng.examples.threadpool.example.ThreadPoolExample"/>
  <testcase name="f" time="0.146" classname="testng.examples.threadpool.example.ThreadPoolExample"/>
  <testcase name="f" time="0.145" classname="testng.examples.threadpool.example.ThreadPoolExample"/>
  <testcase name="f" time="0.149" classname="testng.examples.threadpool.example.ThreadPoolExample"/>
  <testcase name="f" time="0.153" classname="testng.examples.threadpool.example.ThreadPoolExample"/>
  <testcase name="f" time="0.155" classname="testng.examples.threadpool.example.ThreadPoolExample"/>
  <testcase name="f" time="0.155" classname="testng.examples.threadpool.example.ThreadPoolExample"/>
  <testcase name="f" time="0.156" classname="testng.examples.threadpool.example.ThreadPoolExample"/>
  <testcase name="f" time="0.158" classname="testng.examples.threadpool.example.ThreadPoolExample"/>
  <testcase name="f" time="0.16" classname="testng.examples.threadpool.example.ThreadPoolExample"/>
  <testcase name="f" time="0.155" classname="testng.examples.threadpool.example.ThreadPoolExample"/>
  <testcase name="f" time="0.163" classname="testng.examples.threadpool.example.ThreadPoolExample"/>
  <testcase name="f" time="0.0" classname="testng.examples.threadpool.example.ThreadPoolExample"/>
  <testcase name="f" time="0.168" classname="testng.examples.threadpool.example.ThreadPoolExample"/>
  <testcase name="f" time="0.146" classname="testng.examples.threadpool.example.ThreadPoolExample"/>
  <testcase name="f" time="0.146" classname="testng.examples.threadpool.example.ThreadPoolExample"/>
  <testcase name="f" time="0.146" classname="testng.examples.threadpool.example.ThreadPoolExample"/>
  <testcase name="f" time="0.172" classname="testng.examples.threadpool.example.ThreadPoolExample"/>
  <testcase name="f" time="0.146" classname="testng.examples.threadpool.example.ThreadPoolExample"/>
  <testcase name="f" time="0.145" classname="testng.examples.threadpool.example.ThreadPoolExample"/>
  <testcase name="f" time="0.144" classname="testng.examples.threadpool.example.ThreadPoolExample"/>
  <testcase name="f" time="0.143" classname="testng.examples.threadpool.example.ThreadPoolExample"/>
  <testcase name="f" time="0.14" classname="testng.examples.threadpool.example.ThreadPoolExample"/>
  <testcase name="f" time="0.139" classname="testng.examples.threadpool.example.ThreadPoolExample"/>
  <testcase name="f" time="0.136" classname="testng.examples.threadpool.example.ThreadPoolExample"/>
  <testcase name="f" time="0.136" classname="testng.examples.threadpool.example.ThreadPoolExample"/>
  <testcase name="f" time="0.177" classname="testng.examples.threadpool.example.ThreadPoolExample"/>
  <testcase name="f" time="0.124" classname="testng.examples.threadpool.example.ThreadPoolExample"/>
  <testcase name="f" time="0.121" classname="testng.examples.threadpool.example.ThreadPoolExample"/>
  <testcase name="f" time="0.115" classname="testng.examples.threadpool.example.ThreadPoolExample"/>
  <testcase name="f" time="0.113" classname="testng.examples.threadpool.example.ThreadPoolExample"/>
  <testcase name="f" time="0.111" classname="testng.examples.threadpool.example.ThreadPoolExample"/>
  <testcase name="f" time="0.105" classname="testng.examples.threadpool.example.ThreadPoolExample"/>
  <testcase name="f" time="0.177" classname="testng.examples.threadpool.example.ThreadPoolExample"/>
  <testcase name="f" time="0.103" classname="testng.examples.threadpool.example.ThreadPoolExample"/>
  <testcase name="f" time="0.099" classname="testng.examples.threadpool.example.ThreadPoolExample"/>
  <testcase name="f" time="0.099" classname="testng.examples.threadpool.example.ThreadPoolExample"/>
  <testcase name="f" time="0.098" classname="testng.examples.threadpool.example.ThreadPoolExample"/>
  <testcase name="f" time="0.183" classname="testng.examples.threadpool.example.ThreadPoolExample"/>
  <testcase name="f" time="0.1" classname="testng.examples.threadpool.example.ThreadPoolExample"/>
  <testcase name="f" time="0.1" classname="testng.examples.threadpool.example.ThreadPoolExample"/>
  <testcase name="f" time="0.101" classname="testng.examples.threadpool.example.ThreadPoolExample"/>
  <testcase name="f" time="0.101" classname="testng.examples.threadpool.example.ThreadPoolExample"/>
  <testcase name="f" time="0.099" classname="testng.examples.threadpool.example.ThreadPoolExample"/>
  <testcase name="f" time="0.097" classname="testng.examples.threadpool.example.ThreadPoolExample"/>
  <testcase name="f" time="0.187" classname="testng.examples.threadpool.example.ThreadPoolExample"/>
  <testcase name="f" time="0.096" classname="testng.examples.threadpool.example.ThreadPoolExample"/>
  <testcase name="f" time="0.096" classname="testng.examples.threadpool.example.ThreadPoolExample"/>
  <testcase name="f" time="0.095" classname="testng.examples.threadpool.example.ThreadPoolExample"/>
  <testcase name="f" time="0.096" classname="testng.examples.threadpool.example.ThreadPoolExample"/>
  <testcase name="f" time="0.189" classname="testng.examples.threadpool.example.ThreadPoolExample"/>
  <testcase name="f" time="0.084" classname="testng.examples.threadpool.example.ThreadPoolExample"/>
  <testcase name="f" time="0.082" classname="testng.examples.threadpool.example.ThreadPoolExample"/>
  <testcase name="f" time="0.083" classname="testng.examples.threadpool.example.ThreadPoolExample"/>
  <testcase name="f" time="0.104" classname="testng.examples.threadpool.example.ThreadPoolExample"/>
  <testcase name="f" time="0.105" classname="testng.examples.threadpool.example.ThreadPoolExample"/>
  <testcase name="f" time="0.106" classname="testng.examples.threadpool.example.ThreadPoolExample"/>
  <testcase name="f" time="0.105" classname="testng.examples.threadpool.example.ThreadPoolExample"/>
  <testcase name="f" time="0.105" classname="testng.examples.threadpool.example.ThreadPoolExample"/>
  <testcase name="f" time="0.104" classname="testng.examples.threadpool.example.ThreadPoolExample"/>
  <testcase name="f" time="0.105" classname="testng.examples.threadpool.example.ThreadPoolExample"/>
  <testcase name="f" time="0.105" classname="testng.examples.threadpool.example.ThreadPoolExample"/>
  <testcase name="f" time="0.104" classname="testng.examples.threadpool.example.ThreadPoolExample"/>
  <testcase name="f" time="0.103" classname="testng.examples.threadpool.example.ThreadPoolExample"/>
  <testcase name="f" time="0.103" classname="testng.examples.threadpool.example.ThreadPoolExample"/>
  <testcase name="f" time="0.103" classname="testng.examples.threadpool.example.ThreadPoolExample"/>
  <testcase name="f" time="0.103" classname="testng.examples.threadpool.example.ThreadPoolExample"/>
  <testcase name="f" time="0.102" classname="testng.examples.threadpool.example.ThreadPoolExample"/>
  <testcase name="f" time="0.101" classname="testng.examples.threadpool.example.ThreadPoolExample"/>
  <testcase name="f" time="0.1" classname="testng.examples.threadpool.example.ThreadPoolExample"/>
  <testcase name="f" time="0.099" classname="testng.examples.threadpool.example.ThreadPoolExample"/>
  <testcase name="f" time="0.099" classname="testng.examples.threadpool.example.ThreadPoolExample"/>
  <testcase name="f" time="0.1" classname="testng.examples.threadpool.example.ThreadPoolExample"/>
  <testcase name="f" time="0.109" classname="testng.examples.threadpool.example.ThreadPoolExample"/>
  <testcase name="f" time="0.115" classname="testng.examples.threadpool.example.ThreadPoolExample"/>
  <testcase name="f" time="0.126" classname="testng.examples.threadpool.example.ThreadPoolExample"/>
  <testcase name="f" time="0.124" classname="testng.examples.threadpool.example.ThreadPoolExample"/>
  <testcase name="f" time="0.122" classname="testng.examples.threadpool.example.ThreadPoolExample"/>
  <testcase name="f" time="0.122" classname="testng.examples.threadpool.example.ThreadPoolExample"/>
  <testcase name="f" time="0.12" classname="testng.examples.threadpool.example.ThreadPoolExample"/>
  <testcase name="f" time="0.123" classname="testng.examples.threadpool.example.ThreadPoolExample"/>
  <testcase name="f" time="0.122" classname="testng.examples.threadpool.example.ThreadPoolExample"/>
  <testcase name="f" time="0.121" classname="testng.examples.threadpool.example.ThreadPoolExample"/>
  <testcase name="f" time="0.12" classname="testng.examples.threadpool.example.ThreadPoolExample"/>
  <testcase name="f" time="0.119" classname="testng.examples.threadpool.example.ThreadPoolExample"/>
  <testcase name="f" time="0.102" classname="testng.examples.threadpool.example.ThreadPoolExample"/>
  <testcase name="f" time="0.101" classname="testng.examples.threadpool.example.ThreadPoolExample"/>
  <testcase name="f" time="0.102" classname="testng.examples.threadpool.example.ThreadPoolExample"/>
  <testcase name="f" time="0.101" classname="testng.examples.threadpool.example.ThreadPoolExample"/>
  <testcase name="f" time="0.109" classname="testng.examples.threadpool.example.ThreadPoolExample"/>
  <testcase name="f" time="0.117" classname="testng.examples.threadpool.example.ThreadPoolExample"/>
  <testcase name="f" time="0.117" classname="testng.examples.threadpool.example.ThreadPoolExample"/>
  <testcase name="f" time="0.117" classname="testng.examples.threadpool.example.ThreadPoolExample"/>
  <testcase name="f" time="0.119" classname="testng.examples.threadpool.example.ThreadPoolExample"/>
  <testcase name="f" time="0.119" classname="testng.examples.threadpool.example.ThreadPoolExample"/>
  <testcase name="f" time="0.12" classname="testng.examples.threadpool.example.ThreadPoolExample"/>
  <testcase name="f" time="0.122" classname="testng.examples.threadpool.example.ThreadPoolExample"/>
  <testcase name="f" time="0.121" classname="testng.examples.threadpool.example.ThreadPoolExample"/>
  <testcase name="f" time="0.121" classname="testng.examples.threadpool.example.ThreadPoolExample"/>
  <testcase name="f" time="0.121" classname="testng.examples.threadpool.example.ThreadPoolExample"/>
  <testcase name="f" time="0.12" classname="testng.examples.threadpool.example.ThreadPoolExample"/>
  <testcase name="f" time="0.112" classname="testng.examples.threadpool.example.ThreadPoolExample"/>
  <testcase name="f" time="0.109" classname="testng.examples.threadpool.example.ThreadPoolExample"/>
  <testcase name="f" time="0.127" classname="testng.examples.threadpool.example.ThreadPoolExample"/>
  <testcase name="f" time="0.105" classname="testng.examples.threadpool.example.ThreadPoolExample"/>
  <testcase name="f" time="0.114" classname="testng.examples.threadpool.example.ThreadPoolExample"/>
  <testcase name="f" time="0.114" classname="testng.examples.threadpool.example.ThreadPoolExample"/>
  <testcase name="f" time="0.0" classname="testng.examples.threadpool.example.ThreadPoolExample"/>
  <testcase name="f" time="0.118" classname="testng.examples.threadpool.example.ThreadPoolExample"/>
  <testcase name="f" time="0.233" classname="testng.examples.threadpool.example.ThreadPoolExample"/>
  <testcase name="f" time="0.119" classname="testng.examples.threadpool.example.ThreadPoolExample"/>
  <testcase name="f" time="0.243" classname="testng.examples.threadpool.example.ThreadPoolExample"/>
  <testcase name="f" time="0.243" classname="testng.examples.threadpool.example.ThreadPoolExample"/>
  <testcase name="f" time="0.245" classname="testng.examples.threadpool.example.ThreadPoolExample"/>
  <testcase name="f" time="0.249" classname="testng.examples.threadpool.example.ThreadPoolExample"/>
  <testcase name="f" time="0.123" classname="testng.examples.threadpool.example.ThreadPoolExample"/>
  <testcase name="f" time="0.258" classname="testng.examples.threadpool.example.ThreadPoolExample"/>
  <testcase name="f" time="0.132" classname="testng.examples.threadpool.example.ThreadPoolExample"/>
  <testcase name="f" time="0.151" classname="testng.examples.threadpool.example.ThreadPoolExample"/>
  <testcase name="f" time="0.154" classname="testng.examples.threadpool.example.ThreadPoolExample"/>
  <testcase name="f" time="0.155" classname="testng.examples.threadpool.example.ThreadPoolExample"/>
  <testcase name="f" time="0.156" classname="testng.examples.threadpool.example.ThreadPoolExample"/>
  <testcase name="f" time="0.159" classname="testng.examples.threadpool.example.ThreadPoolExample"/>
  <testcase name="f" time="0.159" classname="testng.examples.threadpool.example.ThreadPoolExample"/>
  <testcase name="f" time="0.16" classname="testng.examples.threadpool.example.ThreadPoolExample"/>
  <testcase name="f" time="0.163" classname="testng.examples.threadpool.example.ThreadPoolExample"/>
  <testcase name="f" time="0.15" classname="testng.examples.threadpool.example.ThreadPoolExample"/>
  <testcase name="f" time="0.156" classname="testng.examples.threadpool.example.ThreadPoolExample"/>
  <testcase name="f" time="0.129" classname="testng.examples.threadpool.example.ThreadPoolExample"/>
  <testcase name="f" time="0.129" classname="testng.examples.threadpool.example.ThreadPoolExample"/>
  <testcase name="f" time="0.131" classname="testng.examples.threadpool.example.ThreadPoolExample"/>
  <testcase name="f" time="0.151" classname="testng.examples.threadpool.example.ThreadPoolExample"/>
  <testcase name="f" time="0.153" classname="testng.examples.threadpool.example.ThreadPoolExample"/>
  <testcase name="f" time="0.161" classname="testng.examples.threadpool.example.ThreadPoolExample"/>
  <testcase name="f" time="0.162" classname="testng.examples.threadpool.example.ThreadPoolExample"/>
  <testcase name="f" time="0.166" classname="testng.examples.threadpool.example.ThreadPoolExample"/>
  <testcase name="f" time="0.167" classname="testng.examples.threadpool.example.ThreadPoolExample"/>
  <testcase name="f" time="0.165" classname="testng.examples.threadpool.example.ThreadPoolExample"/>
  <testcase name="f" time="0.168" classname="testng.examples.threadpool.example.ThreadPoolExample"/>
  <testcase name="f" time="0.169" classname="testng.examples.threadpool.example.ThreadPoolExample"/>
  <testcase name="f" time="0.169" classname="testng.examples.threadpool.example.ThreadPoolExample"/>
  <testcase name="f" time="0.175" classname="testng.examples.threadpool.example.ThreadPoolExample"/>
  <testcase name="f" time="0.178" classname="testng.examples.threadpool.example.ThreadPoolExample"/>
  <testcase name="f" time="0.177" classname="testng.examples.threadpool.example.ThreadPoolExample"/>
  <testcase name="f" time="0.188" classname="testng.examples.threadpool.example.ThreadPoolExample"/>
  <testcase name="f" time="0.189" classname="testng.examples.threadpool.example.ThreadPoolExample"/>
  <testcase name="f" time="0.19" classname="testng.examples.threadpool.example.ThreadPoolExample"/>
  <testcase name="f" time="0.191" classname="testng.examples.threadpool.example.ThreadPoolExample"/>
  <testcase name="f" time="0.192" classname="testng.examples.threadpool.example.ThreadPoolExample"/>
  <testcase name="f" time="0.193" classname="testng.examples.threadpool.example.ThreadPoolExample"/>
  <testcase name="f" time="0.192" classname="testng.examples.threadpool.example.ThreadPoolExample"/>
  <testcase name="f" time="0.193" classname="testng.examples.threadpool.example.ThreadPoolExample"/>
  <testcase name="f" time="0.196" classname="testng.examples.threadpool.example.ThreadPoolExample"/>
  <testcase name="f" time="0.198" classname="testng.examples.threadpool.example.ThreadPoolExample"/>
  <testcase name="f" time="0.2" classname="testng.examples.threadpool.example.ThreadPoolExample"/>
  <testcase name="f" time="0.202" classname="testng.examples.threadpool.example.ThreadPoolExample"/>
  <testcase name="f" time="0.205" classname="testng.examples.threadpool.example.ThreadPoolExample"/>
  <testcase name="f" time="0.206" classname="testng.examples.threadpool.example.ThreadPoolExample"/>
  <testcase name="f" time="0.211" classname="testng.examples.threadpool.example.ThreadPoolExample"/>
  <testcase name="f" time="0.22" classname="testng.examples.threadpool.example.ThreadPoolExample"/>
  <testcase name="f" time="0.254" classname="testng.examples.threadpool.example.ThreadPoolExample"/>
  <testcase name="f" time="0.258" classname="testng.examples.threadpool.example.ThreadPoolExample"/>
  <testcase name="f" time="0.259" classname="testng.examples.threadpool.example.ThreadPoolExample"/>
  <testcase name="f" time="0.275" classname="testng.examples.threadpool.example.ThreadPoolExample"/>
  <testcase name="f" time="0.282" classname="testng.examples.threadpool.example.ThreadPoolExample"/>
  <testcase name="f" time="0.282" classname="testng.examples.threadpool.example.ThreadPoolExample"/>
  <testcase name="f" time="0.281" classname="testng.examples.threadpool.example.ThreadPoolExample"/>
  <testcase name="f" time="0.281" classname="testng.examples.threadpool.example.ThreadPoolExample"/>
  <testcase name="f" time="0.281" classname="testng.examples.threadpool.example.ThreadPoolExample"/>
  <testcase name="f" time="0.283" classname="testng.examples.threadpool.example.ThreadPoolExample"/>
  <testcase name="f" time="0.288" classname="testng.examples.threadpool.example.ThreadPoolExample"/>
  <testcase name="f" time="0.141" classname="testng.examples.threadpool.example.ThreadPoolExample"/>
  <testcase name="f" time="0.141" classname="testng.examples.threadpool.example.ThreadPoolExample"/>
  <testcase name="f" time="0.14" classname="testng.examples.threadpool.example.ThreadPoolExample"/>
  <testcase name="f" time="0.272" classname="testng.examples.threadpool.example.ThreadPoolExample"/>
  <testcase name="f" time="0.141" classname="testng.examples.threadpool.example.ThreadPoolExample"/>
  <testcase name="f" time="0.136" classname="testng.examples.threadpool.example.ThreadPoolExample"/>
  <testcase name="f" time="0.135" classname="testng.examples.threadpool.example.ThreadPoolExample"/>
  <testcase name="f" time="0.276" classname="testng.examples.threadpool.example.ThreadPoolExample"/>
  <testcase name="f" time="0.135" classname="testng.examples.threadpool.example.ThreadPoolExample"/>
  <testcase name="f" time="0.135" classname="testng.examples.threadpool.example.ThreadPoolExample"/>
  <testcase name="f" time="0.138" classname="testng.examples.threadpool.example.ThreadPoolExample"/>
  <testcase name="f" time="0.137" classname="testng.examples.threadpool.example.ThreadPoolExample"/>
  <testcase name="f" time="0.137" classname="testng.examples.threadpool.example.ThreadPoolExample"/>
  <testcase name="f" time="0.134" classname="testng.examples.threadpool.example.ThreadPoolExample"/>
  <testcase name="f" time="0.13" classname="testng.examples.threadpool.example.ThreadPoolExample"/>
  <testcase name="f" time="0.129" classname="testng.examples.threadpool.example.ThreadPoolExample"/>
  <testcase name="f" time="0.128" classname="testng.examples.threadpool.example.ThreadPoolExample"/>
  <testcase name="f" time="0.127" classname="testng.examples.threadpool.example.ThreadPoolExample"/>
  <testcase name="f" time="0.126" classname="testng.examples.threadpool.example.ThreadPoolExample"/>
  <testcase name="f" time="0.126" classname="testng.examples.threadpool.example.ThreadPoolExample"/>
  <testcase name="f" time="0.124" classname="testng.examples.threadpool.example.ThreadPoolExample"/>
  <testcase name="f" time="0.124" classname="testng.examples.threadpool.example.ThreadPoolExample"/>
  <testcase name="f" time="0.112" classname="testng.examples.threadpool.example.ThreadPoolExample"/>
  <testcase name="f" time="0.112" classname="testng.examples.threadpool.example.ThreadPoolExample"/>
  <testcase name="f" time="0.111" classname="testng.examples.threadpool.example.ThreadPoolExample"/>
  <testcase name="f" time="0.11" classname="testng.examples.threadpool.example.ThreadPoolExample"/>
  <testcase name="f" time="0.11" classname="testng.examples.threadpool.example.ThreadPoolExample"/>
  <testcase name="f" time="0.109" classname="testng.examples.threadpool.example.ThreadPoolExample"/>
  <testcase name="f" time="0.108" classname="testng.examples.threadpool.example.ThreadPoolExample"/>
  <testcase name="f" time="0.107" classname="testng.examples.threadpool.example.ThreadPoolExample"/>
  <testcase name="f" time="0.107" classname="testng.examples.threadpool.example.ThreadPoolExample"/>
  <testcase name="f" time="0.106" classname="testng.examples.threadpool.example.ThreadPoolExample"/>
  <testcase name="f" time="0.106" classname="testng.examples.threadpool.example.ThreadPoolExample"/>
  <testcase name="f" time="0.106" classname="testng.examples.threadpool.example.ThreadPoolExample"/>
  <testcase name="f" time="0.105" classname="testng.examples.threadpool.example.ThreadPoolExample"/>
  <testcase name="f" time="0.104" classname="testng.examples.threadpool.example.ThreadPoolExample"/>
  <testcase name="f" time="0.104" classname="testng.examples.threadpool.example.ThreadPoolExample"/>
  <testcase name="f" time="0.103" classname="testng.examples.threadpool.example.ThreadPoolExample"/>
  <testcase name="f" time="0.251" classname="testng.examples.threadpool.example.ThreadPoolExample"/>
  <testcase name="f" time="0.252" classname="testng.examples.threadpool.example.ThreadPoolExample"/>
  <testcase name="f" time="0.252" classname="testng.examples.threadpool.example.ThreadPoolExample"/>
  <testcase name="f" time="0.253" classname="testng.examples.threadpool.example.ThreadPoolExample"/>
  <testcase name="f" time="0.255" classname="testng.examples.threadpool.example.ThreadPoolExample"/>
  <testcase name="f" time="0.256" classname="testng.examples.threadpool.example.ThreadPoolExample"/>
  <testcase name="f" time="0.294" classname="testng.examples.threadpool.example.ThreadPoolExample"/>
  <testcase name="f" time="0.305" classname="testng.examples.threadpool.example.ThreadPoolExample"/>
  <testcase name="f" time="0.307" classname="testng.examples.threadpool.example.ThreadPoolExample"/>
  <testcase name="f" time="0.308" classname="testng.examples.threadpool.example.ThreadPoolExample"/>
  <testcase name="f" time="0.308" classname="testng.examples.threadpool.example.ThreadPoolExample"/>
  <testcase name="f" time="0.279" classname="testng.examples.threadpool.example.ThreadPoolExample"/>
  <testcase name="f" time="0.237" classname="testng.examples.threadpool.example.ThreadPoolExample"/>
  <testcase name="f" time="0.236" classname="testng.examples.threadpool.example.ThreadPoolExample"/>
  <testcase name="f" time="0.237" classname="testng.examples.threadpool.example.ThreadPoolExample"/>
  <testcase name="f" time="0.238" classname="testng.examples.threadpool.example.ThreadPoolExample"/>
  <testcase name="f" time="0.239" classname="testng.examples.threadpool.example.ThreadPoolExample"/>
  <testcase name="f" time="0.238" classname="testng.examples.threadpool.example.ThreadPoolExample"/>
  <testcase name="f" time="0.239" classname="testng.examples.threadpool.example.ThreadPoolExample"/>
  <testcase name="f" time="0.244" classname="testng.examples.threadpool.example.ThreadPoolExample"/>
  <testcase name="f" time="0.242" classname="testng.examples.threadpool.example.ThreadPoolExample"/>
  <testcase name="f" time="0.242" classname="testng.examples.threadpool.example.ThreadPoolExample"/>
  <testcase name="f" time="0.242" classname="testng.examples.threadpool.example.ThreadPoolExample"/>
  <testcase name="f" time="0.245" classname="testng.examples.threadpool.example.ThreadPoolExample"/>
  <testcase name="f" time="0.245" classname="testng.examples.threadpool.example.ThreadPoolExample"/>
  <testcase name="f" time="0.245" classname="testng.examples.threadpool.example.ThreadPoolExample"/>
  <testcase name="f" time="0.244" classname="testng.examples.threadpool.example.ThreadPoolExample"/>
  <testcase name="f" time="0.244" classname="testng.examples.threadpool.example.ThreadPoolExample"/>
  <testcase name="f" time="0.244" classname="testng.examples.threadpool.example.ThreadPoolExample"/>
  <testcase name="f" time="0.245" classname="testng.examples.threadpool.example.ThreadPoolExample"/>
  <testcase name="f" time="0.247" classname="testng.examples.threadpool.example.ThreadPoolExample"/>
  <testcase name="f" time="0.132" classname="testng.examples.threadpool.example.ThreadPoolExample"/>
  <testcase name="f" time="0.248" classname="testng.examples.threadpool.example.ThreadPoolExample"/>
  <testcase name="f" time="0.122" classname="testng.examples.threadpool.example.ThreadPoolExample"/>
  <testcase name="f" time="0.119" classname="testng.examples.threadpool.example.ThreadPoolExample"/>
  <testcase name="f" time="0.115" classname="testng.examples.threadpool.example.ThreadPoolExample"/>
  <testcase name="f" time="0.25" classname="testng.examples.threadpool.example.ThreadPoolExample"/>
  <testcase name="f" time="0.113" classname="testng.examples.threadpool.example.ThreadPoolExample"/>
  <testcase name="f" time="0.111" classname="testng.examples.threadpool.example.ThreadPoolExample"/>
  <testcase name="f" time="0.11" classname="testng.examples.threadpool.example.ThreadPoolExample"/>
  <testcase name="f" time="0.109" classname="testng.examples.threadpool.example.ThreadPoolExample"/>
  <testcase name="f" time="0.108" classname="testng.examples.threadpool.example.ThreadPoolExample"/>
  <testcase name="f" time="0.107" classname="testng.examples.threadpool.example.ThreadPoolExample"/>
  <testcase name="f" time="0.107" classname="testng.examples.threadpool.example.ThreadPoolExample"/>
  <testcase name="f" time="0.249" classname="testng.examples.threadpool.example.ThreadPoolExample"/>
  <testcase name="f" time="0.105" classname="testng.examples.threadpool.example.ThreadPoolExample"/>
  <testcase name="f" time="0.105" classname="testng.examples.threadpool.example.ThreadPoolExample"/>
  <testcase name="f" time="0.249" classname="testng.examples.threadpool.example.ThreadPoolExample"/>
  <testcase name="f" time="0.249" classname="testng.examples.threadpool.example.ThreadPoolExample"/>
  <testcase name="f" time="0.099" classname="testng.examples.threadpool.example.ThreadPoolExample"/>
  <testcase name="f" time="0.098" classname="testng.examples.threadpool.example.ThreadPoolExample"/>
  <testcase name="f" time="0.097" classname="testng.examples.threadpool.example.ThreadPoolExample"/>
  <testcase name="f" time="0.095" classname="testng.examples.threadpool.example.ThreadPoolExample"/>
  <testcase name="f" time="0.094" classname="testng.examples.threadpool.example.ThreadPoolExample"/>
  <testcase name="f" time="0.093" classname="testng.examples.threadpool.example.ThreadPoolExample"/>
  <testcase name="f" time="0.093" classname="testng.examples.threadpool.example.ThreadPoolExample"/>
  <testcase name="f" time="0.081" classname="testng.examples.threadpool.example.ThreadPoolExample"/>
  <testcase name="f" time="0.075" classname="testng.examples.threadpool.example.ThreadPoolExample"/>
  <testcase name="f" time="0.072" classname="testng.examples.threadpool.example.ThreadPoolExample"/>
  <testcase name="f" time="0.071" classname="testng.examples.threadpool.example.ThreadPoolExample"/>
  <testcase name="f" time="0.068" classname="testng.examples.threadpool.example.ThreadPoolExample"/>
  <testcase name="f" time="0.081" classname="testng.examples.threadpool.example.ThreadPoolExample"/>
  <testcase name="f" time="0.12" classname="testng.examples.threadpool.example.ThreadPoolExample"/>
  <testcase name="f" time="0.12" classname="testng.examples.threadpool.example.ThreadPoolExample"/>
  <testcase name="f" time="0.118" classname="testng.examples.threadpool.example.ThreadPoolExample"/>
  <testcase name="f" time="0.118" classname="testng.examples.threadpool.example.ThreadPoolExample"/>
  <testcase name="f" time="0.117" classname="testng.examples.threadpool.example.ThreadPoolExample"/>
  <testcase name="f" time="0.117" classname="testng.examples.threadpool.example.ThreadPoolExample"/>
  <testcase name="f" time="0.11" classname="testng.examples.threadpool.example.ThreadPoolExample"/>
  <testcase name="f" time="0.11" classname="testng.examples.threadpool.example.ThreadPoolExample"/>
  <testcase name="f" time="0.107" classname="testng.examples.threadpool.example.ThreadPoolExample"/>
  <testcase name="f" time="0.106" classname="testng.examples.threadpool.example.ThreadPoolExample"/>
  <testcase name="f" time="0.104" classname="testng.examples.threadpool.example.ThreadPoolExample"/>
  <testcase name="f" time="0.103" classname="testng.examples.threadpool.example.ThreadPoolExample"/>
  <testcase name="f" time="0.103" classname="testng.examples.threadpool.example.ThreadPoolExample"/>
  <testcase name="f" time="0.103" classname="testng.examples.threadpool.example.ThreadPoolExample"/>
  <testcase name="f" time="0.102" classname="testng.examples.threadpool.example.ThreadPoolExample"/>
  <testcase name="f" time="0.102" classname="testng.examples.threadpool.example.ThreadPoolExample"/>
  <testcase name="f" time="0.101" classname="testng.examples.threadpool.example.ThreadPoolExample"/>
  <testcase name="f" time="0.102" classname="testng.examples.threadpool.example.ThreadPoolExample"/>
  <testcase name="f" time="0.102" classname="testng.examples.threadpool.example.ThreadPoolExample"/>
  <testcase name="f" time="0.101" classname="testng.examples.threadpool.example.ThreadPoolExample"/>
  <testcase name="f" time="0.1" classname="testng.examples.threadpool.example.ThreadPoolExample"/>
  <testcase name="f" time="0.1" classname="testng.examples.threadpool.example.ThreadPoolExample"/>
  <testcase name="f" time="0.184" classname="testng.examples.threadpool.example.ThreadPoolExample"/>
  <testcase name="f" time="0.11" classname="testng.examples.threadpool.example.ThreadPoolExample"/>
  <testcase name="f" time="0.11" classname="testng.examples.threadpool.example.ThreadPoolExample"/>
  <testcase name="f" time="0.112" classname="testng.examples.threadpool.example.ThreadPoolExample"/>
  <testcase name="f" time="0.112" classname="testng.examples.threadpool.example.ThreadPoolExample"/>
  <testcase name="f" time="0.112" classname="testng.examples.threadpool.example.ThreadPoolExample"/>
  <testcase name="f" time="0.112" classname="testng.examples.threadpool.example.ThreadPoolExample"/>
  <testcase name="f" time="0.112" classname="testng.examples.threadpool.example.ThreadPoolExample"/>
  <testcase name="f" time="0.107" classname="testng.examples.threadpool.example.ThreadPoolExample"/>
  <testcase name="f" time="0.107" classname="testng.examples.threadpool.example.ThreadPoolExample"/>
  <testcase name="f" time="0.107" classname="testng.examples.threadpool.example.ThreadPoolExample"/>
  <testcase name="f" time="0.107" classname="testng.examples.threadpool.example.ThreadPoolExample"/>
  <testcase name="f" time="0.108" classname="testng.examples.threadpool.example.ThreadPoolExample"/>
  <testcase name="f" time="0.108" classname="testng.examples.threadpool.example.ThreadPoolExample"/>
  <testcase name="f" time="0.108" classname="testng.examples.threadpool.example.ThreadPoolExample"/>
  <testcase name="f" time="0.108" classname="testng.examples.threadpool.example.ThreadPoolExample"/>
  <testcase name="f" time="0.109" classname="testng.examples.threadpool.example.ThreadPoolExample"/>
  <testcase name="f" time="0.109" classname="testng.examples.threadpool.example.ThreadPoolExample"/>
  <testcase name="f" time="0.109" classname="testng.examples.threadpool.example.ThreadPoolExample"/>
  <testcase name="f" time="0.11" classname="testng.examples.threadpool.example.ThreadPoolExample"/>
  <testcase name="f" time="0.111" classname="testng.examples.threadpool.example.ThreadPoolExample"/>
  <testcase name="f" time="0.117" classname="testng.examples.threadpool.example.ThreadPoolExample"/>
  <testcase name="f" time="0.118" classname="testng.examples.threadpool.example.ThreadPoolExample"/>
  <testcase name="f" time="0.12" classname="testng.examples.threadpool.example.ThreadPoolExample"/>
  <testcase name="f" time="0.121" classname="testng.examples.threadpool.example.ThreadPoolExample"/>
  <testcase name="f" time="0.111" classname="testng.examples.threadpool.example.ThreadPoolExample"/>
  <testcase name="f" time="0.117" classname="testng.examples.threadpool.example.ThreadPoolExample"/>
  <testcase name="f" time="0.099" classname="testng.examples.threadpool.example.ThreadPoolExample"/>
  <testcase name="f" time="0.087" classname="testng.examples.threadpool.example.ThreadPoolExample"/>
  <testcase name="f" time="0.086" classname="testng.examples.threadpool.example.ThreadPoolExample"/>
  <testcase name="f" time="0.088" classname="testng.examples.threadpool.example.ThreadPoolExample"/>
  <testcase name="f" time="0.088" classname="testng.examples.threadpool.example.ThreadPoolExample"/>
  <testcase name="f" time="0.089" classname="testng.examples.threadpool.example.ThreadPoolExample"/>
  <testcase name="f" time="0.001" classname="testng.examples.threadpool.example.ThreadPoolExample"/>
  <testcase name="f" time="0.088" classname="testng.examples.threadpool.example.ThreadPoolExample"/>
  <testcase name="f" time="0.089" classname="testng.examples.threadpool.example.ThreadPoolExample"/>
  <testcase name="f" time="0.092" classname="testng.examples.threadpool.example.ThreadPoolExample"/>
  <testcase name="f" time="0.094" classname="testng.examples.threadpool.example.ThreadPoolExample"/>
  <testcase name="f" time="0.094" classname="testng.examples.threadpool.example.ThreadPoolExample"/>
  <testcase name="f" time="0.095" classname="testng.examples.threadpool.example.ThreadPoolExample"/>
  <testcase name="f" time="0.095" classname="testng.examples.threadpool.example.ThreadPoolExample"/>
  <testcase name="f" time="0.095" classname="testng.examples.threadpool.example.ThreadPoolExample"/>
  <testcase name="f" time="0.09" classname="testng.examples.threadpool.example.ThreadPoolExample"/>
  <testcase name="f" time="0.09" classname="testng.examples.threadpool.example.ThreadPoolExample"/>
  <testcase name="f" time="0.09" classname="testng.examples.threadpool.example.ThreadPoolExample"/>
  <testcase name="f" time="0.09" classname="testng.examples.threadpool.example.ThreadPoolExample"/>
  <testcase name="f" time="0.091" classname="testng.examples.threadpool.example.ThreadPoolExample"/>
  <testcase name="f" time="0.091" classname="testng.examples.threadpool.example.ThreadPoolExample"/>
  <testcase name="f" time="0.091" classname="testng.examples.threadpool.example.ThreadPoolExample"/>
  <testcase name="f" time="0.092" classname="testng.examples.threadpool.example.ThreadPoolExample"/>
  <testcase name="f" time="0.093" classname="testng.examples.threadpool.example.ThreadPoolExample"/>
  <testcase name="f" time="0.088" classname="testng.examples.threadpool.example.ThreadPoolExample"/>
  <testcase name="f" time="0.091" classname="testng.examples.threadpool.example.ThreadPoolExample"/>
  <testcase name="f" time="0.093" classname="testng.examples.threadpool.example.ThreadPoolExample"/>
  <testcase name="f" time="0.0" classname="testng.examples.threadpool.example.ThreadPoolExample"/>
  <testcase name="f" time="0.093" classname="testng.examples.threadpool.example.ThreadPoolExample"/>
  <testcase name="f" time="0.097" classname="testng.examples.threadpool.example.ThreadPoolExample"/>
  <testcase name="f" time="0.097" classname="testng.examples.threadpool.example.ThreadPoolExample"/>
  <testcase name="f" time="0.124" classname="testng.examples.threadpool.example.ThreadPoolExample"/>
  <testcase name="f" time="0.126" classname="testng.examples.threadpool.example.ThreadPoolExample"/>
  <testcase name="f" time="0.186" classname="testng.examples.threadpool.example.ThreadPoolExample"/>
  <testcase name="f" time="0.186" classname="testng.examples.threadpool.example.ThreadPoolExample"/>
  <testcase name="f" time="0.181" classname="testng.examples.threadpool.example.ThreadPoolExample"/>
  <testcase name="f" time="0.182" classname="testng.examples.threadpool.example.ThreadPoolExample"/>
  <testcase name="f" time="0.182" classname="testng.examples.threadpool.example.ThreadPoolExample"/>
  <testcase name="f" time="0.182" classname="testng.examples.threadpool.example.ThreadPoolExample"/>
  <testcase name="f" time="0.182" classname="testng.examples.threadpool.example.ThreadPoolExample"/>
  <testcase name="f" time="0.186" classname="testng.examples.threadpool.example.ThreadPoolExample"/>
  <testcase name="f" time="0.186" classname="testng.examples.threadpool.example.ThreadPoolExample"/>
  <testcase name="f" time="0.188" classname="testng.examples.threadpool.example.ThreadPoolExample"/>
  <testcase name="f" time="0.189" classname="testng.examples.threadpool.example.ThreadPoolExample"/>
  <testcase name="f" time="0.19" classname="testng.examples.threadpool.example.ThreadPoolExample"/>
  <testcase name="f" time="0.191" classname="testng.examples.threadpool.example.ThreadPoolExample"/>
  <testcase name="f" time="0.188" classname="testng.examples.threadpool.example.ThreadPoolExample"/>
  <testcase name="f" time="0.188" classname="testng.examples.threadpool.example.ThreadPoolExample"/>
  <testcase name="f" time="0.186" classname="testng.examples.threadpool.example.ThreadPoolExample"/>
  <testcase name="f" time="0.186" classname="testng.examples.threadpool.example.ThreadPoolExample"/>
  <testcase name="f" time="0.186" classname="testng.examples.threadpool.example.ThreadPoolExample"/>
  <testcase name="f" time="0.186" classname="testng.examples.threadpool.example.ThreadPoolExample"/>
  <testcase name="f" time="0.165" classname="testng.examples.threadpool.example.ThreadPoolExample"/>
  <testcase name="f" time="0.219" classname="testng.examples.threadpool.example.ThreadPoolExample"/>
  <testcase name="f" time="0.22" classname="testng.examples.threadpool.example.ThreadPoolExample"/>
  <testcase name="f" time="0.221" classname="testng.examples.threadpool.example.ThreadPoolExample"/>
  <testcase name="f" time="0.222" classname="testng.examples.threadpool.example.ThreadPoolExample"/>
  <testcase name="f" time="0.221" classname="testng.examples.threadpool.example.ThreadPoolExample"/>
  <testcase name="f" time="0.221" classname="testng.examples.threadpool.example.ThreadPoolExample"/>
  <testcase name="f" time="0.221" classname="testng.examples.threadpool.example.ThreadPoolExample"/>
  <testcase name="f" time="0.22" classname="testng.examples.threadpool.example.ThreadPoolExample"/>
  <testcase name="f" time="0.225" classname="testng.examples.threadpool.example.ThreadPoolExample"/>
  <testcase name="f" time="0.227" classname="testng.examples.threadpool.example.ThreadPoolExample"/>
  <testcase name="f" time="0.228" classname="testng.examples.threadpool.example.ThreadPoolExample"/>
  <testcase name="f" time="0.228" classname="testng.examples.threadpool.example.ThreadPoolExample"/>
  <testcase name="f" time="0.229" classname="testng.examples.threadpool.example.ThreadPoolExample"/>
  <testcase name="f" time="0.23" classname="testng.examples.threadpool.example.ThreadPoolExample"/>
  <testcase name="f" time="0.231" classname="testng.examples.threadpool.example.ThreadPoolExample"/>
  <testcase name="f" time="0.228" classname="testng.examples.threadpool.example.ThreadPoolExample"/>
  <testcase name="f" time="0.227" classname="testng.examples.threadpool.example.ThreadPoolExample"/>
  <testcase name="f" time="0.227" classname="testng.examples.threadpool.example.ThreadPoolExample"/>
  <testcase name="f" time="0.229" classname="testng.examples.threadpool.example.ThreadPoolExample"/>
  <testcase name="f" time="0.235" classname="testng.examples.threadpool.example.ThreadPoolExample"/>
  <testcase name="f" time="0.237" classname="testng.examples.threadpool.example.ThreadPoolExample"/>
  <testcase name="f" time="0.238" classname="testng.examples.threadpool.example.ThreadPoolExample"/>
  <testcase name="f" time="0.24" classname="testng.examples.threadpool.example.ThreadPoolExample"/>
  <testcase name="f" time="0.232" classname="testng.examples.threadpool.example.ThreadPoolExample"/>
  <testcase name="f" time="0.23" classname="testng.examples.threadpool.example.ThreadPoolExample"/>
  <testcase name="f" time="0.0" classname="testng.examples.threadpool.example.ThreadPoolExample"/>
  <testcase name="f" time="0.23" classname="testng.examples.threadpool.example.ThreadPoolExample"/>
  <testcase name="f" time="0.246" classname="testng.examples.threadpool.example.ThreadPoolExample"/>
  <testcase name="f" time="0.248" classname="testng.examples.threadpool.example.ThreadPoolExample"/>
  <testcase name="f" time="0.239" classname="testng.examples.threadpool.example.ThreadPoolExample"/>
  <testcase name="f" time="0.18" classname="testng.examples.threadpool.example.ThreadPoolExample"/>
  <testcase name="f" time="0.184" classname="testng.examples.threadpool.example.ThreadPoolExample"/>
  <testcase name="f" time="0.188" classname="testng.examples.threadpool.example.ThreadPoolExample"/>
  <testcase name="f" time="0.189" classname="testng.examples.threadpool.example.ThreadPoolExample"/>
  <testcase name="f" time="0.189" classname="testng.examples.threadpool.example.ThreadPoolExample"/>
  <testcase name="f" time="0.194" classname="testng.examples.threadpool.example.ThreadPoolExample"/>
  <testcase name="f" time="0.191" classname="testng.examples.threadpool.example.ThreadPoolExample"/>
  <testcase name="f" time="0.19" classname="testng.examples.threadpool.example.ThreadPoolExample"/>
  <testcase name="f" time="0.19" classname="testng.examples.threadpool.example.ThreadPoolExample"/>
  <testcase name="f" time="0.189" classname="testng.examples.threadpool.example.ThreadPoolExample"/>
  <testcase name="f" time="0.19" classname="testng.examples.threadpool.example.ThreadPoolExample"/>
  <testcase name="f" time="0.19" classname="testng.examples.threadpool.example.ThreadPoolExample"/>
  <testcase name="f" time="0.19" classname="testng.examples.threadpool.example.ThreadPoolExample"/>
  <testcase name="f" time="0.19" classname="testng.examples.threadpool.example.ThreadPoolExample"/>
  <testcase name="f" time="0.19" classname="testng.examples.threadpool.example.ThreadPoolExample"/>
  <testcase name="f" time="0.19" classname="testng.examples.threadpool.example.ThreadPoolExample"/>
  <testcase name="f" time="0.189" classname="testng.examples.threadpool.example.ThreadPoolExample"/>
  <testcase name="f" time="0.19" classname="testng.examples.threadpool.example.ThreadPoolExample"/>
  <testcase name="f" time="0.19" classname="testng.examples.threadpool.example.ThreadPoolExample"/>
  <testcase name="f" time="0.18" classname="testng.examples.threadpool.example.ThreadPoolExample"/>
  <testcase name="f" time="0.099" classname="testng.examples.threadpool.example.ThreadPoolExample"/>
  <testcase name="f" time="0.099" classname="testng.examples.threadpool.example.ThreadPoolExample"/>
  <testcase name="f" time="0.099" classname="testng.examples.threadpool.example.ThreadPoolExample"/>
  <testcase name="f" time="0.062" classname="testng.examples.threadpool.example.ThreadPoolExample"/>
  <testcase name="f" time="0.057" classname="testng.examples.threadpool.example.ThreadPoolExample"/>
  <testcase name="f" time="0.059" classname="testng.examples.threadpool.example.ThreadPoolExample"/>
  <testcase name="f" time="0.065" classname="testng.examples.threadpool.example.ThreadPoolExample"/>
  <testcase name="f" time="0.066" classname="testng.examples.threadpool.example.ThreadPoolExample"/>
  <testcase name="f" time="0.066" classname="testng.examples.threadpool.example.ThreadPoolExample"/>
  <testcase name="f" time="0.067" classname="testng.examples.threadpool.example.ThreadPoolExample"/>
  <testcase name="f" time="0.068" classname="testng.examples.threadpool.example.ThreadPoolExample"/>
  <testcase name="f" time="0.068" classname="testng.examples.threadpool.example.ThreadPoolExample"/>
  <testcase name="f" time="0.069" classname="testng.examples.threadpool.example.ThreadPoolExample"/>
  <testcase name="f" time="0.069" classname="testng.examples.threadpool.example.ThreadPoolExample"/>
  <testcase name="f" time="0.07" classname="testng.examples.threadpool.example.ThreadPoolExample"/>
  <testcase name="f" time="0.071" classname="testng.examples.threadpool.example.ThreadPoolExample"/>
  <testcase name="f" time="0.072" classname="testng.examples.threadpool.example.ThreadPoolExample"/>
  <testcase name="f" time="0.072" classname="testng.examples.threadpool.example.ThreadPoolExample"/>
  <testcase name="f" time="0.073" classname="testng.examples.threadpool.example.ThreadPoolExample"/>
  <testcase name="f" time="0.074" classname="testng.examples.threadpool.example.ThreadPoolExample"/>
  <testcase name="f" time="0.074" classname="testng.examples.threadpool.example.ThreadPoolExample"/>
  <testcase name="f" time="0.076" classname="testng.examples.threadpool.example.ThreadPoolExample"/>
  <testcase name="f" time="0.078" classname="testng.examples.threadpool.example.ThreadPoolExample"/>
  <testcase name="f" time="0.08" classname="testng.examples.threadpool.example.ThreadPoolExample"/>
  <testcase name="f" time="0.082" classname="testng.examples.threadpool.example.ThreadPoolExample"/>
  <testcase name="f" time="0.085" classname="testng.examples.threadpool.example.ThreadPoolExample"/>
  <testcase name="f" time="0.089" classname="testng.examples.threadpool.example.ThreadPoolExample"/>
  <testcase name="f" time="0.104" classname="testng.examples.threadpool.example.ThreadPoolExample"/>
  <testcase name="f" time="0.107" classname="testng.examples.threadpool.example.ThreadPoolExample"/>
  <testcase name="f" time="0.128" classname="testng.examples.threadpool.example.ThreadPoolExample"/>
  <testcase name="f" time="0.128" classname="testng.examples.threadpool.example.ThreadPoolExample"/>
  <testcase name="f" time="0.13" classname="testng.examples.threadpool.example.ThreadPoolExample"/>
  <testcase name="f" time="0.131" classname="testng.examples.threadpool.example.ThreadPoolExample"/>
  <testcase name="f" time="0.134" classname="testng.examples.threadpool.example.ThreadPoolExample"/>
  <testcase name="f" time="0.137" classname="testng.examples.threadpool.example.ThreadPoolExample"/>
  <testcase name="f" time="0.138" classname="testng.examples.threadpool.example.ThreadPoolExample"/>
  <testcase name="f" time="0.145" classname="testng.examples.threadpool.example.ThreadPoolExample"/>
  <testcase name="f" time="0.147" classname="testng.examples.threadpool.example.ThreadPoolExample"/>
  <testcase name="f" time="0.147" classname="testng.examples.threadpool.example.ThreadPoolExample"/>
  <testcase name="f" time="0.148" classname="testng.examples.threadpool.example.ThreadPoolExample"/>
  <testcase name="f" time="0.148" classname="testng.examples.threadpool.example.ThreadPoolExample"/>
  <testcase name="f" time="0.149" classname="testng.examples.threadpool.example.ThreadPoolExample"/>
  <testcase name="f" time="0.149" classname="testng.examples.threadpool.example.ThreadPoolExample"/>
  <testcase name="f" time="0.15" classname="testng.examples.threadpool.example.ThreadPoolExample"/>
  <testcase name="f" time="0.15" classname="testng.examples.threadpool.example.ThreadPoolExample"/>
  <testcase name="f" time="0.151" classname="testng.examples.threadpool.example.ThreadPoolExample"/>
  <testcase name="f" time="0.152" classname="testng.examples.threadpool.example.ThreadPoolExample"/>
  <testcase name="f" time="0.159" classname="testng.examples.threadpool.example.ThreadPoolExample"/>
  <testcase name="f" time="0.162" classname="testng.examples.threadpool.example.ThreadPoolExample"/>
  <testcase name="f" time="0.162" classname="testng.examples.threadpool.example.ThreadPoolExample"/>
  <testcase name="f" time="0.163" classname="testng.examples.threadpool.example.ThreadPoolExample"/>
  <testcase name="f" time="0.163" classname="testng.examples.threadpool.example.ThreadPoolExample"/>
  <testcase name="f" time="0.085" classname="testng.examples.threadpool.example.ThreadPoolExample"/>
  <testcase name="f" time="0.069" classname="testng.examples.threadpool.example.ThreadPoolExample"/>
  <testcase name="f" time="0.081" classname="testng.examples.threadpool.example.ThreadPoolExample"/>
  <testcase name="f" time="0.083" classname="testng.examples.threadpool.example.ThreadPoolExample"/>
  <testcase name="f" time="0.084" classname="testng.examples.threadpool.example.ThreadPoolExample"/>
  <testcase name="f" time="0.087" classname="testng.examples.threadpool.example.ThreadPoolExample"/>
  <testcase name="f" time="0.087" classname="testng.examples.threadpool.example.ThreadPoolExample"/>
  <testcase name="f" time="0.089" classname="testng.examples.threadpool.example.ThreadPoolExample"/>
  <testcase name="f" time="0.091" classname="testng.examples.threadpool.example.ThreadPoolExample"/>
  <testcase name="f" time="0.092" classname="testng.examples.threadpool.example.ThreadPoolExample"/>
  <testcase name="f" time="0.092" classname="testng.examples.threadpool.example.ThreadPoolExample"/>
  <testcase name="f" time="0.092" classname="testng.examples.threadpool.example.ThreadPoolExample"/>
  <testcase name="f" time="0.099" classname="testng.examples.threadpool.example.ThreadPoolExample"/>
  <testcase name="f" time="0.092" classname="testng.examples.threadpool.example.ThreadPoolExample"/>
  <testcase name="f" time="0.092" classname="testng.examples.threadpool.example.ThreadPoolExample"/>
  <testcase name="f" time="0.093" classname="testng.examples.threadpool.example.ThreadPoolExample"/>
  <testcase name="f" time="0.094" classname="testng.examples.threadpool.example.ThreadPoolExample"/>
  <testcase name="f" time="0.109" classname="testng.examples.threadpool.example.ThreadPoolExample"/>
  <testcase name="f" time="0.098" classname="testng.examples.threadpool.example.ThreadPoolExample"/>
  <testcase name="f" time="0.111" classname="testng.examples.threadpool.example.ThreadPoolExample"/>
  <testcase name="f" time="0.113" classname="testng.examples.threadpool.example.ThreadPoolExample"/>
  <testcase name="f" time="0.099" classname="testng.examples.threadpool.example.ThreadPoolExample"/>
  <testcase name="f" time="0.115" classname="testng.examples.threadpool.example.ThreadPoolExample"/>
  <testcase name="f" time="0.116" classname="testng.examples.threadpool.example.ThreadPoolExample"/>
  <testcase name="f" time="0.101" classname="testng.examples.threadpool.example.ThreadPoolExample"/>
  <testcase name="f" time="0.103" classname="testng.examples.threadpool.example.ThreadPoolExample"/>
  <testcase name="f" time="0.104" classname="testng.examples.threadpool.example.ThreadPoolExample"/>
  <testcase name="f" time="0.105" classname="testng.examples.threadpool.example.ThreadPoolExample"/>
  <testcase name="f" time="0.105" classname="testng.examples.threadpool.example.ThreadPoolExample"/>
  <testcase name="f" time="0.106" classname="testng.examples.threadpool.example.ThreadPoolExample"/>
  <testcase name="f" time="0.108" classname="testng.examples.threadpool.example.ThreadPoolExample"/>
  <testcase name="f" time="0.108" classname="testng.examples.threadpool.example.ThreadPoolExample"/>
  <testcase name="f" time="0.109" classname="testng.examples.threadpool.example.ThreadPoolExample"/>
  <testcase name="f" time="0.111" classname="testng.examples.threadpool.example.ThreadPoolExample"/>
  <testcase name="f" time="0.112" classname="testng.examples.threadpool.example.ThreadPoolExample"/>
  <testcase name="f" time="0.113" classname="testng.examples.threadpool.example.ThreadPoolExample"/>
  <testcase name="f" time="0.113" classname="testng.examples.threadpool.example.ThreadPoolExample"/>
  <testcase name="f" time="0.114" classname="testng.examples.threadpool.example.ThreadPoolExample"/>
  <testcase name="f" time="0.115" classname="testng.examples.threadpool.example.ThreadPoolExample"/>
  <testcase name="f" time="0.115" classname="testng.examples.threadpool.example.ThreadPoolExample"/>
  <testcase name="f" time="0.117" classname="testng.examples.threadpool.example.ThreadPoolExample"/>
  <testcase name="f" time="0.117" classname="testng.examples.threadpool.example.ThreadPoolExample"/>
  <testcase name="f" time="0.118" classname="testng.examples.threadpool.example.ThreadPoolExample"/>
  <testcase name="f" time="0.119" classname="testng.examples.threadpool.example.ThreadPoolExample"/>
  <testcase name="f" time="0.119" classname="testng.examples.threadpool.example.ThreadPoolExample"/>
  <testcase name="f" time="0.12" classname="testng.examples.threadpool.example.ThreadPoolExample"/>
  <testcase name="f" time="0.122" classname="testng.examples.threadpool.example.ThreadPoolExample"/>
  <testcase name="f" time="0.122" classname="testng.examples.threadpool.example.ThreadPoolExample"/>
  <testcase name="f" time="0.0" classname="testng.examples.threadpool.example.ThreadPoolExample"/>
  <testcase name="f" time="0.071" classname="testng.examples.threadpool.example.ThreadPoolExample"/>
  <testcase name="f" time="0.07" classname="testng.examples.threadpool.example.ThreadPoolExample"/>
  <testcase name="f" time="0.071" classname="testng.examples.threadpool.example.ThreadPoolExample"/>
  <testcase name="f" time="0.072" classname="testng.examples.threadpool.example.ThreadPoolExample"/>
  <testcase name="f" time="0.073" classname="testng.examples.threadpool.example.ThreadPoolExample"/>
  <testcase name="f" time="0.073" classname="testng.examples.threadpool.example.ThreadPoolExample"/>
  <testcase name="f" time="0.074" classname="testng.examples.threadpool.example.ThreadPoolExample"/>
  <testcase name="f" time="0.074" classname="testng.examples.threadpool.example.ThreadPoolExample"/>
  <testcase name="f" time="0.075" classname="testng.examples.threadpool.example.ThreadPoolExample"/>
  <testcase name="f" time="0.077" classname="testng.examples.threadpool.example.ThreadPoolExample"/>
  <testcase name="f" time="0.077" classname="testng.examples.threadpool.example.ThreadPoolExample"/>
  <testcase name="f" time="0.078" classname="testng.examples.threadpool.example.ThreadPoolExample"/>
  <testcase name="f" time="0.079" classname="testng.examples.threadpool.example.ThreadPoolExample"/>
  <testcase name="f" time="0.079" classname="testng.examples.threadpool.example.ThreadPoolExample"/>
  <testcase name="f" time="0.08" classname="testng.examples.threadpool.example.ThreadPoolExample"/>
  <testcase name="f" time="0.08" classname="testng.examples.threadpool.example.ThreadPoolExample"/>
  <testcase name="f" time="0.081" classname="testng.examples.threadpool.example.ThreadPoolExample"/>
  <testcase name="f" time="0.082" classname="testng.examples.threadpool.example.ThreadPoolExample"/>
  <testcase name="f" time="0.082" classname="testng.examples.threadpool.example.ThreadPoolExample"/>
  <testcase name="f" time="0.083" classname="testng.examples.threadpool.example.ThreadPoolExample"/>
  <testcase name="f" time="0.083" classname="testng.examples.threadpool.example.ThreadPoolExample"/>
  <testcase name="f" time="0.084" classname="testng.examples.threadpool.example.ThreadPoolExample"/>
[...]
  <testcase name="h" time="0.079" classname="testng.examples.threadpool.example.ThreadPoolExample"/>
  <testcase name="h" time="0.078" classname="testng.examples.threadpool.example.ThreadPoolExample"/>
  <testcase name="h" time="0.078" classname="testng.examples.threadpool.example.ThreadPoolExample"/>
  <testcase name="h" time="0.057" classname="testng.examples.threadpool.example.ThreadPoolExample"/>
  <testcase name="h" time="0.06" classname="testng.examples.threadpool.example.ThreadPoolExample"/>
  <testcase name="h" time="0.039" classname="testng.examples.threadpool.example.ThreadPoolExample"/>
  <testcase name="h" time="0.04" classname="testng.examples.threadpool.example.ThreadPoolExample"/>
  <testcase name="h" time="0.039" classname="testng.examples.threadpool.example.ThreadPoolExample"/>
  <testcase name="h" time="0.072" classname="testng.examples.threadpool.example.ThreadPoolExample"/>
  <testcase name="h" time="0.07" classname="testng.examples.threadpool.example.ThreadPoolExample"/>
  <testcase name="h" time="0.071" classname="testng.examples.threadpool.example.ThreadPoolExample"/>
  <testcase name="h" time="0.071" classname="testng.examples.threadpool.example.ThreadPoolExample"/>
  <testcase name="h" time="0.072" classname="testng.examples.threadpool.example.ThreadPoolExample"/>
  <testcase name="h" time="0.073" classname="testng.examples.threadpool.example.ThreadPoolExample"/>
  <testcase name="h" time="0.001" classname="testng.examples.threadpool.example.ThreadPoolExample"/>
  <testcase name="h" time="0.074" classname="testng.examples.threadpool.example.ThreadPoolExample"/>
  <testcase name="h" time="0.075" classname="testng.examples.threadpool.example.ThreadPoolExample"/>
  <testcase name="h" time="0.075" classname="testng.examples.threadpool.example.ThreadPoolExample"/>
  <testcase name="h" time="0.076" classname="testng.examples.threadpool.example.ThreadPoolExample"/>
  <testcase name="h" time="0.076" classname="testng.examples.threadpool.example.ThreadPoolExample"/>
  <testcase name="h" time="0.076" classname="testng.examples.threadpool.example.ThreadPoolExample"/>
  <testcase name="h" time="0.072" classname="testng.examples.threadpool.example.ThreadPoolExample"/>
  <testcase name="h" time="0.072" classname="testng.examples.threadpool.example.ThreadPoolExample"/>
  <testcase name="h" time="0.072" classname="testng.examples.threadpool.example.ThreadPoolExample"/>
  <testcase name="h" time="0.072" classname="testng.examples.threadpool.example.ThreadPoolExample"/>
  <testcase name="h" time="0.072" classname="testng.examples.threadpool.example.ThreadPoolExample"/>
  <testcase name="h" time="0.072" classname="testng.examples.threadpool.example.ThreadPoolExample"/>
  <testcase name="h" time="0.073" classname="testng.examples.threadpool.example.ThreadPoolExample"/>
  <testcase name="h" time="0.073" classname="testng.examples.threadpool.example.ThreadPoolExample"/>
  <testcase name="h" time="0.073" classname="testng.examples.threadpool.example.ThreadPoolExample"/>
  <testcase name="h" time="0.073" classname="testng.examples.threadpool.example.ThreadPoolExample"/>
  <testcase name="h" time="0.073" classname="testng.examples.threadpool.example.ThreadPoolExample"/>
  <testcase name="h" time="0.074" classname="testng.examples.threadpool.example.ThreadPoolExample"/>
  <testcase name="h" time="0.076" classname="testng.examples.threadpool.example.ThreadPoolExample"/>
  <testcase name="h" time="0.072" classname="testng.examples.threadpool.example.ThreadPoolExample"/>
  <testcase name="h" time="0.07" classname="testng.examples.threadpool.example.ThreadPoolExample"/>
  <testcase name="h" time="0.05" classname="testng.examples.threadpool.example.ThreadPoolExample"/>
  <testcase name="h" time="0.049" classname="testng.examples.threadpool.example.ThreadPoolExample"/>
  <testcase name="h" time="0.049" classname="testng.examples.threadpool.example.ThreadPoolExample"/>
  <testcase name="h" time="0.048" classname="testng.examples.threadpool.example.ThreadPoolExample"/>
  <testcase name="h" time="0.051" classname="testng.examples.threadpool.example.ThreadPoolExample"/>
  <testcase name="h" time="0.051" classname="testng.examples.threadpool.example.ThreadPoolExample"/>
  <testcase name="h" time="0.05" classname="testng.examples.threadpool.example.ThreadPoolExample"/>
  <testcase name="h" time="0.049" classname="testng.examples.threadpool.example.ThreadPoolExample"/>
  <testcase name="h" time="0.049" classname="testng.examples.threadpool.example.ThreadPoolExample"/>
  <testcase name="h" time="0.049" classname="testng.examples.threadpool.example.ThreadPoolExample"/>
  <testcase name="h" time="0.049" classname="testng.examples.threadpool.example.ThreadPoolExample"/>
  <testcase name="h" time="0.048" classname="testng.examples.threadpool.example.ThreadPoolExample"/>
  <testcase name="h" time="0.047" classname="testng.examples.threadpool.example.ThreadPoolExample"/>
  <testcase name="h" time="0.065" classname="testng.examples.threadpool.example.ThreadPoolExample"/>
  <testcase name="h" time="0.065" classname="testng.examples.threadpool.example.ThreadPoolExample"/>
  <testcase name="h" time="0.066" classname="testng.examples.threadpool.example.ThreadPoolExample"/>
  <testcase name="h" time="0.047" classname="testng.examples.threadpool.example.ThreadPoolExample"/>
  <testcase name="h" time="0.044" classname="testng.examples.threadpool.example.ThreadPoolExample"/>
  <testcase name="h" time="0.058" classname="testng.examples.threadpool.example.ThreadPoolExample"/>
  <testcase name="h" time="0.084" classname="testng.examples.threadpool.example.ThreadPoolExample"/>
  <testcase name="h" time="0.084" classname="testng.examples.threadpool.example.ThreadPoolExample"/>
  <testcase name="h" time="0.084" classname="testng.examples.threadpool.example.ThreadPoolExample"/>
  <testcase name="h" time="0.133" classname="testng.examples.threadpool.example.ThreadPoolExample"/>
  <testcase name="h" time="0.133" classname="testng.examples.threadpool.example.ThreadPoolExample"/>
  <testcase name="h" time="0.134" classname="testng.examples.threadpool.example.ThreadPoolExample"/>
  <testcase name="h" time="0.135" classname="testng.examples.threadpool.example.ThreadPoolExample"/>
  <testcase name="h" time="0.083" classname="testng.examples.threadpool.example.ThreadPoolExample"/>
  <testcase name="h" time="0.084" classname="testng.examples.threadpool.example.ThreadPoolExample"/>
  <testcase name="h" time="0.084" classname="testng.examples.threadpool.example.ThreadPoolExample"/>
  <testcase name="h" time="0.094" classname="testng.examples.threadpool.example.ThreadPoolExample"/>
  <testcase name="h" time="0.096" classname="testng.examples.threadpool.example.ThreadPoolExample"/>
  <testcase name="h" time="0.097" classname="testng.examples.threadpool.example.ThreadPoolExample"/>
  <testcase name="h" time="0.097" classname="testng.examples.threadpool.example.ThreadPoolExample"/>
  <testcase name="h" time="0.099" classname="testng.examples.threadpool.example.ThreadPoolExample"/>
  <testcase name="h" time="0.099" classname="testng.examples.threadpool.example.ThreadPoolExample"/>
  <testcase name="h" time="0.1" classname="testng.examples.threadpool.example.ThreadPoolExample"/>
  <testcase name="h" time="0.1" classname="testng.examples.threadpool.example.ThreadPoolExample"/>
  <testcase name="h" time="0.1" classname="testng.examples.threadpool.example.ThreadPoolExample"/>
  <testcase name="h" time="0.1" classname="testng.examples.threadpool.example.ThreadPoolExample"/>
  <testcase name="h" time="0.101" classname="testng.examples.threadpool.example.ThreadPoolExample"/>
  <testcase name="h" time="0.101" classname="testng.examples.threadpool.example.ThreadPoolExample"/>
  <testcase name="h" time="0.102" classname="testng.examples.threadpool.example.ThreadPoolExample"/>
  <testcase name="h" time="0.097" classname="testng.examples.threadpool.example.ThreadPoolExample"/>
  <testcase name="h" time="0.075" classname="testng.examples.threadpool.example.ThreadPoolExample"/>
  <testcase name="h" time="0.075" classname="testng.examples.threadpool.example.ThreadPoolExample"/>
  <testcase name="h" time="0.075" classname="testng.examples.threadpool.example.ThreadPoolExample"/>
  <testcase name="h" time="0.065" classname="testng.examples.threadpool.example.ThreadPoolExample"/>
  <testcase name="h" time="0.067" classname="testng.examples.threadpool.example.ThreadPoolExample"/>
  <testcase name="h" time="0.027" classname="testng.examples.threadpool.example.ThreadPoolExample"/>
  <testcase name="h" time="0.028" classname="testng.examples.threadpool.example.ThreadPoolExample"/>
  <testcase name="h" time="0.027" classname="testng.examples.threadpool.example.ThreadPoolExample"/>
  <testcase name="h" time="0.026" classname="testng.examples.threadpool.example.ThreadPoolExample"/>
  <testcase name="h" time="0.026" classname="testng.examples.threadpool.example.ThreadPoolExample"/>
  <testcase name="h" time="0.026" classname="testng.examples.threadpool.example.ThreadPoolExample"/>
  <testcase name="h" time="0.026" classname="testng.examples.threadpool.example.ThreadPoolExample"/>
  <testcase name="h" time="0.026" classname="testng.examples.threadpool.example.ThreadPoolExample"/>
  <testcase name="h" time="0.026" classname="testng.examples.threadpool.example.ThreadPoolExample"/>
  <testcase name="h" time="0.026" classname="testng.examples.threadpool.example.ThreadPoolExample"/>
  <testcase name="h" time="0.027" classname="testng.examples.threadpool.example.ThreadPoolExample"/>
  <testcase name="h" time="0.017" classname="testng.examples.threadpool.example.ThreadPoolExample"/>
  <testcase name="h" time="0.019" classname="testng.examples.threadpool.example.ThreadPoolExample"/>
  <testcase name="h" time="0.018" classname="testng.examples.threadpool.example.ThreadPoolExample"/>
  <testcase name="h" time="0.057" classname="testng.examples.threadpool.example.ThreadPoolExample"/>
  <testcase name="h" time="0.058" classname="testng.examples.threadpool.example.ThreadPoolExample"/>
  <testcase name="h" time="0.057" classname="testng.examples.threadpool.example.ThreadPoolExample"/>
  <testcase name="h" time="0.056" classname="testng.examples.threadpool.example.ThreadPoolExample"/>
  <testcase name="h" time="0.054" classname="testng.examples.threadpool.example.ThreadPoolExample"/>
  <testcase name="h" time="0.053" classname="testng.examples.threadpool.example.ThreadPoolExample"/>
  <testcase name="h" time="0.053" classname="testng.examples.threadpool.example.ThreadPoolExample"/>
  <testcase name="h" time="0.054" classname="testng.examples.threadpool.example.ThreadPoolExample"/>
  <testcase name="h" time="0.054" classname="testng.examples.threadpool.example.ThreadPoolExample"/>
  <testcase name="h" time="0.055" classname="testng.examples.threadpool.example.ThreadPoolExample"/>
  <testcase name="h" time="0.057" classname="testng.examples.threadpool.example.ThreadPoolExample"/>
  <testcase name="h" time="0.057" classname="testng.examples.threadpool.example.ThreadPoolExample"/>
  <testcase name="h" time="0.057" classname="testng.examples.threadpool.example.ThreadPoolExample"/>
  <testcase name="h" time="0.057" classname="testng.examples.threadpool.example.ThreadPoolExample"/>
  <testcase name="h" time="0.057" classname="testng.examples.threadpool.example.ThreadPoolExample"/>
  <testcase name="h" time="0.057" classname="testng.examples.threadpool.example.ThreadPoolExample"/>
  <testcase name="h" time="0.057" classname="testng.examples.threadpool.example.ThreadPoolExample"/>
  <testcase name="h" time="0.057" classname="testng.examples.threadpool.example.ThreadPoolExample"/>
  <testcase name="h" time="0.055" classname="testng.examples.threadpool.example.ThreadPoolExample"/>
  <testcase name="h" time="0.054" classname="testng.examples.threadpool.example.ThreadPoolExample"/>
  <testcase name="h" time="0.072" classname="testng.examples.threadpool.example.ThreadPoolExample"/>
  <testcase name="h" time="0.072" classname="testng.examples.threadpool.example.ThreadPoolExample"/>
  <testcase name="h" time="0.073" classname="testng.examples.threadpool.example.ThreadPoolExample"/>
  <testcase name="h" time="0.074" classname="testng.examples.threadpool.example.ThreadPoolExample"/>
  <testcase name="h" time="0.074" classname="testng.examples.threadpool.example.ThreadPoolExample"/>
  <testcase name="h" time="0.075" classname="testng.examples.threadpool.example.ThreadPoolExample"/>
  <testcase name="h" time="0.075" classname="testng.examples.threadpool.example.ThreadPoolExample"/>
  <testcase name="h" time="0.075" classname="testng.examples.threadpool.example.ThreadPoolExample"/>
  <testcase name="h" time="0.019" classname="testng.examples.threadpool.example.ThreadPoolExample"/>
  <testcase name="h" time="0.019" classname="testng.examples.threadpool.example.ThreadPoolExample"/>
  <testcase name="h" time="0.018" classname="testng.examples.threadpool.example.ThreadPoolExample"/>
  <testcase name="h" time="0.018" classname="testng.examples.threadpool.example.ThreadPoolExample"/>
  <testcase name="h" time="0.019" classname="testng.examples.threadpool.example.ThreadPoolExample"/>
  <testcase name="h" time="0.037" classname="testng.examples.threadpool.example.ThreadPoolExample"/>
  <testcase name="h" time="0.046" classname="testng.examples.threadpool.example.ThreadPoolExample"/>
  <testcase name="h" time="0.045" classname="testng.examples.threadpool.example.ThreadPoolExample"/>
  <testcase name="h" time="0.044" classname="testng.examples.threadpool.example.ThreadPoolExample"/>
  <testcase name="h" time="0.044" classname="testng.examples.threadpool.example.ThreadPoolExample"/>
  <testcase name="h" time="0.043" classname="testng.examples.threadpool.example.ThreadPoolExample"/>
  <testcase name="h" time="0.043" classname="testng.examples.threadpool.example.ThreadPoolExample"/>
  <testcase name="h" time="0.042" classname="testng.examples.threadpool.example.ThreadPoolExample"/>
  <testcase name="h" time="0.041" classname="testng.examples.threadpool.example.ThreadPoolExample"/>
  <testcase name="h" time="0.042" classname="testng.examples.threadpool.example.ThreadPoolExample"/>
  <testcase name="h" time="0.041" classname="testng.examples.threadpool.example.ThreadPoolExample"/>
  <testcase name="h" time="0.041" classname="testng.examples.threadpool.example.ThreadPoolExample"/>
  <testcase name="h" time="0.041" classname="testng.examples.threadpool.example.ThreadPoolExample"/>
  <testcase name="h" time="0.041" classname="testng.examples.threadpool.example.ThreadPoolExample"/>
  <testcase name="h" time="0.04" classname="testng.examples.threadpool.example.ThreadPoolExample"/>
  <testcase name="h" time="0.041" classname="testng.examples.threadpool.example.ThreadPoolExample"/>
  <testcase name="h" time="0.041" classname="testng.examples.threadpool.example.ThreadPoolExample"/>
  <testcase name="h" time="0.041" classname="testng.examples.threadpool.example.ThreadPoolExample"/>
  <testcase name="h" time="0.042" classname="testng.examples.threadpool.example.ThreadPoolExample"/>
  <testcase name="h" time="0.041" classname="testng.examples.threadpool.example.ThreadPoolExample"/>
  <testcase name="h" time="0.041" classname="testng.examples.threadpool.example.ThreadPoolExample"/>
  <testcase name="h" time="0.041" classname="testng.examples.threadpool.example.ThreadPoolExample"/>
  <testcase name="h" time="0.04" classname="testng.examples.threadpool.example.ThreadPoolExample"/>
  <testcase name="h" time="0.04" classname="testng.examples.threadpool.example.ThreadPoolExample"/>
  <testcase name="h" time="0.039" classname="testng.examples.threadpool.example.ThreadPoolExample"/>
  <testcase name="h" time="0.039" classname="testng.examples.threadpool.example.ThreadPoolExample"/>
  <testcase name="h" time="0.039" classname="testng.examples.threadpool.example.ThreadPoolExample"/>
  <testcase name="h" time="0.038" classname="testng.examples.threadpool.example.ThreadPoolExample"/>
  <testcase name="h" time="0.038" classname="testng.examples.threadpool.example.ThreadPoolExample"/>
  <testcase name="h" time="0.039" classname="testng.examples.threadpool.example.ThreadPoolExample"/>
  <testcase name="h" time="0.021" classname="testng.examples.threadpool.example.ThreadPoolExample"/>
  <testcase name="h" time="0.046" classname="testng.examples.threadpool.example.ThreadPoolExample"/>
  <testcase name="h" time="0.047" classname="testng.examples.threadpool.example.ThreadPoolExample"/>
  <testcase name="h" time="0.047" classname="testng.examples.threadpool.example.ThreadPoolExample"/>
  <testcase name="h" time="0.047" classname="testng.examples.threadpool.example.ThreadPoolExample"/>
  <testcase name="h" time="0.046" classname="testng.examples.threadpool.example.ThreadPoolExample"/>
  <testcase name="h" time="0.045" classname="testng.examples.threadpool.example.ThreadPoolExample"/>
  <testcase name="h" time="0.045" classname="testng.examples.threadpool.example.ThreadPoolExample"/>
  <testcase name="h" time="0.045" classname="testng.examples.threadpool.example.ThreadPoolExample"/>
  <testcase name="h" time="0.044" classname="testng.examples.threadpool.example.ThreadPoolExample"/>
  <testcase name="h" time="0.043" classname="testng.examples.threadpool.example.ThreadPoolExample"/>
  <testcase name="h" time="0.043" classname="testng.examples.threadpool.example.ThreadPoolExample"/>
  <testcase name="h" time="0.042" classname="testng.examples.threadpool.example.ThreadPoolExample"/>
  <testcase name="h" time="0.042" classname="testng.examples.threadpool.example.ThreadPoolExample"/>
  <testcase name="h" time="0.042" classname="testng.examples.threadpool.example.ThreadPoolExample"/>
  <testcase name="h" time="0.042" classname="testng.examples.threadpool.example.ThreadPoolExample"/>
  <testcase name="h" time="0.042" classname="testng.examples.threadpool.example.ThreadPoolExample"/>
  <testcase name="h" time="0.041" classname="testng.examples.threadpool.example.ThreadPoolExample"/>
  <testcase name="h" time="0.043" classname="testng.examples.threadpool.example.ThreadPoolExample"/>
  <testcase name="h" time="0.042" classname="testng.examples.threadpool.example.ThreadPoolExample"/>
  <testcase name="h" time="0.038" classname="testng.examples.threadpool.example.ThreadPoolExample"/>
  <testcase name="h" time="0.042" classname="testng.examples.threadpool.example.ThreadPoolExample"/>
  <testcase name="h" time="0.041" classname="testng.examples.threadpool.example.ThreadPoolExample"/>
  <testcase name="h" time="0.043" classname="testng.examples.threadpool.example.ThreadPoolExample"/>
  <testcase name="h" time="0.043" classname="testng.examples.threadpool.example.ThreadPoolExample"/>
  <testcase name="h" time="0.044" classname="testng.examples.threadpool.example.ThreadPoolExample"/>
  <testcase name="h" time="0.044" classname="testng.examples.threadpool.example.ThreadPoolExample"/>
  <testcase name="h" time="0.044" classname="testng.examples.threadpool.example.ThreadPoolExample"/>
  <testcase name="h" time="0.081" classname="testng.examples.threadpool.example.ThreadPoolExample"/>
  <testcase name="h" time="0.082" classname="testng.examples.threadpool.example.ThreadPoolExample"/>
  <testcase name="h" time="0.082" classname="testng.examples.threadpool.example.ThreadPoolExample"/>
  <testcase name="h" time="0.082" classname="testng.examples.threadpool.example.ThreadPoolExample"/>
  <testcase name="h" time="0.084" classname="testng.examples.threadpool.example.ThreadPoolExample"/>
  <testcase name="h" time="0.084" classname="testng.examples.threadpool.example.ThreadPoolExample"/>
  <testcase name="h" time="0.084" classname="testng.examples.threadpool.example.ThreadPoolExample"/>
  <testcase name="h" time="0.085" classname="testng.examples.threadpool.example.ThreadPoolExample"/>
</testsuite> <!-- Default test -->
