<?xml version="1.0" encoding="UTF-8"?>
<testng-results skipped="0" failed="0" total="2100" passed="2100">
  <reporter-output>
  </reporter-output>
  <suite name="Default suite" duration-ms="6194" started-at="2016-12-16T06:13:27Z" finished-at="2016-12-16T06:13:33Z">
    <groups>
    </groups>
    <test name="Default test" duration-ms="6194" started-at="2016-12-16T06:13:27Z" finished-at="2016-12-16T06:13:33Z">
      <class name="testng.examples.threadpool.example.ThreadPoolExample">
        <test-method status="PASS" signature="f()[pri:0, instance:testng.examples.threadpool.example.ThreadPoolExample@531be3c5]" name="f" duration-ms="237" started-at="2016-12-16T11:43:27Z" finished-at="2016-12-16T11:43:28Z">
          <reporter-output>
          </reporter-output>
        </test-method> <!-- f -->
        <test-method status="PASS" signature="f()[pri:0, instance:testng.examples.threadpool.example.ThreadPoolExample@531be3c5]" name="f" duration-ms="237" started-at="2016-12-16T11:43:27Z" finished-at="2016-12-16T11:43:28Z">
          <reporter-output>
          </reporter-output>
        </test-method> <!-- f -->
        <test-method status="PASS" signature="f()[pri:0, instance:testng.examples.threadpool.example.ThreadPoolExample@531be3c5]" name="f" duration-ms="237" started-at="2016-12-16T11:43:27Z" finished-at="2016-12-16T11:43:28Z">
          <reporter-output>
          </reporter-output>
        </test-method> <!-- f -->
        <test-method status="PASS" signature="f()[pri:0, instance:testng.examples.threadpool.example.ThreadPoolExample@531be3c5]" name="f" duration-ms="236" started-at="2016-12-16T11:43:27Z" finished-at="2016-12-16T11:43:28Z">
          <reporter-output>
          </reporter-output>
        </test-method> <!-- f -->
        <test-method status="PASS" signature="f()[pri:0, instance:testng.examples.threadpool.example.ThreadPoolExample@531be3c5]" name="f" duration-ms="231" started-at="2016-12-16T11:43:27Z" finished-at="2016-12-16T11:43:28Z">
          <reporter-output>
          </reporter-output>
        </test-method> <!-- f -->
        <test-method status="PASS" signature="f()[pri:0, instance:testng.examples.threadpool.example.ThreadPoolExample@531be3c5]" name="f" duration-ms="210" started-at="2016-12-16T11:43:27Z" finished-at="2016-12-16T11:43:28Z">
          <reporter-output>
          </reporter-output>
        </test-method> <!-- f -->
        <test-method status="PASS" signature="f()[pri:0, instance:testng.examples.threadpool.example.ThreadPoolExample@531be3c5]" name="f" duration-ms="476" started-at="2016-12-16T11:43:28Z" finished-at="2016-12-16T11:43:28Z">
          <reporter-output>
          </reporter-output>
        </test-method> <!-- f -->
        <test-method status="PASS" signature="f()[pri:0, instance:testng.examples.threadpool.example.ThreadPoolExample@531be3c5]" name="f" duration-ms="206" started-at="2016-12-16T11:43:28Z" finished-at="2016-12-16T11:43:28Z">
          <reporter-output>
          </reporter-output>
        </test-method> <!-- f -->
        <test-method status="PASS" signature="f()[pri:0, instance:testng.examples.threadpool.example.ThreadPoolExample@531be3c5]" name="f" duration-ms="206" started-at="2016-12-16T11:43:28Z" finished-at="2016-12-16T11:43:28Z">
          <reporter-output>
          </reporter-output>
        </test-method> <!-- f -->
        <test-method status="PASS" signature="f()[pri:0, instance:testng.examples.threadpool.example.ThreadPoolExample@531be3c5]" name="f" duration-ms="206" started-at="2016-12-16T11:43:28Z" finished-at="2016-12-16T11:43:28Z">
          <reporter-output>
          </reporter-output>
        </test-method> <!-- f -->
        <test-method status="PASS" signature="f()[pri:0, instance:testng.examples.threadpool.example.ThreadPoolExample@531be3c5]" name="f" duration-ms="205" started-at="2016-12-16T11:43:28Z" finished-at="2016-12-16T11:43:28Z">
          <reporter-output>
          </reporter-output>
        </test-method> <!-- f -->
        <test-method status="PASS" signature="f()[pri:0, instance:testng.examples.threadpool.example.ThreadPoolExample@531be3c5]" name="f" duration-ms="522" started-at="2016-12-16T11:43:28Z" finished-at="2016-12-16T11:43:28Z">
          <reporter-output>
          </reporter-output>
        </test-method> <!-- f -->
        <test-method status="PASS" signature="f()[pri:0, instance:testng.examples.threadpool.example.ThreadPoolExample@531be3c5]" name="f" duration-ms="520" started-at="2016-12-16T11:43:28Z" finished-at="2016-12-16T11:43:28Z">
          <reporter-output>
          </reporter-output>
        </test-method> <!-- f -->
        <test-method status="PASS" signature="f()[pri:0, instance:testng.examples.threadpool.example.ThreadPoolExample@531be3c5]" name="f" duration-ms="513" started-at="2016-12-16T11:43:28Z" finished-at="2016-12-16T11:43:28Z">
          <reporter-output>
          </reporter-output>
        </test-method> <!-- f -->
        <test-method status="PASS" signature="f()[pri:0, instance:testng.examples.threadpool.example.ThreadPoolExample@531be3c5]" name="f" duration-ms="194" started-at="2016-12-16T11:43:28Z" finished-at="2016-12-16T11:43:28Z">
          <reporter-output>
          </reporter-output>
        </test-method> <!-- f -->
        <test-method status="PASS" signature="f()[pri:0, instance:testng.examples.threadpool.example.ThreadPoolExample@531be3c5]" name="f" duration-ms="189" started-at="2016-12-16T11:43:28Z" finished-at="2016-12-16T11:43:28Z">
          <reporter-output>
          </reporter-output>
        </test-method> <!-- f -->
        <test-method status="PASS" signature="f()[pri:0, instance:testng.examples.threadpool.example.ThreadPoolExample@531be3c5]" name="f" duration-ms="188" started-at="2016-12-16T11:43:28Z" finished-at="2016-12-16T11:43:28Z">
          <reporter-output>
          </reporter-output>
        </test-method> <!-- f -->
        <test-method status="PASS" signature="f()[pri:0, instance:testng.examples.threadpool.example.ThreadPoolExample@531be3c5]" name="f" duration-ms="502" started-at="2016-12-16T11:43:28Z" finished-at="2016-12-16T11:43:28Z">
          <reporter-output>
          </reporter-output>
        </test-method> <!-- f -->
        <test-method status="PASS" signature="f()[pri:0, instance:testng.examples.threadpool.example.ThreadPoolExample@531be3c5]" name="f" duration-ms="499" started-at="2016-12-16T11:43:28Z" finished-at="2016-12-16T11:43:28Z">
          <reporter-output>
          </reporter-output>
        </test-method> <!-- f -->
        <test-method status="PASS" signature="f()[pri:0, instance:testng.examples.threadpool.example.ThreadPoolExample@531be3c5]" name="f" duration-ms="185" started-at="2016-12-16T11:43:28Z" finished-at="2016-12-16T11:43:28Z">
          <reporter-output>
          </reporter-output>
        </test-method> <!-- f -->
        <test-method status="PASS" signature="f()[pri:0, instance:testng.examples.threadpool.example.ThreadPoolExample@531be3c5]" name="f" duration-ms="181" started-at="2016-12-16T11:43:28Z" finished-at="2016-12-16T11:43:28Z">
          <reporter-output>
          </reporter-output>
        </test-method> <!-- f -->
        <test-method status="PASS" signature="f()[pri:0, instance:testng.examples.threadpool.example.ThreadPoolExample@531be3c5]" name="f" duration-ms="177" started-at="2016-12-16T11:43:28Z" finished-at="2016-12-16T11:43:28Z">
          <reporter-output>
          </reporter-output>
        </test-method> <!-- f -->
        <test-method status="PASS" signature="f()[pri:0, instance:testng.examples.threadpool.example.ThreadPoolExample@531be3c5]" name="f" duration-ms="177" started-at="2016-12-16T11:43:28Z" finished-at="2016-12-16T11:43:28Z">
          <reporter-output>
          </reporter-output>
        </test-method> <!-- f -->
        <test-method status="PASS" signature="f()[pri:0, instance:testng.examples.threadpool.example.ThreadPoolExample@531be3c5]" name="f" duration-ms="484" started-at="2016-12-16T11:43:28Z" finished-at="2016-12-16T11:43:28Z">
          <reporter-output>
          </reporter-output>
        </test-method> <!-- f -->
        <test-method status="PASS" signature="f()[pri:0, instance:testng.examples.threadpool.example.ThreadPoolExample@531be3c5]" name="f" duration-ms="167" started-at="2016-12-16T11:43:28Z" finished-at="2016-12-16T11:43:28Z">
          <reporter-output>
          </reporter-output>
        </test-method> <!-- f -->
        <test-method status="PASS" signature="f()[pri:0, instance:testng.examples.threadpool.example.ThreadPoolExample@531be3c5]" name="f" duration-ms="482" started-at="2016-12-16T11:43:28Z" finished-at="2016-12-16T11:43:28Z">
          <reporter-output>
          </reporter-output>
        </test-method> <!-- f -->
        <test-method status="PASS" signature="f()[pri:0, instance:testng.examples.threadpool.example.ThreadPoolExample@531be3c5]" name="f" duration-ms="167" started-at="2016-12-16T11:43:28Z" finished-at="2016-12-16T11:43:28Z">
          <reporter-output>
          </reporter-output>
        </test-method> <!-- f -->
        <test-method status="PASS" signature="f()[pri:0, instance:testng.examples.threadpool.example.ThreadPoolExample@531be3c5]" name="f" duration-ms="163" started-at="2016-12-16T11:43:28Z" finished-at="2016-12-16T11:43:28Z">
          <reporter-output>
          </reporter-output>
        </test-method> <!-- f -->
        <test-method status="PASS" signature="f()[pri:0, instance:testng.examples.threadpool.example.ThreadPoolExample@531be3c5]" name="f" duration-ms="474" started-at="2016-12-16T11:43:28Z" finished-at="2016-12-16T11:43:28Z">
          <reporter-output>
          </reporter-output>
        </test-method> <!-- f -->
        <test-method status="PASS" signature="f()[pri:0, instance:testng.examples.threadpool.example.ThreadPoolExample@531be3c5]" name="f" duration-ms="473" started-at="2016-12-16T11:43:28Z" finished-at="2016-12-16T11:43:28Z">
          <reporter-output>
          </reporter-output>
        </test-method> <!-- f -->
        <test-method status="PASS" signature="f()[pri:0, instance:testng.examples.threadpool.example.ThreadPoolExample@531be3c5]" name="f" duration-ms="473" started-at="2016-12-16T11:43:28Z" finished-at="2016-12-16T11:43:28Z">
          <reporter-output>
          </reporter-output>
        </test-method> <!-- f -->
        <test-method status="PASS" signature="f()[pri:0, instance:testng.examples.threadpool.example.ThreadPoolExample@531be3c5]" name="f" duration-ms="473" started-at="2016-12-16T11:43:28Z" finished-at="2016-12-16T11:43:28Z">
          <reporter-output>
          </reporter-output>
        </test-method> <!-- f -->
        <test-method status="PASS" signature="f()[pri:0, instance:testng.examples.threadpool.example.ThreadPoolExample@531be3c5]" name="f" duration-ms="158" started-at="2016-12-16T11:43:28Z" finished-at="2016-12-16T11:43:28Z">
          <reporter-output>
          </reporter-output>
        </test-method> <!-- f -->
        <test-method status="PASS" signature="f()[pri:0, instance:testng.examples.threadpool.example.ThreadPoolExample@531be3c5]" name="f" duration-ms="397" started-at="2016-12-16T11:43:28Z" finished-at="2016-12-16T11:43:28Z">
          <reporter-output>
          </reporter-output>
        </test-method> <!-- f -->
        <test-method status="PASS" signature="f()[pri:0, instance:testng.examples.threadpool.example.ThreadPoolExample@531be3c5]" name="f" duration-ms="471" started-at="2016-12-16T11:43:28Z" finished-at="2016-12-16T11:43:28Z">
          <reporter-output>
          </reporter-output>
        </test-method> <!-- f -->
        <test-method status="PASS" signature="f()[pri:0, instance:testng.examples.threadpool.example.ThreadPoolExample@531be3c5]" name="f" duration-ms="315" started-at="2016-12-16T11:43:28Z" finished-at="2016-12-16T11:43:28Z">
          <reporter-output>
          </reporter-output>
        </test-method> <!-- f -->
        <test-method status="PASS" signature="f()[pri:0, instance:testng.examples.threadpool.example.ThreadPoolExample@531be3c5]" name="f" duration-ms="283" started-at="2016-12-16T11:43:28Z" finished-at="2016-12-16T11:43:28Z">
          <reporter-output>
          </reporter-output>
        </test-method> <!-- f -->
        <test-method status="PASS" signature="f()[pri:0, instance:testng.examples.threadpool.example.ThreadPoolExample@531be3c5]" name="f" duration-ms="281" started-at="2016-12-16T11:43:28Z" finished-at="2016-12-16T11:43:28Z">
          <reporter-output>
          </reporter-output>
        </test-method> <!-- f -->
        <test-method status="PASS" signature="f()[pri:0, instance:testng.examples.threadpool.example.ThreadPoolExample@531be3c5]" name="f" duration-ms="245" started-at="2016-12-16T11:43:28Z" finished-at="2016-12-16T11:43:28Z">
          <reporter-output>
          </reporter-output>
        </test-method> <!-- f -->
        <test-method status="PASS" signature="f()[pri:0, instance:testng.examples.threadpool.example.ThreadPoolExample@531be3c5]" name="f" duration-ms="270" started-at="2016-12-16T11:43:28Z" finished-at="2016-12-16T11:43:28Z">
          <reporter-output>
          </reporter-output>
        </test-method> <!-- f -->
        <test-method status="PASS" signature="f()[pri:0, instance:testng.examples.threadpool.example.ThreadPoolExample@531be3c5]" name="f" duration-ms="256" started-at="2016-12-16T11:43:28Z" finished-at="2016-12-16T11:43:28Z">
          <reporter-output>
          </reporter-output>
        </test-method> <!-- f -->
        <test-method status="PASS" signature="f()[pri:0, instance:testng.examples.threadpool.example.ThreadPoolExample@531be3c5]" name="f" duration-ms="318" started-at="2016-12-16T11:43:28Z" finished-at="2016-12-16T11:43:28Z">
          <reporter-output>
          </reporter-output>
        </test-method> <!-- f -->
        <test-method status="PASS" signature="f()[pri:0, instance:testng.examples.threadpool.example.ThreadPoolExample@531be3c5]" name="f" duration-ms="262" started-at="2016-12-16T11:43:28Z" finished-at="2016-12-16T11:43:28Z">
          <reporter-output>
          </reporter-output>
        </test-method> <!-- f -->
        <test-method status="PASS" signature="f()[pri:0, instance:testng.examples.threadpool.example.ThreadPoolExample@531be3c5]" name="f" duration-ms="308" started-at="2016-12-16T11:43:28Z" finished-at="2016-12-16T11:43:28Z">
          <reporter-output>
          </reporter-output>
        </test-method> <!-- f -->
        <test-method status="PASS" signature="f()[pri:0, instance:testng.examples.threadpool.example.ThreadPoolExample@531be3c5]" name="f" duration-ms="264" started-at="2016-12-16T11:43:28Z" finished-at="2016-12-16T11:43:28Z">
          <reporter-output>
          </reporter-output>
        </test-method> <!-- f -->
        <test-method status="PASS" signature="f()[pri:0, instance:testng.examples.threadpool.example.ThreadPoolExample@531be3c5]" name="f" duration-ms="263" started-at="2016-12-16T11:43:28Z" finished-at="2016-12-16T11:43:28Z">
          <reporter-output>
          </reporter-output>
        </test-method> <!-- f -->
        <test-method status="PASS" signature="f()[pri:0, instance:testng.examples.threadpool.example.ThreadPoolExample@531be3c5]" name="f" duration-ms="303" started-at="2016-12-16T11:43:28Z" finished-at="2016-12-16T11:43:28Z">
          <reporter-output>
          </reporter-output>
        </test-method> <!-- f -->
        <test-method status="PASS" signature="f()[pri:0, instance:testng.examples.threadpool.example.ThreadPoolExample@531be3c5]" name="f" duration-ms="302" started-at="2016-12-16T11:43:28Z" finished-at="2016-12-16T11:43:28Z">
          <reporter-output>
          </reporter-output>
        </test-method> <!-- f -->
        <test-method status="PASS" signature="f()[pri:0, instance:testng.examples.threadpool.example.ThreadPoolExample@531be3c5]" name="f" duration-ms="258" started-at="2016-12-16T11:43:28Z" finished-at="2016-12-16T11:43:28Z">
          <reporter-output>
          </reporter-output>
        </test-method> <!-- f -->
        <test-method status="PASS" signature="f()[pri:0, instance:testng.examples.threadpool.example.ThreadPoolExample@531be3c5]" name="f" duration-ms="301" started-at="2016-12-16T11:43:28Z" finished-at="2016-12-16T11:43:28Z">
          <reporter-output>
          </reporter-output>
        </test-method> <!-- f -->
        <test-method status="PASS" signature="f()[pri:0, instance:testng.examples.threadpool.example.ThreadPoolExample@531be3c5]" name="f" duration-ms="263" started-at="2016-12-16T11:43:28Z" finished-at="2016-12-16T11:43:28Z">
          <reporter-output>
          </reporter-output>
        </test-method> <!-- f -->
        <test-method status="PASS" signature="f()[pri:0, instance:testng.examples.threadpool.example.ThreadPoolExample@531be3c5]" name="f" duration-ms="260" started-at="2016-12-16T11:43:28Z" finished-at="2016-12-16T11:43:28Z">
          <reporter-output>
          </reporter-output>
        </test-method> <!-- f -->
        <test-method status="PASS" signature="f()[pri:0, instance:testng.examples.threadpool.example.ThreadPoolExample@531be3c5]" name="f" duration-ms="256" started-at="2016-12-16T11:43:28Z" finished-at="2016-12-16T11:43:28Z">
          <reporter-output>
          </reporter-output>
        </test-method> <!-- f -->
        <test-method status="PASS" signature="f()[pri:0, instance:testng.examples.threadpool.example.ThreadPoolExample@531be3c5]" name="f" duration-ms="288" started-at="2016-12-16T11:43:28Z" finished-at="2016-12-16T11:43:28Z">
          <reporter-output>
          </reporter-output>
        </test-method> <!-- f -->
        <test-method status="PASS" signature="f()[pri:0, instance:testng.examples.threadpool.example.ThreadPoolExample@531be3c5]" name="f" duration-ms="252" started-at="2016-12-16T11:43:28Z" finished-at="2016-12-16T11:43:28Z">
          <reporter-output>
          </reporter-output>
        </test-method> <!-- f -->
        <test-method status="PASS" signature="f()[pri:0, instance:testng.examples.threadpool.example.ThreadPoolExample@531be3c5]" name="f" duration-ms="283" started-at="2016-12-16T11:43:28Z" finished-at="2016-12-16T11:43:28Z">
          <reporter-output>
          </reporter-output>
        </test-method> <!-- f -->
        <test-method status="PASS" signature="f()[pri:0, instance:testng.examples.threadpool.example.ThreadPoolExample@531be3c5]" name="f" duration-ms="248" started-at="2016-12-16T11:43:28Z" finished-at="2016-12-16T11:43:28Z">
          <reporter-output>
          </reporter-output>
        </test-method> <!-- f -->
        <test-method status="PASS" signature="f()[pri:0, instance:testng.examples.threadpool.example.ThreadPoolExample@531be3c5]" name="f" duration-ms="248" started-at="2016-12-16T11:43:28Z" finished-at="2016-12-16T11:43:28Z">
          <reporter-output>
          </reporter-output>
        </test-method> <!-- f -->
        <test-method status="PASS" signature="f()[pri:0, instance:testng.examples.threadpool.example.ThreadPoolExample@531be3c5]" name="f" duration-ms="246" started-at="2016-12-16T11:43:28Z" finished-at="2016-12-16T11:43:28Z">
          <reporter-output>
          </reporter-output>
        </test-method> <!-- f -->
        <test-method status="PASS" signature="f()[pri:0, instance:testng.examples.threadpool.example.ThreadPoolExample@531be3c5]" name="f" duration-ms="274" started-at="2016-12-16T11:43:28Z" finished-at="2016-12-16T11:43:28Z">
          <reporter-output>
          </reporter-output>
        </test-method> <!-- f -->
        <test-method status="PASS" signature="f()[pri:0, instance:testng.examples.threadpool.example.ThreadPoolExample@531be3c5]" name="f" duration-ms="252" started-at="2016-12-16T11:43:28Z" finished-at="2016-12-16T11:43:28Z">
          <reporter-output>
          </reporter-output>
        </test-method> <!-- f -->
        <test-method status="PASS" signature="f()[pri:0, instance:testng.examples.threadpool.example.ThreadPoolExample@531be3c5]" name="f" duration-ms="268" started-at="2016-12-16T11:43:28Z" finished-at="2016-12-16T11:43:28Z">
          <reporter-output>
          </reporter-output>
        </test-method> <!-- f -->
        <test-method status="PASS" signature="f()[pri:0, instance:testng.examples.threadpool.example.ThreadPoolExample@531be3c5]" name="f" duration-ms="266" started-at="2016-12-16T11:43:28Z" finished-at="2016-12-16T11:43:28Z">
          <reporter-output>
          </reporter-output>
        </test-method> <!-- f -->
        <test-method status="PASS" signature="f()[pri:0, instance:testng.examples.threadpool.example.ThreadPoolExample@531be3c5]" name="f" duration-ms="266" started-at="2016-12-16T11:43:28Z" finished-at="2016-12-16T11:43:28Z">
          <reporter-output>
          </reporter-output>
        </test-method> <!-- f -->
        <test-method status="PASS" signature="f()[pri:0, instance:testng.examples.threadpool.example.ThreadPoolExample@531be3c5]" name="f" duration-ms="248" started-at="2016-12-16T11:43:28Z" finished-at="2016-12-16T11:43:28Z">
          <reporter-output>
          </reporter-output>
        </test-method> <!-- f -->
        <test-method status="PASS" signature="f()[pri:0, instance:testng.examples.threadpool.example.ThreadPoolExample@531be3c5]" name="f" duration-ms="234" started-at="2016-12-16T11:43:28Z" finished-at="2016-12-16T11:43:28Z">
          <reporter-output>
          </reporter-output>
        </test-method> <!-- f -->
        <test-method status="PASS" signature="f()[pri:0, instance:testng.examples.threadpool.example.ThreadPoolExample@531be3c5]" name="f" duration-ms="234" started-at="2016-12-16T11:43:28Z" finished-at="2016-12-16T11:43:28Z">
          <reporter-output>
          </reporter-output>
        </test-method> <!-- f -->
        <test-method status="PASS" signature="f()[pri:0, instance:testng.examples.threadpool.example.ThreadPoolExample@531be3c5]" name="f" duration-ms="235" started-at="2016-12-16T11:43:28Z" finished-at="2016-12-16T11:43:28Z">
          <reporter-output>
          </reporter-output>
        </test-method> <!-- f -->
        <test-method status="PASS" signature="f()[pri:0, instance:testng.examples.threadpool.example.ThreadPoolExample@531be3c5]" name="f" duration-ms="229" started-at="2016-12-16T11:43:28Z" finished-at="2016-12-16T11:43:28Z">
          <reporter-output>
          </reporter-output>
        </test-method> <!-- f -->
        <test-method status="PASS" signature="f()[pri:0, instance:testng.examples.threadpool.example.ThreadPoolExample@531be3c5]" name="f" duration-ms="222" started-at="2016-12-16T11:43:28Z" finished-at="2016-12-16T11:43:28Z">
          <reporter-output>
          </reporter-output>
        </test-method> <!-- f -->
        <test-method status="PASS" signature="f()[pri:0, instance:testng.examples.threadpool.example.ThreadPoolExample@531be3c5]" name="f" duration-ms="217" started-at="2016-12-16T11:43:28Z" finished-at="2016-12-16T11:43:28Z">
          <reporter-output>
          </reporter-output>
        </test-method> <!-- f -->
        <test-method status="PASS" signature="f()[pri:0, instance:testng.examples.threadpool.example.ThreadPoolExample@531be3c5]" name="f" duration-ms="127" started-at="2016-12-16T11:43:28Z" finished-at="2016-12-16T11:43:28Z">
          <reporter-output>
          </reporter-output>
        </test-method> <!-- f -->
        <test-method status="PASS" signature="f()[pri:0, instance:testng.examples.threadpool.example.ThreadPoolExample@531be3c5]" name="f" duration-ms="134" started-at="2016-12-16T11:43:28Z" finished-at="2016-12-16T11:43:28Z">
          <reporter-output>
          </reporter-output>
        </test-method> <!-- f -->
        <test-method status="PASS" signature="f()[pri:0, instance:testng.examples.threadpool.example.ThreadPoolExample@531be3c5]" name="f" duration-ms="127" started-at="2016-12-16T11:43:28Z" finished-at="2016-12-16T11:43:28Z">
          <reporter-output>
          </reporter-output>
        </test-method> <!-- f -->
        <test-method status="PASS" signature="f()[pri:0, instance:testng.examples.threadpool.example.ThreadPoolExample@531be3c5]" name="f" duration-ms="127" started-at="2016-12-16T11:43:28Z" finished-at="2016-12-16T11:43:28Z">
          <reporter-output>
          </reporter-output>
        </test-method> <!-- f -->
        <test-method status="PASS" signature="f()[pri:0, instance:testng.examples.threadpool.example.ThreadPoolExample@531be3c5]" name="f" duration-ms="6" started-at="2016-12-16T11:43:28Z" finished-at="2016-12-16T11:43:28Z">
          <reporter-output>
          </reporter-output>
        </test-method> <!-- f -->
        <test-method status="PASS" signature="f()[pri:0, instance:testng.examples.threadpool.example.ThreadPoolExample@531be3c5]" name="f" duration-ms="257" started-at="2016-12-16T11:43:28Z" finished-at="2016-12-16T11:43:28Z">
          <reporter-output>
          </reporter-output>
        </test-method> <!-- f -->
        <test-method status="PASS" signature="f()[pri:0, instance:testng.examples.threadpool.example.ThreadPoolExample@531be3c5]" name="f" duration-ms="259" started-at="2016-12-16T11:43:28Z" finished-at="2016-12-16T11:43:28Z">
          <reporter-output>
          </reporter-output>
        </test-method> <!-- f -->
        <test-method status="PASS" signature="f()[pri:0, instance:testng.examples.threadpool.example.ThreadPoolExample@531be3c5]" name="f" duration-ms="273" started-at="2016-12-16T11:43:28Z" finished-at="2016-12-16T11:43:28Z">
          <reporter-output>
          </reporter-output>
        </test-method> <!-- f -->
        <test-method status="PASS" signature="f()[pri:0, instance:testng.examples.threadpool.example.ThreadPoolExample@531be3c5]" name="f" duration-ms="273" started-at="2016-12-16T11:43:28Z" finished-at="2016-12-16T11:43:28Z">
          <reporter-output>
          </reporter-output>
        </test-method> <!-- f -->
        <test-method status="PASS" signature="f()[pri:0, instance:testng.examples.threadpool.example.ThreadPoolExample@531be3c5]" name="f" duration-ms="1" started-at="2016-12-16T11:43:28Z" finished-at="2016-12-16T11:43:28Z">
          <reporter-output>
          </reporter-output>
        </test-method> <!-- f -->
        <test-method status="PASS" signature="f()[pri:0, instance:testng.examples.threadpool.example.ThreadPoolExample@531be3c5]" name="f" duration-ms="1" started-at="2016-12-16T11:43:28Z" finished-at="2016-12-16T11:43:28Z">
          <reporter-output>
          </reporter-output>
        </test-method> <!-- f -->
        <test-method status="PASS" signature="f()[pri:0, instance:testng.examples.threadpool.example.ThreadPoolExample@531be3c5]" name="f" duration-ms="272" started-at="2016-12-16T11:43:28Z" finished-at="2016-12-16T11:43:28Z">
          <reporter-output>
          </reporter-output>
        </test-method> <!-- f -->
        <test-method status="PASS" signature="f()[pri:0, instance:testng.examples.threadpool.example.ThreadPoolExample@531be3c5]" name="f" duration-ms="265" started-at="2016-12-16T11:43:28Z" finished-at="2016-12-16T11:43:28Z">
          <reporter-output>
          </reporter-output>
        </test-method> <!-- f -->
        <test-method status="PASS" signature="f()[pri:0, instance:testng.examples.threadpool.example.ThreadPoolExample@531be3c5]" name="f" duration-ms="257" started-at="2016-12-16T11:43:28Z" finished-at="2016-12-16T11:43:28Z">
          <reporter-output>
          </reporter-output>
        </test-method> <!-- f -->
        <test-method status="PASS" signature="f()[pri:0, instance:testng.examples.threadpool.example.ThreadPoolExample@531be3c5]" name="f" duration-ms="255" started-at="2016-12-16T11:43:28Z" finished-at="2016-12-16T11:43:28Z">
          <reporter-output>
          </reporter-output>
        </test-method> <!-- f -->
        <test-method status="PASS" signature="f()[pri:0, instance:testng.examples.threadpool.example.ThreadPoolExample@531be3c5]" name="f" duration-ms="253" started-at="2016-12-16T11:43:28Z" finished-at="2016-12-16T11:43:28Z">
          <reporter-output>
          </reporter-output>
        </test-method> <!-- f -->
        <test-method status="PASS" signature="f()[pri:0, instance:testng.examples.threadpool.example.ThreadPoolExample@531be3c5]" name="f" duration-ms="257" started-at="2016-12-16T11:43:28Z" finished-at="2016-12-16T11:43:28Z">
          <reporter-output>
          </reporter-output>
        </test-method> <!-- f -->
        <test-method status="PASS" signature="f()[pri:0, instance:testng.examples.threadpool.example.ThreadPoolExample@531be3c5]" name="f" duration-ms="256" started-at="2016-12-16T11:43:28Z" finished-at="2016-12-16T11:43:28Z">
          <reporter-output>
          </reporter-output>
        </test-method> <!-- f -->
        <test-method status="PASS" signature="f()[pri:0, instance:testng.examples.threadpool.example.ThreadPoolExample@531be3c5]" name="f" duration-ms="252" started-at="2016-12-16T11:43:28Z" finished-at="2016-12-16T11:43:28Z">
          <reporter-output>
          </reporter-output>
        </test-method> <!-- f -->
        <test-method status="PASS" signature="f()[pri:0, instance:testng.examples.threadpool.example.ThreadPoolExample@531be3c5]" name="f" duration-ms="250" started-at="2016-12-16T11:43:28Z" finished-at="2016-12-16T11:43:28Z">
          <reporter-output>
          </reporter-output>
        </test-method> <!-- f -->
        <test-method status="PASS" signature="f()[pri:0, instance:testng.examples.threadpool.example.ThreadPoolExample@531be3c5]" name="f" duration-ms="215" started-at="2016-12-16T11:43:28Z" finished-at="2016-12-16T11:43:28Z">
          <reporter-output>
          </reporter-output>
        </test-method> <!-- f -->
        <test-method status="PASS" signature="f()[pri:0, instance:testng.examples.threadpool.example.ThreadPoolExample@531be3c5]" name="f" duration-ms="208" started-at="2016-12-16T11:43:28Z" finished-at="2016-12-16T11:43:28Z">
          <reporter-output>
          </reporter-output>
        </test-method> <!-- f -->
        <test-method status="PASS" signature="f()[pri:0, instance:testng.examples.threadpool.example.ThreadPoolExample@531be3c5]" name="f" duration-ms="226" started-at="2016-12-16T11:43:28Z" finished-at="2016-12-16T11:43:28Z">
          <reporter-output>
          </reporter-output>
        </test-method> <!-- f -->
        <test-method status="PASS" signature="f()[pri:0, instance:testng.examples.threadpool.example.ThreadPoolExample@531be3c5]" name="f" duration-ms="224" started-at="2016-12-16T11:43:28Z" finished-at="2016-12-16T11:43:28Z">
          <reporter-output>
          </reporter-output>
        </test-method> <!-- f -->
        <test-method status="PASS" signature="f()[pri:0, instance:testng.examples.threadpool.example.ThreadPoolExample@531be3c5]" name="f" duration-ms="223" started-at="2016-12-16T11:43:28Z" finished-at="2016-12-16T11:43:28Z">
          <reporter-output>
          </reporter-output>
        </test-method> <!-- f -->
        <test-method status="PASS" signature="f()[pri:0, instance:testng.examples.threadpool.example.ThreadPoolExample@531be3c5]" name="f" duration-ms="218" started-at="2016-12-16T11:43:28Z" finished-at="2016-12-16T11:43:28Z">
          <reporter-output>
          </reporter-output>
        </test-method> <!-- f -->
        <test-method status="PASS" signature="f()[pri:0, instance:testng.examples.threadpool.example.ThreadPoolExample@531be3c5]" name="f" duration-ms="247" started-at="2016-12-16T11:43:28Z" finished-at="2016-12-16T11:43:28Z">
          <reporter-output>
          </reporter-output>
        </test-method> <!-- f -->
        <test-method status="PASS" signature="f()[pri:0, instance:testng.examples.threadpool.example.ThreadPoolExample@531be3c5]" name="f" duration-ms="245" started-at="2016-12-16T11:43:28Z" finished-at="2016-12-16T11:43:28Z">
          <reporter-output>
          </reporter-output>
        </test-method> <!-- f -->
        <test-method status="PASS" signature="f()[pri:0, instance:testng.examples.threadpool.example.ThreadPoolExample@531be3c5]" name="f" duration-ms="215" started-at="2016-12-16T11:43:28Z" finished-at="2016-12-16T11:43:28Z">
          <reporter-output>
          </reporter-output>
        </test-method> <!-- f -->
        <test-method status="PASS" signature="f()[pri:0, instance:testng.examples.threadpool.example.ThreadPoolExample@531be3c5]" name="f" duration-ms="244" started-at="2016-12-16T11:43:28Z" finished-at="2016-12-16T11:43:28Z">
          <reporter-output>
          </reporter-output>
        </test-method> <!-- f -->
        <test-method status="PASS" signature="f()[pri:0, instance:testng.examples.threadpool.example.ThreadPoolExample@531be3c5]" name="f" duration-ms="214" started-at="2016-12-16T11:43:28Z" finished-at="2016-12-16T11:43:28Z">
          <reporter-output>
          </reporter-output>
        </test-method> <!-- f -->
        <test-method status="PASS" signature="f()[pri:0, instance:testng.examples.threadpool.example.ThreadPoolExample@531be3c5]" name="f" duration-ms="213" started-at="2016-12-16T11:43:28Z" finished-at="2016-12-16T11:43:28Z">
          <reporter-output>
          </reporter-output>
        </test-method> <!-- f -->
        <test-method status="PASS" signature="f()[pri:0, instance:testng.examples.threadpool.example.ThreadPoolExample@531be3c5]" name="f" duration-ms="210" started-at="2016-12-16T11:43:28Z" finished-at="2016-12-16T11:43:28Z">
          <reporter-output>
          </reporter-output>
        </test-method> <!-- f -->
        <test-method status="PASS" signature="f()[pri:0, instance:testng.examples.threadpool.example.ThreadPoolExample@531be3c5]" name="f" duration-ms="205" started-at="2016-12-16T11:43:28Z" finished-at="2016-12-16T11:43:28Z">
          <reporter-output>
          </reporter-output>
        </test-method> <!-- f -->
        <test-method status="PASS" signature="f()[pri:0, instance:testng.examples.threadpool.example.ThreadPoolExample@531be3c5]" name="f" duration-ms="203" started-at="2016-12-16T11:43:28Z" finished-at="2016-12-16T11:43:28Z">
          <reporter-output>
          </reporter-output>
        </test-method> <!-- f -->
        <test-method status="PASS" signature="f()[pri:0, instance:testng.examples.threadpool.example.ThreadPoolExample@531be3c5]" name="f" duration-ms="202" started-at="2016-12-16T11:43:28Z" finished-at="2016-12-16T11:43:28Z">
          <reporter-output>
          </reporter-output>
        </test-method> <!-- f -->
        <test-method status="PASS" signature="f()[pri:0, instance:testng.examples.threadpool.example.ThreadPoolExample@531be3c5]" name="f" duration-ms="200" started-at="2016-12-16T11:43:28Z" finished-at="2016-12-16T11:43:28Z">
          <reporter-output>
          </reporter-output>
        </test-method> <!-- f -->
        <test-method status="PASS" signature="f()[pri:0, instance:testng.examples.threadpool.example.ThreadPoolExample@531be3c5]" name="f" duration-ms="199" started-at="2016-12-16T11:43:28Z" finished-at="2016-12-16T11:43:28Z">
          <reporter-output>
          </reporter-output>
        </test-method> <!-- f -->
        <test-method status="PASS" signature="f()[pri:0, instance:testng.examples.threadpool.example.ThreadPoolExample@531be3c5]" name="f" duration-ms="197" started-at="2016-12-16T11:43:28Z" finished-at="2016-12-16T11:43:28Z">
          <reporter-output>
          </reporter-output>
        </test-method> <!-- f -->
        <test-method status="PASS" signature="f()[pri:0, instance:testng.examples.threadpool.example.ThreadPoolExample@531be3c5]" name="f" duration-ms="187" started-at="2016-12-16T11:43:28Z" finished-at="2016-12-16T11:43:28Z">
          <reporter-output>
          </reporter-output>
        </test-method> <!-- f -->
        <test-method status="PASS" signature="f()[pri:0, instance:testng.examples.threadpool.example.ThreadPoolExample@531be3c5]" name="f" duration-ms="196" started-at="2016-12-16T11:43:28Z" finished-at="2016-12-16T11:43:28Z">
          <reporter-output>
          </reporter-output>
        </test-method> <!-- f -->
        <test-method status="PASS" signature="f()[pri:0, instance:testng.examples.threadpool.example.ThreadPoolExample@531be3c5]" name="f" duration-ms="197" started-at="2016-12-16T11:43:28Z" finished-at="2016-12-16T11:43:28Z">
          <reporter-output>
          </reporter-output>
        </test-method> <!-- f -->
        <test-method status="PASS" signature="f()[pri:0, instance:testng.examples.threadpool.example.ThreadPoolExample@531be3c5]" name="f" duration-ms="199" started-at="2016-12-16T11:43:28Z" finished-at="2016-12-16T11:43:28Z">
          <reporter-output>
          </reporter-output>
        </test-method> <!-- f -->
        <test-method status="PASS" signature="f()[pri:0, instance:testng.examples.threadpool.example.ThreadPoolExample@531be3c5]" name="f" duration-ms="195" started-at="2016-12-16T11:43:28Z" finished-at="2016-12-16T11:43:28Z">
          <reporter-output>
          </reporter-output>
        </test-method> <!-- f -->
        <test-method status="PASS" signature="f()[pri:0, instance:testng.examples.threadpool.example.ThreadPoolExample@531be3c5]" name="f" duration-ms="200" started-at="2016-12-16T11:43:28Z" finished-at="2016-12-16T11:43:28Z">
          <reporter-output>
          </reporter-output>
        </test-method> <!-- f -->
        <test-method status="PASS" signature="f()[pri:0, instance:testng.examples.threadpool.example.ThreadPoolExample@531be3c5]" name="f" duration-ms="199" started-at="2016-12-16T11:43:28Z" finished-at="2016-12-16T11:43:28Z">
          <reporter-output>
          </reporter-output>
        </test-method> <!-- f -->
        <test-method status="PASS" signature="f()[pri:0, instance:testng.examples.threadpool.example.ThreadPoolExample@531be3c5]" name="f" duration-ms="196" started-at="2016-12-16T11:43:28Z" finished-at="2016-12-16T11:43:28Z">
          <reporter-output>
          </reporter-output>
        </test-method> <!-- f -->
        <test-method status="PASS" signature="f()[pri:0, instance:testng.examples.threadpool.example.ThreadPoolExample@531be3c5]" name="f" duration-ms="195" started-at="2016-12-16T11:43:28Z" finished-at="2016-12-16T11:43:28Z">
          <reporter-output>
          </reporter-output>
        </test-method> <!-- f -->
        <test-method status="PASS" signature="f()[pri:0, instance:testng.examples.threadpool.example.ThreadPoolExample@531be3c5]" name="f" duration-ms="193" started-at="2016-12-16T11:43:28Z" finished-at="2016-12-16T11:43:28Z">
          <reporter-output>
          </reporter-output>
        </test-method> <!-- f -->
        <test-method status="PASS" signature="f()[pri:0, instance:testng.examples.threadpool.example.ThreadPoolExample@531be3c5]" name="f" duration-ms="192" started-at="2016-12-16T11:43:28Z" finished-at="2016-12-16T11:43:28Z">
          <reporter-output>
          </reporter-output>
        </test-method> <!-- f -->
        <test-method status="PASS" signature="f()[pri:0, instance:testng.examples.threadpool.example.ThreadPoolExample@531be3c5]" name="f" duration-ms="181" started-at="2016-12-16T11:43:28Z" finished-at="2016-12-16T11:43:28Z">
          <reporter-output>
          </reporter-output>
        </test-method> <!-- f -->
        <test-method status="PASS" signature="f()[pri:0, instance:testng.examples.threadpool.example.ThreadPoolExample@531be3c5]" name="f" duration-ms="161" started-at="2016-12-16T11:43:28Z" finished-at="2016-12-16T11:43:28Z">
          <reporter-output>
          </reporter-output>
        </test-method> <!-- f -->
        <test-method status="PASS" signature="f()[pri:0, instance:testng.examples.threadpool.example.ThreadPoolExample@531be3c5]" name="f" duration-ms="158" started-at="2016-12-16T11:43:28Z" finished-at="2016-12-16T11:43:28Z">
          <reporter-output>
          </reporter-output>
        </test-method> <!-- f -->
        <test-method status="PASS" signature="f()[pri:0, instance:testng.examples.threadpool.example.ThreadPoolExample@531be3c5]" name="f" duration-ms="152" started-at="2016-12-16T11:43:28Z" finished-at="2016-12-16T11:43:28Z">
          <reporter-output>
          </reporter-output>
        </test-method> <!-- f -->
        <test-method status="PASS" signature="f()[pri:0, instance:testng.examples.threadpool.example.ThreadPoolExample@531be3c5]" name="f" duration-ms="148" started-at="2016-12-16T11:43:28Z" finished-at="2016-12-16T11:43:28Z">
          <reporter-output>
          </reporter-output>
        </test-method> <!-- f -->
        <test-method status="PASS" signature="f()[pri:0, instance:testng.examples.threadpool.example.ThreadPoolExample@531be3c5]" name="f" duration-ms="146" started-at="2016-12-16T11:43:28Z" finished-at="2016-12-16T11:43:28Z">
          <reporter-output>
          </reporter-output>
        </test-method> <!-- f -->
        <test-method status="PASS" signature="f()[pri:0, instance:testng.examples.threadpool.example.ThreadPoolExample@531be3c5]" name="f" duration-ms="143" started-at="2016-12-16T11:43:28Z" finished-at="2016-12-16T11:43:28Z">
          <reporter-output>
          </reporter-output>
        </test-method> <!-- f -->
        <test-method status="PASS" signature="f()[pri:0, instance:testng.examples.threadpool.example.ThreadPoolExample@531be3c5]" name="f" duration-ms="147" started-at="2016-12-16T11:43:28Z" finished-at="2016-12-16T11:43:28Z">
          <reporter-output>
          </reporter-output>
        </test-method> <!-- f -->
        <test-method status="PASS" signature="f()[pri:0, instance:testng.examples.threadpool.example.ThreadPoolExample@531be3c5]" name="f" duration-ms="149" started-at="2016-12-16T11:43:28Z" finished-at="2016-12-16T11:43:28Z">
          <reporter-output>
          </reporter-output>
        </test-method> <!-- f -->
        <test-method status="PASS" signature="f()[pri:0, instance:testng.examples.threadpool.example.ThreadPoolExample@531be3c5]" name="f" duration-ms="136" started-at="2016-12-16T11:43:28Z" finished-at="2016-12-16T11:43:28Z">
          <reporter-output>
          </reporter-output>
        </test-method> <!-- f -->
        <test-method status="PASS" signature="f()[pri:0, instance:testng.examples.threadpool.example.ThreadPoolExample@531be3c5]" name="f" duration-ms="132" started-at="2016-12-16T11:43:28Z" finished-at="2016-12-16T11:43:28Z">
          <reporter-output>
          </reporter-output>
        </test-method> <!-- f -->
        <test-method status="PASS" signature="f()[pri:0, instance:testng.examples.threadpool.example.ThreadPoolExample@531be3c5]" name="f" duration-ms="247" started-at="2016-12-16T11:43:28Z" finished-at="2016-12-16T11:43:29Z">
          <reporter-output>
          </reporter-output>
        </test-method> <!-- f -->
        <test-method status="PASS" signature="f()[pri:0, instance:testng.examples.threadpool.example.ThreadPoolExample@531be3c5]" name="f" duration-ms="249" started-at="2016-12-16T11:43:28Z" finished-at="2016-12-16T11:43:29Z">
          <reporter-output>
          </reporter-output>
        </test-method> <!-- f -->
        <test-method status="PASS" signature="f()[pri:0, instance:testng.examples.threadpool.example.ThreadPoolExample@531be3c5]" name="f" duration-ms="248" started-at="2016-12-16T11:43:28Z" finished-at="2016-12-16T11:43:29Z">
          <reporter-output>
          </reporter-output>
        </test-method> <!-- f -->
        <test-method status="PASS" signature="f()[pri:0, instance:testng.examples.threadpool.example.ThreadPoolExample@531be3c5]" name="f" duration-ms="176" started-at="2016-12-16T11:43:28Z" finished-at="2016-12-16T11:43:28Z">
          <reporter-output>
          </reporter-output>
        </test-method> <!-- f -->
        <test-method status="PASS" signature="f()[pri:0, instance:testng.examples.threadpool.example.ThreadPoolExample@531be3c5]" name="f" duration-ms="177" started-at="2016-12-16T11:43:28Z" finished-at="2016-12-16T11:43:28Z">
          <reporter-output>
          </reporter-output>
        </test-method> <!-- f -->
        <test-method status="PASS" signature="f()[pri:0, instance:testng.examples.threadpool.example.ThreadPoolExample@531be3c5]" name="f" duration-ms="172" started-at="2016-12-16T11:43:28Z" finished-at="2016-12-16T11:43:28Z">
          <reporter-output>
          </reporter-output>
        </test-method> <!-- f -->
        <test-method status="PASS" signature="f()[pri:0, instance:testng.examples.threadpool.example.ThreadPoolExample@531be3c5]" name="f" duration-ms="171" started-at="2016-12-16T11:43:28Z" finished-at="2016-12-16T11:43:28Z">
          <reporter-output>
          </reporter-output>
        </test-method> <!-- f -->
        <test-method status="PASS" signature="f()[pri:0, instance:testng.examples.threadpool.example.ThreadPoolExample@531be3c5]" name="f" duration-ms="171" started-at="2016-12-16T11:43:28Z" finished-at="2016-12-16T11:43:28Z">
          <reporter-output>
          </reporter-output>
        </test-method> <!-- f -->
        <test-method status="PASS" signature="f()[pri:0, instance:testng.examples.threadpool.example.ThreadPoolExample@531be3c5]" name="f" duration-ms="170" started-at="2016-12-16T11:43:28Z" finished-at="2016-12-16T11:43:28Z">
          <reporter-output>
          </reporter-output>
        </test-method> <!-- f -->
        <test-method status="PASS" signature="f()[pri:0, instance:testng.examples.threadpool.example.ThreadPoolExample@531be3c5]" name="f" duration-ms="174" started-at="2016-12-16T11:43:28Z" finished-at="2016-12-16T11:43:28Z">
          <reporter-output>
          </reporter-output>
        </test-method> <!-- f -->
        <test-method status="PASS" signature="f()[pri:0, instance:testng.examples.threadpool.example.ThreadPoolExample@531be3c5]" name="f" duration-ms="170" started-at="2016-12-16T11:43:28Z" finished-at="2016-12-16T11:43:28Z">
          <reporter-output>
          </reporter-output>
        </test-method> <!-- f -->
        <test-method status="PASS" signature="f()[pri:0, instance:testng.examples.threadpool.example.ThreadPoolExample@531be3c5]" name="f" duration-ms="159" started-at="2016-12-16T11:43:28Z" finished-at="2016-12-16T11:43:28Z">
          <reporter-output>
          </reporter-output>
        </test-method> <!-- f -->
        <test-method status="PASS" signature="f()[pri:0, instance:testng.examples.threadpool.example.ThreadPoolExample@531be3c5]" name="f" duration-ms="161" started-at="2016-12-16T11:43:28Z" finished-at="2016-12-16T11:43:28Z">
          <reporter-output>
          </reporter-output>
        </test-method> <!-- f -->
        <test-method status="PASS" signature="f()[pri:0, instance:testng.examples.threadpool.example.ThreadPoolExample@531be3c5]" name="f" duration-ms="164" started-at="2016-12-16T11:43:28Z" finished-at="2016-12-16T11:43:29Z">
          <reporter-output>
          </reporter-output>
        </test-method> <!-- f -->
        <test-method status="PASS" signature="f()[pri:0, instance:testng.examples.threadpool.example.ThreadPoolExample@531be3c5]" name="f" duration-ms="162" started-at="2016-12-16T11:43:28Z" finished-at="2016-12-16T11:43:29Z">
          <reporter-output>
          </reporter-output>
        </test-method> <!-- f -->
        <test-method status="PASS" signature="f()[pri:0, instance:testng.examples.threadpool.example.ThreadPoolExample@531be3c5]" name="f" duration-ms="163" started-at="2016-12-16T11:43:28Z" finished-at="2016-12-16T11:43:29Z">
          <reporter-output>
          </reporter-output>
        </test-method> <!-- f -->
        <test-method status="PASS" signature="f()[pri:0, instance:testng.examples.threadpool.example.ThreadPoolExample@531be3c5]" name="f" duration-ms="157" started-at="2016-12-16T11:43:28Z" finished-at="2016-12-16T11:43:29Z">
          <reporter-output>
          </reporter-output>
        </test-method> <!-- f -->
        <test-method status="PASS" signature="f()[pri:0, instance:testng.examples.threadpool.example.ThreadPoolExample@531be3c5]" name="f" duration-ms="152" started-at="2016-12-16T11:43:28Z" finished-at="2016-12-16T11:43:29Z">
          <reporter-output>
          </reporter-output>
        </test-method> <!-- f -->
        <test-method status="PASS" signature="f()[pri:0, instance:testng.examples.threadpool.example.ThreadPoolExample@531be3c5]" name="f" duration-ms="160" started-at="2016-12-16T11:43:28Z" finished-at="2016-12-16T11:43:29Z">
          <reporter-output>
          </reporter-output>
        </test-method> <!-- f -->
        <test-method status="PASS" signature="f()[pri:0, instance:testng.examples.threadpool.example.ThreadPoolExample@531be3c5]" name="f" duration-ms="161" started-at="2016-12-16T11:43:28Z" finished-at="2016-12-16T11:43:29Z">
          <reporter-output>
          </reporter-output>
        </test-method> <!-- f -->
        <test-method status="PASS" signature="f()[pri:0, instance:testng.examples.threadpool.example.ThreadPoolExample@531be3c5]" name="f" duration-ms="141" started-at="2016-12-16T11:43:28Z" finished-at="2016-12-16T11:43:29Z">
          <reporter-output>
          </reporter-output>
        </test-method> <!-- f -->
        <test-method status="PASS" signature="f()[pri:0, instance:testng.examples.threadpool.example.ThreadPoolExample@531be3c5]" name="f" duration-ms="130" started-at="2016-12-16T11:43:28Z" finished-at="2016-12-16T11:43:29Z">
          <reporter-output>
          </reporter-output>
        </test-method> <!-- f -->
        <test-method status="PASS" signature="f()[pri:0, instance:testng.examples.threadpool.example.ThreadPoolExample@531be3c5]" name="f" duration-ms="116" started-at="2016-12-16T11:43:28Z" finished-at="2016-12-16T11:43:29Z">
          <reporter-output>
          </reporter-output>
        </test-method> <!-- f -->
        <test-method status="PASS" signature="f()[pri:0, instance:testng.examples.threadpool.example.ThreadPoolExample@531be3c5]" name="f" duration-ms="113" started-at="2016-12-16T11:43:28Z" finished-at="2016-12-16T11:43:29Z">
          <reporter-output>
          </reporter-output>
        </test-method> <!-- f -->
        <test-method status="PASS" signature="f()[pri:0, instance:testng.examples.threadpool.example.ThreadPoolExample@531be3c5]" name="f" duration-ms="115" started-at="2016-12-16T11:43:28Z" finished-at="2016-12-16T11:43:29Z">
          <reporter-output>
          </reporter-output>
        </test-method> <!-- f -->
        <test-method status="PASS" signature="f()[pri:0, instance:testng.examples.threadpool.example.ThreadPoolExample@531be3c5]" name="f" duration-ms="114" started-at="2016-12-16T11:43:28Z" finished-at="2016-12-16T11:43:29Z">
          <reporter-output>
          </reporter-output>
        </test-method> <!-- f -->
        <test-method status="PASS" signature="f()[pri:0, instance:testng.examples.threadpool.example.ThreadPoolExample@531be3c5]" name="f" duration-ms="178" started-at="2016-12-16T11:43:28Z" finished-at="2016-12-16T11:43:29Z">
          <reporter-output>
          </reporter-output>
        </test-method> <!-- f -->
        <test-method status="PASS" signature="f()[pri:0, instance:testng.examples.threadpool.example.ThreadPoolExample@531be3c5]" name="f" duration-ms="175" started-at="2016-12-16T11:43:28Z" finished-at="2016-12-16T11:43:29Z">
          <reporter-output>
          </reporter-output>
        </test-method> <!-- f -->
        <test-method status="PASS" signature="f()[pri:0, instance:testng.examples.threadpool.example.ThreadPoolExample@531be3c5]" name="f" duration-ms="115" started-at="2016-12-16T11:43:28Z" finished-at="2016-12-16T11:43:29Z">
          <reporter-output>
          </reporter-output>
        </test-method> <!-- f -->
        <test-method status="PASS" signature="f()[pri:0, instance:testng.examples.threadpool.example.ThreadPoolExample@531be3c5]" name="f" duration-ms="145" started-at="2016-12-16T11:43:28Z" finished-at="2016-12-16T11:43:29Z">
          <reporter-output>
          </reporter-output>
        </test-method> <!-- f -->
        <test-method status="PASS" signature="f()[pri:0, instance:testng.examples.threadpool.example.ThreadPoolExample@531be3c5]" name="f" duration-ms="153" started-at="2016-12-16T11:43:28Z" finished-at="2016-12-16T11:43:29Z">
          <reporter-output>
          </reporter-output>
        </test-method> <!-- f -->
        <test-method status="PASS" signature="f()[pri:0, instance:testng.examples.threadpool.example.ThreadPoolExample@531be3c5]" name="f" duration-ms="149" started-at="2016-12-16T11:43:28Z" finished-at="2016-12-16T11:43:29Z">
          <reporter-output>
          </reporter-output>
        </test-method> <!-- f -->
        <test-method status="PASS" signature="f()[pri:0, instance:testng.examples.threadpool.example.ThreadPoolExample@531be3c5]" name="f" duration-ms="168" started-at="2016-12-16T11:43:28Z" finished-at="2016-12-16T11:43:29Z">
          <reporter-output>
          </reporter-output>
        </test-method> <!-- f -->
        <test-method status="PASS" signature="f()[pri:0, instance:testng.examples.threadpool.example.ThreadPoolExample@531be3c5]" name="f" duration-ms="143" started-at="2016-12-16T11:43:28Z" finished-at="2016-12-16T11:43:29Z">
          <reporter-output>
          </reporter-output>
        </test-method> <!-- f -->
        <test-method status="PASS" signature="f()[pri:0, instance:testng.examples.threadpool.example.ThreadPoolExample@531be3c5]" name="f" duration-ms="112" started-at="2016-12-16T11:43:28Z" finished-at="2016-12-16T11:43:29Z">
          <reporter-output>
          </reporter-output>
        </test-method> <!-- f -->
        <test-method status="PASS" signature="f()[pri:0, instance:testng.examples.threadpool.example.ThreadPoolExample@531be3c5]" name="f" duration-ms="119" started-at="2016-12-16T11:43:28Z" finished-at="2016-12-16T11:43:29Z">
          <reporter-output>
          </reporter-output>
        </test-method> <!-- f -->
        <test-method status="PASS" signature="f()[pri:0, instance:testng.examples.threadpool.example.ThreadPoolExample@531be3c5]" name="f" duration-ms="89" started-at="2016-12-16T11:43:28Z" finished-at="2016-12-16T11:43:29Z">
          <reporter-output>
          </reporter-output>
        </test-method> <!-- f -->
        <test-method status="PASS" signature="f()[pri:0, instance:testng.examples.threadpool.example.ThreadPoolExample@531be3c5]" name="f" duration-ms="117" started-at="2016-12-16T11:43:28Z" finished-at="2016-12-16T11:43:29Z">
          <reporter-output>
          </reporter-output>
        </test-method> <!-- f -->
        <test-method status="PASS" signature="f()[pri:0, instance:testng.examples.threadpool.example.ThreadPoolExample@531be3c5]" name="f" duration-ms="113" started-at="2016-12-16T11:43:28Z" finished-at="2016-12-16T11:43:29Z">
          <reporter-output>
          </reporter-output>
        </test-method> <!-- f -->
        <test-method status="PASS" signature="f()[pri:0, instance:testng.examples.threadpool.example.ThreadPoolExample@531be3c5]" name="f" duration-ms="98" started-at="2016-12-16T11:43:28Z" finished-at="2016-12-16T11:43:29Z">
          <reporter-output>
          </reporter-output>
        </test-method> <!-- f -->
        <test-method status="PASS" signature="f()[pri:0, instance:testng.examples.threadpool.example.ThreadPoolExample@531be3c5]" name="f" duration-ms="108" started-at="2016-12-16T11:43:28Z" finished-at="2016-12-16T11:43:29Z">
          <reporter-output>
          </reporter-output>
        </test-method> <!-- f -->
        <test-method status="PASS" signature="f()[pri:0, instance:testng.examples.threadpool.example.ThreadPoolExample@531be3c5]" name="f" duration-ms="87" started-at="2016-12-16T11:43:28Z" finished-at="2016-12-16T11:43:29Z">
          <reporter-output>
          </reporter-output>
        </test-method> <!-- f -->
        <test-method status="PASS" signature="f()[pri:0, instance:testng.examples.threadpool.example.ThreadPoolExample@531be3c5]" name="f" duration-ms="86" started-at="2016-12-16T11:43:28Z" finished-at="2016-12-16T11:43:29Z">
          <reporter-output>
          </reporter-output>
        </test-method> <!-- f -->
        <test-method status="PASS" signature="f()[pri:0, instance:testng.examples.threadpool.example.ThreadPoolExample@531be3c5]" name="f" duration-ms="85" started-at="2016-12-16T11:43:28Z" finished-at="2016-12-16T11:43:29Z">
          <reporter-output>
          </reporter-output>
        </test-method> <!-- f -->
        <test-method status="PASS" signature="f()[pri:0, instance:testng.examples.threadpool.example.ThreadPoolExample@531be3c5]" name="f" duration-ms="83" started-at="2016-12-16T11:43:28Z" finished-at="2016-12-16T11:43:29Z">
          <reporter-output>
          </reporter-output>
        </test-method> <!-- f -->
        <test-method status="PASS" signature="f()[pri:0, instance:testng.examples.threadpool.example.ThreadPoolExample@531be3c5]" name="f" duration-ms="88" started-at="2016-12-16T11:43:28Z" finished-at="2016-12-16T11:43:29Z">
          <reporter-output>
          </reporter-output>
        </test-method> <!-- f -->
        <test-method status="PASS" signature="f()[pri:0, instance:testng.examples.threadpool.example.ThreadPoolExample@531be3c5]" name="f" duration-ms="89" started-at="2016-12-16T11:43:28Z" finished-at="2016-12-16T11:43:29Z">
          <reporter-output>
          </reporter-output>
        </test-method> <!-- f -->
        <test-method status="PASS" signature="f()[pri:0, instance:testng.examples.threadpool.example.ThreadPoolExample@531be3c5]" name="f" duration-ms="90" started-at="2016-12-16T11:43:28Z" finished-at="2016-12-16T11:43:29Z">
          <reporter-output>
          </reporter-output>
        </test-method> <!-- f -->
        <test-method status="PASS" signature="f()[pri:0, instance:testng.examples.threadpool.example.ThreadPoolExample@531be3c5]" name="f" duration-ms="85" started-at="2016-12-16T11:43:28Z" finished-at="2016-12-16T11:43:29Z">
          <reporter-output>
          </reporter-output>
        </test-method> <!-- f -->
        <test-method status="PASS" signature="f()[pri:0, instance:testng.examples.threadpool.example.ThreadPoolExample@531be3c5]" name="f" duration-ms="81" started-at="2016-12-16T11:43:28Z" finished-at="2016-12-16T11:43:29Z">
          <reporter-output>
          </reporter-output>
        </test-method> <!-- f -->
        <test-method status="PASS" signature="f()[pri:0, instance:testng.examples.threadpool.example.ThreadPoolExample@531be3c5]" name="f" duration-ms="131" started-at="2016-12-16T11:43:28Z" finished-at="2016-12-16T11:43:29Z">
          <reporter-output>
          </reporter-output>
        </test-method> <!-- f -->
        <test-method status="PASS" signature="f()[pri:0, instance:testng.examples.threadpool.example.ThreadPoolExample@531be3c5]" name="f" duration-ms="128" started-at="2016-12-16T11:43:28Z" finished-at="2016-12-16T11:43:29Z">
          <reporter-output>
          </reporter-output>
        </test-method> <!-- f -->
        <test-method status="PASS" signature="f()[pri:0, instance:testng.examples.threadpool.example.ThreadPoolExample@531be3c5]" name="f" duration-ms="130" started-at="2016-12-16T11:43:28Z" finished-at="2016-12-16T11:43:29Z">
          <reporter-output>
          </reporter-output>
        </test-method> <!-- f -->
        <test-method status="PASS" signature="f()[pri:0, instance:testng.examples.threadpool.example.ThreadPoolExample@531be3c5]" name="f" duration-ms="132" started-at="2016-12-16T11:43:28Z" finished-at="2016-12-16T11:43:29Z">
          <reporter-output>
          </reporter-output>
        </test-method> <!-- f -->
        <test-method status="PASS" signature="f()[pri:0, instance:testng.examples.threadpool.example.ThreadPoolExample@531be3c5]" name="f" duration-ms="130" started-at="2016-12-16T11:43:28Z" finished-at="2016-12-16T11:43:29Z">
          <reporter-output>
          </reporter-output>
        </test-method> <!-- f -->
        <test-method status="PASS" signature="f()[pri:0, instance:testng.examples.threadpool.example.ThreadPoolExample@531be3c5]" name="f" duration-ms="145" started-at="2016-12-16T11:43:28Z" finished-at="2016-12-16T11:43:29Z">
          <reporter-output>
          </reporter-output>
        </test-method> <!-- f -->
        <test-method status="PASS" signature="f()[pri:0, instance:testng.examples.threadpool.example.ThreadPoolExample@531be3c5]" name="f" duration-ms="147" started-at="2016-12-16T11:43:28Z" finished-at="2016-12-16T11:43:29Z">
          <reporter-output>
          </reporter-output>
        </test-method> <!-- f -->
        <test-method status="PASS" signature="f()[pri:0, instance:testng.examples.threadpool.example.ThreadPoolExample@531be3c5]" name="f" duration-ms="156" started-at="2016-12-16T11:43:28Z" finished-at="2016-12-16T11:43:29Z">
          <reporter-output>
          </reporter-output>
        </test-method> <!-- f -->
        <test-method status="PASS" signature="f()[pri:0, instance:testng.examples.threadpool.example.ThreadPoolExample@531be3c5]" name="f" duration-ms="161" started-at="2016-12-16T11:43:28Z" finished-at="2016-12-16T11:43:29Z">
          <reporter-output>
          </reporter-output>
        </test-method> <!-- f -->
        <test-method status="PASS" signature="f()[pri:0, instance:testng.examples.threadpool.example.ThreadPoolExample@531be3c5]" name="f" duration-ms="160" started-at="2016-12-16T11:43:28Z" finished-at="2016-12-16T11:43:29Z">
          <reporter-output>
          </reporter-output>
        </test-method> <!-- f -->
        <test-method status="PASS" signature="f()[pri:0, instance:testng.examples.threadpool.example.ThreadPoolExample@531be3c5]" name="f" duration-ms="160" started-at="2016-12-16T11:43:29Z" finished-at="2016-12-16T11:43:29Z">
          <reporter-output>
          </reporter-output>
        </test-method> <!-- f -->
        <test-method status="PASS" signature="f()[pri:0, instance:testng.examples.threadpool.example.ThreadPoolExample@531be3c5]" name="f" duration-ms="188" started-at="2016-12-16T11:43:29Z" finished-at="2016-12-16T11:43:29Z">
          <reporter-output>
          </reporter-output>
        </test-method> <!-- f -->
        <test-method status="PASS" signature="f()[pri:0, instance:testng.examples.threadpool.example.ThreadPoolExample@531be3c5]" name="f" duration-ms="214" started-at="2016-12-16T11:43:29Z" finished-at="2016-12-16T11:43:29Z">
          <reporter-output>
          </reporter-output>
        </test-method> <!-- f -->
        <test-method status="PASS" signature="f()[pri:0, instance:testng.examples.threadpool.example.ThreadPoolExample@531be3c5]" name="f" duration-ms="214" started-at="2016-12-16T11:43:29Z" finished-at="2016-12-16T11:43:29Z">
          <reporter-output>
          </reporter-output>
        </test-method> <!-- f -->
        <test-method status="PASS" signature="f()[pri:0, instance:testng.examples.threadpool.example.ThreadPoolExample@531be3c5]" name="f" duration-ms="214" started-at="2016-12-16T11:43:29Z" finished-at="2016-12-16T11:43:29Z">
          <reporter-output>
          </reporter-output>
        </test-method> <!-- f -->
        <test-method status="PASS" signature="f()[pri:0, instance:testng.examples.threadpool.example.ThreadPoolExample@531be3c5]" name="f" duration-ms="213" started-at="2016-12-16T11:43:29Z" finished-at="2016-12-16T11:43:29Z">
          <reporter-output>
          </reporter-output>
        </test-method> <!-- f -->
        <test-method status="PASS" signature="f()[pri:0, instance:testng.examples.threadpool.example.ThreadPoolExample@531be3c5]" name="f" duration-ms="213" started-at="2016-12-16T11:43:29Z" finished-at="2016-12-16T11:43:29Z">
          <reporter-output>
          </reporter-output>
        </test-method> <!-- f -->
        <test-method status="PASS" signature="f()[pri:0, instance:testng.examples.threadpool.example.ThreadPoolExample@531be3c5]" name="f" duration-ms="171" started-at="2016-12-16T11:43:29Z" finished-at="2016-12-16T11:43:29Z">
          <reporter-output>
          </reporter-output>
        </test-method> <!-- f -->
        <test-method status="PASS" signature="f()[pri:0, instance:testng.examples.threadpool.example.ThreadPoolExample@531be3c5]" name="f" duration-ms="210" started-at="2016-12-16T11:43:29Z" finished-at="2016-12-16T11:43:29Z">
          <reporter-output>
          </reporter-output>
        </test-method> <!-- f -->
        <test-method status="PASS" signature="f()[pri:0, instance:testng.examples.threadpool.example.ThreadPoolExample@531be3c5]" name="f" duration-ms="207" started-at="2016-12-16T11:43:29Z" finished-at="2016-12-16T11:43:29Z">
          <reporter-output>
          </reporter-output>
        </test-method> <!-- f -->
        <test-method status="PASS" signature="f()[pri:0, instance:testng.examples.threadpool.example.ThreadPoolExample@531be3c5]" name="f" duration-ms="206" started-at="2016-12-16T11:43:29Z" finished-at="2016-12-16T11:43:29Z">
          <reporter-output>
          </reporter-output>
        </test-method> <!-- f -->
        <test-method status="PASS" signature="f()[pri:0, instance:testng.examples.threadpool.example.ThreadPoolExample@531be3c5]" name="f" duration-ms="205" started-at="2016-12-16T11:43:29Z" finished-at="2016-12-16T11:43:29Z">
          <reporter-output>
          </reporter-output>
        </test-method> <!-- f -->
        <test-method status="PASS" signature="f()[pri:0, instance:testng.examples.threadpool.example.ThreadPoolExample@531be3c5]" name="f" duration-ms="203" started-at="2016-12-16T11:43:29Z" finished-at="2016-12-16T11:43:29Z">
          <reporter-output>
          </reporter-output>
        </test-method> <!-- f -->
        <test-method status="PASS" signature="f()[pri:0, instance:testng.examples.threadpool.example.ThreadPoolExample@531be3c5]" name="f" duration-ms="204" started-at="2016-12-16T11:43:29Z" finished-at="2016-12-16T11:43:29Z">
          <reporter-output>
          </reporter-output>
        </test-method> <!-- f -->
        <test-method status="PASS" signature="f()[pri:0, instance:testng.examples.threadpool.example.ThreadPoolExample@531be3c5]" name="f" duration-ms="203" started-at="2016-12-16T11:43:29Z" finished-at="2016-12-16T11:43:29Z">
          <reporter-output>
          </reporter-output>
        </test-method> <!-- f -->
        <test-method status="PASS" signature="f()[pri:0, instance:testng.examples.threadpool.example.ThreadPoolExample@531be3c5]" name="f" duration-ms="198" started-at="2016-12-16T11:43:29Z" finished-at="2016-12-16T11:43:29Z">
          <reporter-output>
          </reporter-output>
        </test-method> <!-- f -->
        <test-method status="PASS" signature="f()[pri:0, instance:testng.examples.threadpool.example.ThreadPoolExample@531be3c5]" name="f" duration-ms="197" started-at="2016-12-16T11:43:29Z" finished-at="2016-12-16T11:43:29Z">
          <reporter-output>
          </reporter-output>
        </test-method> <!-- f -->
        <test-method status="PASS" signature="f()[pri:0, instance:testng.examples.threadpool.example.ThreadPoolExample@531be3c5]" name="f" duration-ms="196" started-at="2016-12-16T11:43:29Z" finished-at="2016-12-16T11:43:29Z">
          <reporter-output>
          </reporter-output>
        </test-method> <!-- f -->
        <test-method status="PASS" signature="f()[pri:0, instance:testng.examples.threadpool.example.ThreadPoolExample@531be3c5]" name="f" duration-ms="195" started-at="2016-12-16T11:43:29Z" finished-at="2016-12-16T11:43:29Z">
          <reporter-output>
          </reporter-output>
        </test-method> <!-- f -->
        <test-method status="PASS" signature="f()[pri:0, instance:testng.examples.threadpool.example.ThreadPoolExample@531be3c5]" name="f" duration-ms="193" started-at="2016-12-16T11:43:29Z" finished-at="2016-12-16T11:43:29Z">
          <reporter-output>
          </reporter-output>
        </test-method> <!-- f -->
        <test-method status="PASS" signature="f()[pri:0, instance:testng.examples.threadpool.example.ThreadPoolExample@531be3c5]" name="f" duration-ms="185" started-at="2016-12-16T11:43:29Z" finished-at="2016-12-16T11:43:29Z">
          <reporter-output>
          </reporter-output>
        </test-method> <!-- f -->
        <test-method status="PASS" signature="f()[pri:0, instance:testng.examples.threadpool.example.ThreadPoolExample@531be3c5]" name="f" duration-ms="179" started-at="2016-12-16T11:43:29Z" finished-at="2016-12-16T11:43:29Z">
          <reporter-output>
          </reporter-output>
        </test-method> <!-- f -->
        <test-method status="PASS" signature="f()[pri:0, instance:testng.examples.threadpool.example.ThreadPoolExample@531be3c5]" name="f" duration-ms="176" started-at="2016-12-16T11:43:29Z" finished-at="2016-12-16T11:43:29Z">
          <reporter-output>
          </reporter-output>
        </test-method> <!-- f -->
        <test-method status="PASS" signature="f()[pri:0, instance:testng.examples.threadpool.example.ThreadPoolExample@531be3c5]" name="f" duration-ms="175" started-at="2016-12-16T11:43:29Z" finished-at="2016-12-16T11:43:29Z">
          <reporter-output>
          </reporter-output>
        </test-method> <!-- f -->
        <test-method status="PASS" signature="f()[pri:0, instance:testng.examples.threadpool.example.ThreadPoolExample@531be3c5]" name="f" duration-ms="174" started-at="2016-12-16T11:43:29Z" finished-at="2016-12-16T11:43:29Z">
          <reporter-output>
          </reporter-output>
        </test-method> <!-- f -->
        <test-method status="PASS" signature="f()[pri:0, instance:testng.examples.threadpool.example.ThreadPoolExample@531be3c5]" name="f" duration-ms="173" started-at="2016-12-16T11:43:29Z" finished-at="2016-12-16T11:43:29Z">
          <reporter-output>
          </reporter-output>
        </test-method> <!-- f -->
        <test-method status="PASS" signature="f()[pri:0, instance:testng.examples.threadpool.example.ThreadPoolExample@531be3c5]" name="f" duration-ms="168" started-at="2016-12-16T11:43:29Z" finished-at="2016-12-16T11:43:29Z">
          <reporter-output>
          </reporter-output>
        </test-method> <!-- f -->
        <test-method status="PASS" signature="f()[pri:0, instance:testng.examples.threadpool.example.ThreadPoolExample@531be3c5]" name="f" duration-ms="165" started-at="2016-12-16T11:43:29Z" finished-at="2016-12-16T11:43:29Z">
          <reporter-output>
          </reporter-output>
        </test-method> <!-- f -->
        <test-method status="PASS" signature="f()[pri:0, instance:testng.examples.threadpool.example.ThreadPoolExample@531be3c5]" name="f" duration-ms="148" started-at="2016-12-16T11:43:29Z" finished-at="2016-12-16T11:43:29Z">
          <reporter-output>
          </reporter-output>
        </test-method> <!-- f -->
        <test-method status="PASS" signature="f()[pri:0, instance:testng.examples.threadpool.example.ThreadPoolExample@531be3c5]" name="f" duration-ms="142" started-at="2016-12-16T11:43:29Z" finished-at="2016-12-16T11:43:29Z">
          <reporter-output>
          </reporter-output>
        </test-method> <!-- f -->
        <test-method status="PASS" signature="f()[pri:0, instance:testng.examples.threadpool.example.ThreadPoolExample@531be3c5]" name="f" duration-ms="141" started-at="2016-12-16T11:43:29Z" finished-at="2016-12-16T11:43:29Z">
          <reporter-output>
          </reporter-output>
        </test-method> <!-- f -->
        <test-method status="PASS" signature="f()[pri:0, instance:testng.examples.threadpool.example.ThreadPoolExample@531be3c5]" name="f" duration-ms="138" started-at="2016-12-16T11:43:29Z" finished-at="2016-12-16T11:43:29Z">
          <reporter-output>
          </reporter-output>
        </test-method> <!-- f -->
        <test-method status="PASS" signature="f()[pri:0, instance:testng.examples.threadpool.example.ThreadPoolExample@531be3c5]" name="f" duration-ms="135" started-at="2016-12-16T11:43:29Z" finished-at="2016-12-16T11:43:29Z">
          <reporter-output>
          </reporter-output>
        </test-method> <!-- f -->
        <test-method status="PASS" signature="f()[pri:0, instance:testng.examples.threadpool.example.ThreadPoolExample@531be3c5]" name="f" duration-ms="123" started-at="2016-12-16T11:43:29Z" finished-at="2016-12-16T11:43:29Z">
          <reporter-output>
          </reporter-output>
        </test-method> <!-- f -->
        <test-method status="PASS" signature="f()[pri:0, instance:testng.examples.threadpool.example.ThreadPoolExample@531be3c5]" name="f" duration-ms="115" started-at="2016-12-16T11:43:29Z" finished-at="2016-12-16T11:43:29Z">
          <reporter-output>
          </reporter-output>
        </test-method> <!-- f -->
        <test-method status="PASS" signature="f()[pri:0, instance:testng.examples.threadpool.example.ThreadPoolExample@531be3c5]" name="f" duration-ms="107" started-at="2016-12-16T11:43:29Z" finished-at="2016-12-16T11:43:29Z">
          <reporter-output>
          </reporter-output>
        </test-method> <!-- f -->
        <test-method status="PASS" signature="f()[pri:0, instance:testng.examples.threadpool.example.ThreadPoolExample@531be3c5]" name="f" duration-ms="78" started-at="2016-12-16T11:43:29Z" finished-at="2016-12-16T11:43:29Z">
          <reporter-output>
          </reporter-output>
        </test-method> <!-- f -->
        <test-method status="PASS" signature="f()[pri:0, instance:testng.examples.threadpool.example.ThreadPoolExample@531be3c5]" name="f" duration-ms="71" started-at="2016-12-16T11:43:29Z" finished-at="2016-12-16T11:43:29Z">
          <reporter-output>
          </reporter-output>
        </test-method> <!-- f -->
        <test-method status="PASS" signature="f()[pri:0, instance:testng.examples.threadpool.example.ThreadPoolExample@531be3c5]" name="f" duration-ms="66" started-at="2016-12-16T11:43:29Z" finished-at="2016-12-16T11:43:29Z">
          <reporter-output>
          </reporter-output>
        </test-method> <!-- f -->
        <test-method status="PASS" signature="f()[pri:0, instance:testng.examples.threadpool.example.ThreadPoolExample@531be3c5]" name="f" duration-ms="65" started-at="2016-12-16T11:43:29Z" finished-at="2016-12-16T11:43:29Z">
          <reporter-output>
          </reporter-output>
        </test-method> <!-- f -->
        <test-method status="PASS" signature="f()[pri:0, instance:testng.examples.threadpool.example.ThreadPoolExample@531be3c5]" name="f" duration-ms="54" started-at="2016-12-16T11:43:29Z" finished-at="2016-12-16T11:43:29Z">
          <reporter-output>
          </reporter-output>
        </test-method> <!-- f -->
        <test-method status="PASS" signature="f()[pri:0, instance:testng.examples.threadpool.example.ThreadPoolExample@531be3c5]" name="f" duration-ms="54" started-at="2016-12-16T11:43:29Z" finished-at="2016-12-16T11:43:29Z">
          <reporter-output>
          </reporter-output>
        </test-method> <!-- f -->
        <test-method status="PASS" signature="f()[pri:0, instance:testng.examples.threadpool.example.ThreadPoolExample@531be3c5]" name="f" duration-ms="53" started-at="2016-12-16T11:43:29Z" finished-at="2016-12-16T11:43:29Z">
          <reporter-output>
          </reporter-output>
        </test-method> <!-- f -->
        <test-method status="PASS" signature="f()[pri:0, instance:testng.examples.threadpool.example.ThreadPoolExample@531be3c5]" name="f" duration-ms="53" started-at="2016-12-16T11:43:29Z" finished-at="2016-12-16T11:43:29Z">
          <reporter-output>
          </reporter-output>
        </test-method> <!-- f -->
        <test-method status="PASS" signature="f()[pri:0, instance:testng.examples.threadpool.example.ThreadPoolExample@531be3c5]" name="f" duration-ms="52" started-at="2016-12-16T11:43:29Z" finished-at="2016-12-16T11:43:29Z">
          <reporter-output>
          </reporter-output>
        </test-method> <!-- f -->
        <test-method status="PASS" signature="f()[pri:0, instance:testng.examples.threadpool.example.ThreadPoolExample@531be3c5]" name="f" duration-ms="52" started-at="2016-12-16T11:43:29Z" finished-at="2016-12-16T11:43:29Z">
          <reporter-output>
          </reporter-output>
        </test-method> <!-- f -->
        <test-method status="PASS" signature="f()[pri:0, instance:testng.examples.threadpool.example.ThreadPoolExample@531be3c5]" name="f" duration-ms="52" started-at="2016-12-16T11:43:29Z" finished-at="2016-12-16T11:43:29Z">
          <reporter-output>
          </reporter-output>
        </test-method> <!-- f -->
        <test-method status="PASS" signature="f()[pri:0, instance:testng.examples.threadpool.example.ThreadPoolExample@531be3c5]" name="f" duration-ms="52" started-at="2016-12-16T11:43:29Z" finished-at="2016-12-16T11:43:29Z">
          <reporter-output>
          </reporter-output>
        </test-method> <!-- f -->
        <test-method status="PASS" signature="f()[pri:0, instance:testng.examples.threadpool.example.ThreadPoolExample@531be3c5]" name="f" duration-ms="52" started-at="2016-12-16T11:43:29Z" finished-at="2016-12-16T11:43:29Z">
          <reporter-output>
          </reporter-output>
        </test-method> <!-- f -->
        <test-method status="PASS" signature="f()[pri:0, instance:testng.examples.threadpool.example.ThreadPoolExample@531be3c5]" name="f" duration-ms="51" started-at="2016-12-16T11:43:29Z" finished-at="2016-12-16T11:43:29Z">
          <reporter-output>
          </reporter-output>
        </test-method> <!-- f -->
        <test-method status="PASS" signature="f()[pri:0, instance:testng.examples.threadpool.example.ThreadPoolExample@531be3c5]" name="f" duration-ms="51" started-at="2016-12-16T11:43:29Z" finished-at="2016-12-16T11:43:29Z">
          <reporter-output>
          </reporter-output>
        </test-method> <!-- f -->
        <test-method status="PASS" signature="f()[pri:0, instance:testng.examples.threadpool.example.ThreadPoolExample@531be3c5]" name="f" duration-ms="39" started-at="2016-12-16T11:43:29Z" finished-at="2016-12-16T11:43:29Z">
          <reporter-output>
          </reporter-output>
        </test-method> <!-- f -->
        <test-method status="PASS" signature="f()[pri:0, instance:testng.examples.threadpool.example.ThreadPoolExample@531be3c5]" name="f" duration-ms="187" started-at="2016-12-16T11:43:29Z" finished-at="2016-12-16T11:43:29Z">
          <reporter-output>
          </reporter-output>
        </test-method> <!-- f -->
        <test-method status="PASS" signature="f()[pri:0, instance:testng.examples.threadpool.example.ThreadPoolExample@531be3c5]" name="f" duration-ms="183" started-at="2016-12-16T11:43:29Z" finished-at="2016-12-16T11:43:29Z">
          <reporter-output>
          </reporter-output>
        </test-method> <!-- f -->
        <test-method status="PASS" signature="f()[pri:0, instance:testng.examples.threadpool.example.ThreadPoolExample@531be3c5]" name="f" duration-ms="146" started-at="2016-12-16T11:43:29Z" finished-at="2016-12-16T11:43:29Z">
          <reporter-output>
          </reporter-output>
        </test-method> <!-- f -->
        <test-method status="PASS" signature="f()[pri:0, instance:testng.examples.threadpool.example.ThreadPoolExample@531be3c5]" name="f" duration-ms="189" started-at="2016-12-16T11:43:29Z" finished-at="2016-12-16T11:43:29Z">
          <reporter-output>
          </reporter-output>
        </test-method> <!-- f -->
        <test-method status="PASS" signature="f()[pri:0, instance:testng.examples.threadpool.example.ThreadPoolExample@531be3c5]" name="f" duration-ms="168" started-at="2016-12-16T11:43:29Z" finished-at="2016-12-16T11:43:29Z">
          <reporter-output>
          </reporter-output>
        </test-method> <!-- f -->
        <test-method status="PASS" signature="f()[pri:0, instance:testng.examples.threadpool.example.ThreadPoolExample@531be3c5]" name="f" duration-ms="172" started-at="2016-12-16T11:43:29Z" finished-at="2016-12-16T11:43:29Z">
          <reporter-output>
          </reporter-output>
        </test-method> <!-- f -->
[...]
          <reporter-output>
          </reporter-output>
        </test-method> <!-- h -->
        <test-method status="PASS" signature="h()[pri:0, instance:testng.examples.threadpool.example.ThreadPoolExample@531be3c5]" name="h" duration-ms="44" started-at="2016-12-16T11:43:33Z" finished-at="2016-12-16T11:43:33Z">
          <reporter-output>
          </reporter-output>
        </test-method> <!-- h -->
        <test-method status="PASS" signature="h()[pri:0, instance:testng.examples.threadpool.example.ThreadPoolExample@531be3c5]" name="h" duration-ms="43" started-at="2016-12-16T11:43:33Z" finished-at="2016-12-16T11:43:33Z">
          <reporter-output>
          </reporter-output>
        </test-method> <!-- h -->
        <test-method status="PASS" signature="h()[pri:0, instance:testng.examples.threadpool.example.ThreadPoolExample@531be3c5]" name="h" duration-ms="43" started-at="2016-12-16T11:43:33Z" finished-at="2016-12-16T11:43:33Z">
          <reporter-output>
          </reporter-output>
        </test-method> <!-- h -->
        <test-method status="PASS" signature="h()[pri:0, instance:testng.examples.threadpool.example.ThreadPoolExample@531be3c5]" name="h" duration-ms="42" started-at="2016-12-16T11:43:33Z" finished-at="2016-12-16T11:43:33Z">
          <reporter-output>
          </reporter-output>
        </test-method> <!-- h -->
        <test-method status="PASS" signature="h()[pri:0, instance:testng.examples.threadpool.example.ThreadPoolExample@531be3c5]" name="h" duration-ms="41" started-at="2016-12-16T11:43:33Z" finished-at="2016-12-16T11:43:33Z">
          <reporter-output>
          </reporter-output>
        </test-method> <!-- h -->
        <test-method status="PASS" signature="h()[pri:0, instance:testng.examples.threadpool.example.ThreadPoolExample@531be3c5]" name="h" duration-ms="42" started-at="2016-12-16T11:43:33Z" finished-at="2016-12-16T11:43:33Z">
          <reporter-output>
          </reporter-output>
        </test-method> <!-- h -->
        <test-method status="PASS" signature="h()[pri:0, instance:testng.examples.threadpool.example.ThreadPoolExample@531be3c5]" name="h" duration-ms="41" started-at="2016-12-16T11:43:33Z" finished-at="2016-12-16T11:43:33Z">
          <reporter-output>
          </reporter-output>
        </test-method> <!-- h -->
        <test-method status="PASS" signature="h()[pri:0, instance:testng.examples.threadpool.example.ThreadPoolExample@531be3c5]" name="h" duration-ms="41" started-at="2016-12-16T11:43:33Z" finished-at="2016-12-16T11:43:33Z">
          <reporter-output>
          </reporter-output>
        </test-method> <!-- h -->
        <test-method status="PASS" signature="h()[pri:0, instance:testng.examples.threadpool.example.ThreadPoolExample@531be3c5]" name="h" duration-ms="41" started-at="2016-12-16T11:43:33Z" finished-at="2016-12-16T11:43:33Z">
          <reporter-output>
          </reporter-output>
        </test-method> <!-- h -->
        <test-method status="PASS" signature="h()[pri:0, instance:testng.examples.threadpool.example.ThreadPoolExample@531be3c5]" name="h" duration-ms="41" started-at="2016-12-16T11:43:33Z" finished-at="2016-12-16T11:43:33Z">
          <reporter-output>
          </reporter-output>
        </test-method> <!-- h -->
        <test-method status="PASS" signature="h()[pri:0, instance:testng.examples.threadpool.example.ThreadPoolExample@531be3c5]" name="h" duration-ms="40" started-at="2016-12-16T11:43:33Z" finished-at="2016-12-16T11:43:33Z">
          <reporter-output>
          </reporter-output>
        </test-method> <!-- h -->
        <test-method status="PASS" signature="h()[pri:0, instance:testng.examples.threadpool.example.ThreadPoolExample@531be3c5]" name="h" duration-ms="41" started-at="2016-12-16T11:43:33Z" finished-at="2016-12-16T11:43:33Z">
          <reporter-output>
          </reporter-output>
        </test-method> <!-- h -->
        <test-method status="PASS" signature="h()[pri:0, instance:testng.examples.threadpool.example.ThreadPoolExample@531be3c5]" name="h" duration-ms="42" started-at="2016-12-16T11:43:33Z" finished-at="2016-12-16T11:43:33Z">
          <reporter-output>
          </reporter-output>
        </test-method> <!-- h -->
        <test-method status="PASS" signature="h()[pri:0, instance:testng.examples.threadpool.example.ThreadPoolExample@531be3c5]" name="h" duration-ms="41" started-at="2016-12-16T11:43:33Z" finished-at="2016-12-16T11:43:33Z">
          <reporter-output>
          </reporter-output>
        </test-method> <!-- h -->
        <test-method status="PASS" signature="h()[pri:0, instance:testng.examples.threadpool.example.ThreadPoolExample@531be3c5]" name="h" duration-ms="41" started-at="2016-12-16T11:43:33Z" finished-at="2016-12-16T11:43:33Z">
          <reporter-output>
          </reporter-output>
        </test-method> <!-- h -->
        <test-method status="PASS" signature="h()[pri:0, instance:testng.examples.threadpool.example.ThreadPoolExample@531be3c5]" name="h" duration-ms="41" started-at="2016-12-16T11:43:33Z" finished-at="2016-12-16T11:43:33Z">
          <reporter-output>
          </reporter-output>
        </test-method> <!-- h -->
        <test-method status="PASS" signature="h()[pri:0, instance:testng.examples.threadpool.example.ThreadPoolExample@531be3c5]" name="h" duration-ms="41" started-at="2016-12-16T11:43:33Z" finished-at="2016-12-16T11:43:33Z">
          <reporter-output>
          </reporter-output>
        </test-method> <!-- h -->
        <test-method status="PASS" signature="h()[pri:0, instance:testng.examples.threadpool.example.ThreadPoolExample@531be3c5]" name="h" duration-ms="41" started-at="2016-12-16T11:43:33Z" finished-at="2016-12-16T11:43:33Z">
          <reporter-output>
          </reporter-output>
        </test-method> <!-- h -->
        <test-method status="PASS" signature="h()[pri:0, instance:testng.examples.threadpool.example.ThreadPoolExample@531be3c5]" name="h" duration-ms="40" started-at="2016-12-16T11:43:33Z" finished-at="2016-12-16T11:43:33Z">
          <reporter-output>
          </reporter-output>
        </test-method> <!-- h -->
        <test-method status="PASS" signature="h()[pri:0, instance:testng.examples.threadpool.example.ThreadPoolExample@531be3c5]" name="h" duration-ms="40" started-at="2016-12-16T11:43:33Z" finished-at="2016-12-16T11:43:33Z">
          <reporter-output>
          </reporter-output>
        </test-method> <!-- h -->
        <test-method status="PASS" signature="h()[pri:0, instance:testng.examples.threadpool.example.ThreadPoolExample@531be3c5]" name="h" duration-ms="39" started-at="2016-12-16T11:43:33Z" finished-at="2016-12-16T11:43:33Z">
          <reporter-output>
          </reporter-output>
        </test-method> <!-- h -->
        <test-method status="PASS" signature="h()[pri:0, instance:testng.examples.threadpool.example.ThreadPoolExample@531be3c5]" name="h" duration-ms="39" started-at="2016-12-16T11:43:33Z" finished-at="2016-12-16T11:43:33Z">
          <reporter-output>
          </reporter-output>
        </test-method> <!-- h -->
        <test-method status="PASS" signature="h()[pri:0, instance:testng.examples.threadpool.example.ThreadPoolExample@531be3c5]" name="h" duration-ms="39" started-at="2016-12-16T11:43:33Z" finished-at="2016-12-16T11:43:33Z">
          <reporter-output>
          </reporter-output>
        </test-method> <!-- h -->
        <test-method status="PASS" signature="h()[pri:0, instance:testng.examples.threadpool.example.ThreadPoolExample@531be3c5]" name="h" duration-ms="38" started-at="2016-12-16T11:43:33Z" finished-at="2016-12-16T11:43:33Z">
          <reporter-output>
          </reporter-output>
        </test-method> <!-- h -->
        <test-method status="PASS" signature="h()[pri:0, instance:testng.examples.threadpool.example.ThreadPoolExample@531be3c5]" name="h" duration-ms="38" started-at="2016-12-16T11:43:33Z" finished-at="2016-12-16T11:43:33Z">
          <reporter-output>
          </reporter-output>
        </test-method> <!-- h -->
        <test-method status="PASS" signature="h()[pri:0, instance:testng.examples.threadpool.example.ThreadPoolExample@531be3c5]" name="h" duration-ms="39" started-at="2016-12-16T11:43:33Z" finished-at="2016-12-16T11:43:33Z">
          <reporter-output>
          </reporter-output>
        </test-method> <!-- h -->
        <test-method status="PASS" signature="h()[pri:0, instance:testng.examples.threadpool.example.ThreadPoolExample@531be3c5]" name="h" duration-ms="21" started-at="2016-12-16T11:43:33Z" finished-at="2016-12-16T11:43:33Z">
          <reporter-output>
          </reporter-output>
        </test-method> <!-- h -->
        <test-method status="PASS" signature="h()[pri:0, instance:testng.examples.threadpool.example.ThreadPoolExample@531be3c5]" name="h" duration-ms="46" started-at="2016-12-16T11:43:33Z" finished-at="2016-12-16T11:43:33Z">
          <reporter-output>
          </reporter-output>
        </test-method> <!-- h -->
        <test-method status="PASS" signature="h()[pri:0, instance:testng.examples.threadpool.example.ThreadPoolExample@531be3c5]" name="h" duration-ms="47" started-at="2016-12-16T11:43:33Z" finished-at="2016-12-16T11:43:33Z">
          <reporter-output>
          </reporter-output>
        </test-method> <!-- h -->
        <test-method status="PASS" signature="h()[pri:0, instance:testng.examples.threadpool.example.ThreadPoolExample@531be3c5]" name="h" duration-ms="47" started-at="2016-12-16T11:43:33Z" finished-at="2016-12-16T11:43:33Z">
          <reporter-output>
          </reporter-output>
        </test-method> <!-- h -->
        <test-method status="PASS" signature="h()[pri:0, instance:testng.examples.threadpool.example.ThreadPoolExample@531be3c5]" name="h" duration-ms="47" started-at="2016-12-16T11:43:33Z" finished-at="2016-12-16T11:43:33Z">
          <reporter-output>
          </reporter-output>
        </test-method> <!-- h -->
        <test-method status="PASS" signature="h()[pri:0, instance:testng.examples.threadpool.example.ThreadPoolExample@531be3c5]" name="h" duration-ms="46" started-at="2016-12-16T11:43:33Z" finished-at="2016-12-16T11:43:33Z">
          <reporter-output>
          </reporter-output>
        </test-method> <!-- h -->
        <test-method status="PASS" signature="h()[pri:0, instance:testng.examples.threadpool.example.ThreadPoolExample@531be3c5]" name="h" duration-ms="45" started-at="2016-12-16T11:43:33Z" finished-at="2016-12-16T11:43:33Z">
          <reporter-output>
          </reporter-output>
        </test-method> <!-- h -->
        <test-method status="PASS" signature="h()[pri:0, instance:testng.examples.threadpool.example.ThreadPoolExample@531be3c5]" name="h" duration-ms="45" started-at="2016-12-16T11:43:33Z" finished-at="2016-12-16T11:43:33Z">
          <reporter-output>
          </reporter-output>
        </test-method> <!-- h -->
        <test-method status="PASS" signature="h()[pri:0, instance:testng.examples.threadpool.example.ThreadPoolExample@531be3c5]" name="h" duration-ms="45" started-at="2016-12-16T11:43:33Z" finished-at="2016-12-16T11:43:33Z">
          <reporter-output>
          </reporter-output>
        </test-method> <!-- h -->
        <test-method status="PASS" signature="h()[pri:0, instance:testng.examples.threadpool.example.ThreadPoolExample@531be3c5]" name="h" duration-ms="44" started-at="2016-12-16T11:43:33Z" finished-at="2016-12-16T11:43:33Z">
          <reporter-output>
          </reporter-output>
        </test-method> <!-- h -->
        <test-method status="PASS" signature="h()[pri:0, instance:testng.examples.threadpool.example.ThreadPoolExample@531be3c5]" name="h" duration-ms="43" started-at="2016-12-16T11:43:33Z" finished-at="2016-12-16T11:43:33Z">
          <reporter-output>
          </reporter-output>
        </test-method> <!-- h -->
        <test-method status="PASS" signature="h()[pri:0, instance:testng.examples.threadpool.example.ThreadPoolExample@531be3c5]" name="h" duration-ms="43" started-at="2016-12-16T11:43:33Z" finished-at="2016-12-16T11:43:33Z">
          <reporter-output>
          </reporter-output>
        </test-method> <!-- h -->
        <test-method status="PASS" signature="h()[pri:0, instance:testng.examples.threadpool.example.ThreadPoolExample@531be3c5]" name="h" duration-ms="42" started-at="2016-12-16T11:43:33Z" finished-at="2016-12-16T11:43:33Z">
          <reporter-output>
          </reporter-output>
        </test-method> <!-- h -->
        <test-method status="PASS" signature="h()[pri:0, instance:testng.examples.threadpool.example.ThreadPoolExample@531be3c5]" name="h" duration-ms="42" started-at="2016-12-16T11:43:33Z" finished-at="2016-12-16T11:43:33Z">
          <reporter-output>
          </reporter-output>
        </test-method> <!-- h -->
        <test-method status="PASS" signature="h()[pri:0, instance:testng.examples.threadpool.example.ThreadPoolExample@531be3c5]" name="h" duration-ms="42" started-at="2016-12-16T11:43:33Z" finished-at="2016-12-16T11:43:33Z">
          <reporter-output>
          </reporter-output>
        </test-method> <!-- h -->
        <test-method status="PASS" signature="h()[pri:0, instance:testng.examples.threadpool.example.ThreadPoolExample@531be3c5]" name="h" duration-ms="42" started-at="2016-12-16T11:43:33Z" finished-at="2016-12-16T11:43:33Z">
          <reporter-output>
          </reporter-output>
        </test-method> <!-- h -->
        <test-method status="PASS" signature="h()[pri:0, instance:testng.examples.threadpool.example.ThreadPoolExample@531be3c5]" name="h" duration-ms="42" started-at="2016-12-16T11:43:33Z" finished-at="2016-12-16T11:43:33Z">
          <reporter-output>
          </reporter-output>
        </test-method> <!-- h -->
        <test-method status="PASS" signature="h()[pri:0, instance:testng.examples.threadpool.example.ThreadPoolExample@531be3c5]" name="h" duration-ms="84" started-at="2016-12-16T11:43:33Z" finished-at="2016-12-16T11:43:33Z">
          <reporter-output>
          </reporter-output>
        </test-method> <!-- h -->
        <test-method status="PASS" signature="h()[pri:0, instance:testng.examples.threadpool.example.ThreadPoolExample@531be3c5]" name="h" duration-ms="85" started-at="2016-12-16T11:43:33Z" finished-at="2016-12-16T11:43:33Z">
          <reporter-output>
          </reporter-output>
        </test-method> <!-- h -->
        <test-method status="PASS" signature="h()[pri:0, instance:testng.examples.threadpool.example.ThreadPoolExample@531be3c5]" name="h" duration-ms="84" started-at="2016-12-16T11:43:33Z" finished-at="2016-12-16T11:43:33Z">
          <reporter-output>
          </reporter-output>
        </test-method> <!-- h -->
        <test-method status="PASS" signature="h()[pri:0, instance:testng.examples.threadpool.example.ThreadPoolExample@531be3c5]" name="h" duration-ms="84" started-at="2016-12-16T11:43:33Z" finished-at="2016-12-16T11:43:33Z">
          <reporter-output>
          </reporter-output>
        </test-method> <!-- h -->
        <test-method status="PASS" signature="h()[pri:0, instance:testng.examples.threadpool.example.ThreadPoolExample@531be3c5]" name="h" duration-ms="41" started-at="2016-12-16T11:43:33Z" finished-at="2016-12-16T11:43:33Z">
          <reporter-output>
          </reporter-output>
        </test-method> <!-- h -->
        <test-method status="PASS" signature="h()[pri:0, instance:testng.examples.threadpool.example.ThreadPoolExample@531be3c5]" name="h" duration-ms="43" started-at="2016-12-16T11:43:33Z" finished-at="2016-12-16T11:43:33Z">
          <reporter-output>
          </reporter-output>
        </test-method> <!-- h -->
        <test-method status="PASS" signature="h()[pri:0, instance:testng.examples.threadpool.example.ThreadPoolExample@531be3c5]" name="h" duration-ms="82" started-at="2016-12-16T11:43:33Z" finished-at="2016-12-16T11:43:33Z">
          <reporter-output>
          </reporter-output>
        </test-method> <!-- h -->
        <test-method status="PASS" signature="h()[pri:0, instance:testng.examples.threadpool.example.ThreadPoolExample@531be3c5]" name="h" duration-ms="82" started-at="2016-12-16T11:43:33Z" finished-at="2016-12-16T11:43:33Z">
          <reporter-output>
          </reporter-output>
        </test-method> <!-- h -->
        <test-method status="PASS" signature="h()[pri:0, instance:testng.examples.threadpool.example.ThreadPoolExample@531be3c5]" name="h" duration-ms="82" started-at="2016-12-16T11:43:33Z" finished-at="2016-12-16T11:43:33Z">
          <reporter-output>
          </reporter-output>
        </test-method> <!-- h -->
        <test-method status="PASS" signature="h()[pri:0, instance:testng.examples.threadpool.example.ThreadPoolExample@531be3c5]" name="h" duration-ms="81" started-at="2016-12-16T11:43:33Z" finished-at="2016-12-16T11:43:33Z">
          <reporter-output>
          </reporter-output>
        </test-method> <!-- h -->
        <test-method status="PASS" signature="h()[pri:0, instance:testng.examples.threadpool.example.ThreadPoolExample@531be3c5]" name="h" duration-ms="42" started-at="2016-12-16T11:43:33Z" finished-at="2016-12-16T11:43:33Z">
          <reporter-output>
          </reporter-output>
        </test-method> <!-- h -->
        <test-method status="PASS" signature="h()[pri:0, instance:testng.examples.threadpool.example.ThreadPoolExample@531be3c5]" name="h" duration-ms="38" started-at="2016-12-16T11:43:33Z" finished-at="2016-12-16T11:43:33Z">
          <reporter-output>
          </reporter-output>
        </test-method> <!-- h -->
        <test-method status="PASS" signature="h()[pri:0, instance:testng.examples.threadpool.example.ThreadPoolExample@531be3c5]" name="h" duration-ms="44" started-at="2016-12-16T11:43:33Z" finished-at="2016-12-16T11:43:33Z">
          <reporter-output>
          </reporter-output>
        </test-method> <!-- h -->
        <test-method status="PASS" signature="h()[pri:0, instance:testng.examples.threadpool.example.ThreadPoolExample@531be3c5]" name="h" duration-ms="43" started-at="2016-12-16T11:43:33Z" finished-at="2016-12-16T11:43:33Z">
          <reporter-output>
          </reporter-output>
        </test-method> <!-- h -->
        <test-method status="PASS" signature="h()[pri:0, instance:testng.examples.threadpool.example.ThreadPoolExample@531be3c5]" name="h" duration-ms="44" started-at="2016-12-16T11:43:33Z" finished-at="2016-12-16T11:43:33Z">
          <reporter-output>
          </reporter-output>
        </test-method> <!-- h -->
        <test-method status="PASS" signature="h()[pri:0, instance:testng.examples.threadpool.example.ThreadPoolExample@531be3c5]" name="h" duration-ms="43" started-at="2016-12-16T11:43:33Z" finished-at="2016-12-16T11:43:33Z">
          <reporter-output>
          </reporter-output>
        </test-method> <!-- h -->
        <test-method status="PASS" signature="h()[pri:0, instance:testng.examples.threadpool.example.ThreadPoolExample@531be3c5]" name="h" duration-ms="42" started-at="2016-12-16T11:43:33Z" finished-at="2016-12-16T11:43:33Z">
          <reporter-output>
          </reporter-output>
        </test-method> <!-- h -->
        <test-method status="PASS" signature="h()[pri:0, instance:testng.examples.threadpool.example.ThreadPoolExample@531be3c5]" name="h" duration-ms="44" started-at="2016-12-16T11:43:33Z" finished-at="2016-12-16T11:43:33Z">
          <reporter-output>
          </reporter-output>
        </test-method> <!-- h -->
        <test-method status="PASS" signature="h()[pri:0, instance:testng.examples.threadpool.example.ThreadPoolExample@531be3c5]" name="h" duration-ms="41" started-at="2016-12-16T11:43:33Z" finished-at="2016-12-16T11:43:33Z">
          <reporter-output>
          </reporter-output>
        </test-method> <!-- h -->
      </class> <!-- testng.examples.threadpool.example.ThreadPoolExample -->
    </test> <!-- Default test -->
  </suite> <!-- Default suite -->
</testng-results>
