<?xml version="1.0" encoding="UTF-8"?>
<!-- Generated by org.testng.reporters.JUnitReportReporter -->
<testsuite hostname="akulkarni-PL2" name="testng.examples.threadpool.example.ThreadPoolExample" tests="2100" failures="0" timestamp="16 Dec 2016 06:13:34 GMT" time="205.892" errors="0">
  <testcase name="f" time="0.220" classname="testng.examples.threadpool.example.ThreadPoolExample"/>
  <testcase name="f" time="0.230" classname="testng.examples.threadpool.example.ThreadPoolExample"/>
  <testcase name="f" time="0.112" classname="testng.examples.threadpool.example.ThreadPoolExample"/>
  <testcase name="g" time="0.081" classname="testng.examples.threadpool.example.ThreadPoolExample"/>
  <testcase name="f" time="0.102" classname="testng.examples.threadpool.example.ThreadPoolExample"/>
  <testcase name="f" time="0.120" classname="testng.examples.threadpool.example.ThreadPoolExample"/>
  <testcase name="h" time="0.013" classname="testng.examples.threadpool.example.ThreadPoolExample"/>
  <testcase name="h" time="0.003" classname="testng.examples.threadpool.example.ThreadPoolExample"/>
  <testcase name="h" time="0.050" classname="testng.examples.threadpool.example.ThreadPoolExample"/>
  <testcase name="f" time="0.257" classname="testng.examples.threadpool.example.ThreadPoolExample"/>
  <testcase name="h" time="0.076" classname="testng.examples.threadpool.example.ThreadPoolExample"/>
  <testcase name="f" time="0.092" classname="testng.examples.threadpool.example.ThreadPoolExample"/>
  <testcase name="h" time="0.095" classname="testng.examples.threadpool.example.ThreadPoolExample"/>
  <testcase name="h" time="0.100" classname="testng.examples.threadpool.example.ThreadPoolExample"/>
  <testcase name="f" time="0.189" classname="testng.examples.threadpool.example.ThreadPoolExample"/>
  <testcase name="f" time="0.163" classname="testng.examples.threadpool.example.ThreadPoolExample"/>
  <testcase name="f" time="0.184" classname="testng.examples.threadpool.example.ThreadPoolExample"/>
  <testcase name="f" time="0.101" classname="testng.examples.threadpool.example.ThreadPoolExample"/>
  <testcase name="f" time="0.086" classname="testng.examples.threadpool.example.ThreadPoolExample"/>
  <testcase name="h" time="0.118" classname="testng.examples.threadpool.example.ThreadPoolExample"/>
  <testcase name="h" time="0.014" classname="testng.examples.threadpool.example.ThreadPoolExample"/>
  <testcase name="h" time="0.034" classname="testng.examples.threadpool.example.ThreadPoolExample"/>
  <testcase name="h" time="0.100" classname="testng.examples.threadpool.example.ThreadPoolExample"/>
  <testcase name="h" time="0.042" classname="testng.examples.threadpool.example.ThreadPoolExample"/>
  <testcase name="g" time="0.073" classname="testng.examples.threadpool.example.ThreadPoolExample"/>
  <testcase name="f" time="0.161" classname="testng.examples.threadpool.example.ThreadPoolExample"/>
  <testcase name="h" time="0.151" classname="testng.examples.threadpool.example.ThreadPoolExample"/>
  <testcase name="h" time="0.053" classname="testng.examples.threadpool.example.ThreadPoolExample"/>
  <testcase name="h" time="0.182" classname="testng.examples.threadpool.example.ThreadPoolExample"/>
  <testcase name="h" time="0.037" classname="testng.examples.threadpool.example.ThreadPoolExample"/>
  <testcase name="h" time="0.058" classname="testng.examples.threadpool.example.ThreadPoolExample"/>
  <testcase name="f" time="0.249" classname="testng.examples.threadpool.example.ThreadPoolExample"/>
  <testcase name="h" time="0.129" classname="testng.examples.threadpool.example.ThreadPoolExample"/>
  <testcase name="f" time="0.093" classname="testng.examples.threadpool.example.ThreadPoolExample"/>
  <testcase name="f" time="0.064" classname="testng.examples.threadpool.example.ThreadPoolExample"/>
  <testcase name="h" time="0.004" classname="testng.examples.threadpool.example.ThreadPoolExample"/>
  <testcase name="f" time="0.084" classname="testng.examples.threadpool.example.ThreadPoolExample"/>
  <testcase name="g" time="0.066" classname="testng.examples.threadpool.example.ThreadPoolExample"/>
  <testcase name="h" time="0.049" classname="testng.examples.threadpool.example.ThreadPoolExample"/>
  <testcase name="h" time="0.007" classname="testng.examples.threadpool.example.ThreadPoolExample"/>
  <testcase name="f" time="0.115" classname="testng.examples.threadpool.example.ThreadPoolExample"/>
  <testcase name="h" time="0.018" classname="testng.examples.threadpool.example.ThreadPoolExample"/>
  <testcase name="h" time="0.021" classname="testng.examples.threadpool.example.ThreadPoolExample"/>
  <testcase name="h" time="0.100" classname="testng.examples.threadpool.example.ThreadPoolExample"/>
  <testcase name="h" time="0.097" classname="testng.examples.threadpool.example.ThreadPoolExample"/>
  <testcase name="h" time="0.034" classname="testng.examples.threadpool.example.ThreadPoolExample"/>
  <testcase name="h" time="0.042" classname="testng.examples.threadpool.example.ThreadPoolExample"/>
  <testcase name="f" time="0.234" classname="testng.examples.threadpool.example.ThreadPoolExample"/>
  <testcase name="h" time="0.045" classname="testng.examples.threadpool.example.ThreadPoolExample"/>
  <testcase name="f" time="0.110" classname="testng.examples.threadpool.example.ThreadPoolExample"/>
  <testcase name="h" time="0.065" classname="testng.examples.threadpool.example.ThreadPoolExample"/>
  <testcase name="f" time="0.187" classname="testng.examples.threadpool.example.ThreadPoolExample"/>
  <testcase name="h" time="0.044" classname="testng.examples.threadpool.example.ThreadPoolExample"/>
  <testcase name="f" time="0.083" classname="testng.examples.threadpool.example.ThreadPoolExample"/>
  <testcase name="h" time="0.052" classname="testng.examples.threadpool.example.ThreadPoolExample"/>
  <testcase name="h" time="0.009" classname="testng.examples.threadpool.example.ThreadPoolExample"/>
  <testcase name="f" time="0.051" classname="testng.examples.threadpool.example.ThreadPoolExample"/>
  <testcase name="f" time="0.163" classname="testng.examples.threadpool.example.ThreadPoolExample"/>
  <testcase name="f" time="0.184" classname="testng.examples.threadpool.example.ThreadPoolExample"/>
  <testcase name="h" time="0.053" classname="testng.examples.threadpool.example.ThreadPoolExample"/>
  <testcase name="h" time="0.039" classname="testng.examples.threadpool.example.ThreadPoolExample"/>
  <testcase name="f" time="0.107" classname="testng.examples.threadpool.example.ThreadPoolExample"/>
  <testcase name="f" time="0.111" classname="testng.examples.threadpool.example.ThreadPoolExample"/>
  <testcase name="h" time="0.074" classname="testng.examples.threadpool.example.ThreadPoolExample"/>
  <testcase name="h" time="0.108" classname="testng.examples.threadpool.example.ThreadPoolExample"/>
  <testcase name="f" time="0.086" classname="testng.examples.threadpool.example.ThreadPoolExample"/>
  <testcase name="g" time="0.042" classname="testng.examples.threadpool.example.ThreadPoolExample"/>
  <testcase name="h" time="0.055" classname="testng.examples.threadpool.example.ThreadPoolExample"/>
  <testcase name="h" time="0.162" classname="testng.examples.threadpool.example.ThreadPoolExample"/>
  <testcase name="h" time="0.072" classname="testng.examples.threadpool.example.ThreadPoolExample"/>
  <testcase name="h" time="0.043" classname="testng.examples.threadpool.example.ThreadPoolExample"/>
  <testcase name="f" time="0.130" classname="testng.examples.threadpool.example.ThreadPoolExample"/>
  <testcase name="f" time="0.303" classname="testng.examples.threadpool.example.ThreadPoolExample"/>
  <testcase name="f" time="0.180" classname="testng.examples.threadpool.example.ThreadPoolExample"/>
  <testcase name="f" time="0.177" classname="testng.examples.threadpool.example.ThreadPoolExample"/>
  <testcase name="g" time="0.038" classname="testng.examples.threadpool.example.ThreadPoolExample"/>
  <testcase name="h" time="0.061" classname="testng.examples.threadpool.example.ThreadPoolExample"/>
  <testcase name="h" time="0.072" classname="testng.examples.threadpool.example.ThreadPoolExample"/>
  <testcase name="f" time="0.245" classname="testng.examples.threadpool.example.ThreadPoolExample"/>
  <testcase name="f" time="0.062" classname="testng.examples.threadpool.example.ThreadPoolExample"/>
  <testcase name="f" time="0.056" classname="testng.examples.threadpool.example.ThreadPoolExample"/>
  <testcase name="f" time="0.138" classname="testng.examples.threadpool.example.ThreadPoolExample"/>
  <testcase name="h" time="0.035" classname="testng.examples.threadpool.example.ThreadPoolExample"/>
  <testcase name="h" time="0.014" classname="testng.examples.threadpool.example.ThreadPoolExample"/>
  <testcase name="g" time="0.042" classname="testng.examples.threadpool.example.ThreadPoolExample"/>
  <testcase name="h" time="0.115" classname="testng.examples.threadpool.example.ThreadPoolExample"/>
  <testcase name="h" time="0.071" classname="testng.examples.threadpool.example.ThreadPoolExample"/>
  <testcase name="f" time="0.072" classname="testng.examples.threadpool.example.ThreadPoolExample"/>
  <testcase name="f" time="0.245" classname="testng.examples.threadpool.example.ThreadPoolExample"/>
  <testcase name="f" time="0.068" classname="testng.examples.threadpool.example.ThreadPoolExample"/>
  <testcase name="f" time="0.248" classname="testng.examples.threadpool.example.ThreadPoolExample"/>
  <testcase name="h" time="0.041" classname="testng.examples.threadpool.example.ThreadPoolExample"/>
  <testcase name="h" time="0.033" classname="testng.examples.threadpool.example.ThreadPoolExample"/>
  <testcase name="h" time="0.107" classname="testng.examples.threadpool.example.ThreadPoolExample"/>
  <testcase name="f" time="0.214" classname="testng.examples.threadpool.example.ThreadPoolExample"/>
  <testcase name="h" time="0.027" classname="testng.examples.threadpool.example.ThreadPoolExample"/>
  <testcase name="h" time="0.021" classname="testng.examples.threadpool.example.ThreadPoolExample"/>
  <testcase name="h" time="0.018" classname="testng.examples.threadpool.example.ThreadPoolExample"/>
  <testcase name="f" time="0.108" classname="testng.examples.threadpool.example.ThreadPoolExample"/>
  <testcase name="h" time="0.074" classname="testng.examples.threadpool.example.ThreadPoolExample"/>
  <testcase name="h" time="0.057" classname="testng.examples.threadpool.example.ThreadPoolExample"/>
  <testcase name="f" time="0.154" classname="testng.examples.threadpool.example.ThreadPoolExample"/>
  <testcase name="h" time="0.065" classname="testng.examples.threadpool.example.ThreadPoolExample"/>
  <testcase name="f" time="0.102" classname="testng.examples.threadpool.example.ThreadPoolExample"/>
  <testcase name="h" time="0.122" classname="testng.examples.threadpool.example.ThreadPoolExample"/>
  <testcase name="h" time="0.072" classname="testng.examples.threadpool.example.ThreadPoolExample"/>
  <testcase name="f" time="0.080" classname="testng.examples.threadpool.example.ThreadPoolExample"/>
  <testcase name="f" time="0.054" classname="testng.examples.threadpool.example.ThreadPoolExample"/>
  <testcase name="f" time="0.093" classname="testng.examples.threadpool.example.ThreadPoolExample"/>
  <testcase name="f" time="0.111" classname="testng.examples.threadpool.example.ThreadPoolExample"/>
  <testcase name="f" time="0.115" classname="testng.examples.threadpool.example.ThreadPoolExample"/>
  <testcase name="h" time="0.031" classname="testng.examples.threadpool.example.ThreadPoolExample"/>
  <testcase name="f" time="0.075" classname="testng.examples.threadpool.example.ThreadPoolExample"/>
  <testcase name="h" time="0.032" classname="testng.examples.threadpool.example.ThreadPoolExample"/>
  <testcase name="h" time="0.047" classname="testng.examples.threadpool.example.ThreadPoolExample"/>
  <testcase name="h" time="0.043" classname="testng.examples.threadpool.example.ThreadPoolExample"/>
  <testcase name="h" time="0.031" classname="testng.examples.threadpool.example.ThreadPoolExample"/>
  <testcase name="f" time="0.237" classname="testng.examples.threadpool.example.ThreadPoolExample"/>
  <testcase name="f" time="0.105" classname="testng.examples.threadpool.example.ThreadPoolExample"/>
  <testcase name="h" time="0.026" classname="testng.examples.threadpool.example.ThreadPoolExample"/>
  <testcase name="f" time="0.104" classname="testng.examples.threadpool.example.ThreadPoolExample"/>
  <testcase name="h" time="0.015" classname="testng.examples.threadpool.example.ThreadPoolExample"/>
  <testcase name="h" time="0.128" classname="testng.examples.threadpool.example.ThreadPoolExample"/>
  <testcase name="f" time="0.162" classname="testng.examples.threadpool.example.ThreadPoolExample"/>
  <testcase name="f" time="0.098" classname="testng.examples.threadpool.example.ThreadPoolExample"/>
  <testcase name="g" time="0.075" classname="testng.examples.threadpool.example.ThreadPoolExample"/>
  <testcase name="f" time="0.039" classname="testng.examples.threadpool.example.ThreadPoolExample"/>
  <testcase name="h" time="0.082" classname="testng.examples.threadpool.example.ThreadPoolExample"/>
  <testcase name="h" time="0.057" classname="testng.examples.threadpool.example.ThreadPoolExample"/>
  <testcase name="f" time="0.247" classname="testng.examples.threadpool.example.ThreadPoolExample"/>
  <testcase name="f" time="0.101" classname="testng.examples.threadpool.example.ThreadPoolExample"/>
  <testcase name="h" time="0.043" classname="testng.examples.threadpool.example.ThreadPoolExample"/>
  <testcase name="f" time="0.079" classname="testng.examples.threadpool.example.ThreadPoolExample"/>
  <testcase name="f" time="0.095" classname="testng.examples.threadpool.example.ThreadPoolExample"/>
  <testcase name="h" time="0.044" classname="testng.examples.threadpool.example.ThreadPoolExample"/>
  <testcase name="h" time="0.058" classname="testng.examples.threadpool.example.ThreadPoolExample"/>
  <testcase name="f" time="0.245" classname="testng.examples.threadpool.example.ThreadPoolExample"/>
  <testcase name="f" time="0.071" classname="testng.examples.threadpool.example.ThreadPoolExample"/>
  <testcase name="f" time="0.103" classname="testng.examples.threadpool.example.ThreadPoolExample"/>
  <testcase name="f" time="0.113" classname="testng.examples.threadpool.example.ThreadPoolExample"/>
  <testcase name="f" time="0.115" classname="testng.examples.threadpool.example.ThreadPoolExample"/>
  <testcase name="f" time="0.186" classname="testng.examples.threadpool.example.ThreadPoolExample"/>
  <testcase name="h" time="0.054" classname="testng.examples.threadpool.example.ThreadPoolExample"/>
  <testcase name="h" time="0.133" classname="testng.examples.threadpool.example.ThreadPoolExample"/>
  <testcase name="f" time="0.110" classname="testng.examples.threadpool.example.ThreadPoolExample"/>
  <testcase name="h" time="0.045" classname="testng.examples.threadpool.example.ThreadPoolExample"/>
  <testcase name="f" time="0.094" classname="testng.examples.threadpool.example.ThreadPoolExample"/>
  <testcase name="f" time="0.097" classname="testng.examples.threadpool.example.ThreadPoolExample"/>
  <testcase name="g" time="0.084" classname="testng.examples.threadpool.example.ThreadPoolExample"/>
  <testcase name="h" time="0.029" classname="testng.examples.threadpool.example.ThreadPoolExample"/>
  <testcase name="h" time="0.099" classname="testng.examples.threadpool.example.ThreadPoolExample"/>
  <testcase name="h" time="0.026" classname="testng.examples.threadpool.example.ThreadPoolExample"/>
  <testcase name="h" time="0.083" classname="testng.examples.threadpool.example.ThreadPoolExample"/>
  <testcase name="h" time="0.020" classname="testng.examples.threadpool.example.ThreadPoolExample"/>
  <testcase name="h" time="0.116" classname="testng.examples.threadpool.example.ThreadPoolExample"/>
  <testcase name="f" time="0.134" classname="testng.examples.threadpool.example.ThreadPoolExample"/>
  <testcase name="f" time="0.197" classname="testng.examples.threadpool.example.ThreadPoolExample"/>
  <testcase name="f" time="0.054" classname="testng.examples.threadpool.example.ThreadPoolExample"/>
  <testcase name="f" time="0.082" classname="testng.examples.threadpool.example.ThreadPoolExample"/>
  <testcase name="h" time="0.085" classname="testng.examples.threadpool.example.ThreadPoolExample"/>
  <testcase name="h" time="0.049" classname="testng.examples.threadpool.example.ThreadPoolExample"/>
  <testcase name="f" time="0.203" classname="testng.examples.threadpool.example.ThreadPoolExample"/>
  <testcase name="h" time="0.062" classname="testng.examples.threadpool.example.ThreadPoolExample"/>
  <testcase name="h" time="0.049" classname="testng.examples.threadpool.example.ThreadPoolExample"/>
  <testcase name="f" time="0.102" classname="testng.examples.threadpool.example.ThreadPoolExample"/>
  <testcase name="h" time="0.024" classname="testng.examples.threadpool.example.ThreadPoolExample"/>
  <testcase name="f" time="0.068" classname="testng.examples.threadpool.example.ThreadPoolExample"/>
  <testcase name="g" time="0.075" classname="testng.examples.threadpool.example.ThreadPoolExample"/>
  <testcase name="h" time="0.010" classname="testng.examples.threadpool.example.ThreadPoolExample"/>
  <testcase name="f" time="0.105" classname="testng.examples.threadpool.example.ThreadPoolExample"/>
  <testcase name="g" time="0.066" classname="testng.examples.threadpool.example.ThreadPoolExample"/>
  <testcase name="h" time="0.007" classname="testng.examples.threadpool.example.ThreadPoolExample"/>
  <testcase name="h" time="0.033" classname="testng.examples.threadpool.example.ThreadPoolExample"/>
  <testcase name="f" time="0.140" classname="testng.examples.threadpool.example.ThreadPoolExample"/>
  <testcase name="f" time="0.192" classname="testng.examples.threadpool.example.ThreadPoolExample"/>
  <testcase name="f" time="0.143" classname="testng.examples.threadpool.example.ThreadPoolExample"/>
  <testcase name="f" time="0.248" classname="testng.examples.threadpool.example.ThreadPoolExample"/>
  <testcase name="f" time="0.078" classname="testng.examples.threadpool.example.ThreadPoolExample"/>
  <testcase name="f" time="0.099" classname="testng.examples.threadpool.example.ThreadPoolExample"/>
  <testcase name="f" time="0.105" classname="testng.examples.threadpool.example.ThreadPoolExample"/>
  <testcase name="h" time="0.039" classname="testng.examples.threadpool.example.ThreadPoolExample"/>
  <testcase name="f" time="0.088" classname="testng.examples.threadpool.example.ThreadPoolExample"/>
  <testcase name="h" time="0.017" classname="testng.examples.threadpool.example.ThreadPoolExample"/>
  <testcase name="f" time="0.102" classname="testng.examples.threadpool.example.ThreadPoolExample"/>
  <testcase name="f" time="0.085" classname="testng.examples.threadpool.example.ThreadPoolExample"/>
  <testcase name="h" time="0.149" classname="testng.examples.threadpool.example.ThreadPoolExample"/>
  <testcase name="h" time="0.080" classname="testng.examples.threadpool.example.ThreadPoolExample"/>
  <testcase name="h" time="0.033" classname="testng.examples.threadpool.example.ThreadPoolExample"/>
  <testcase name="h" time="0.058" classname="testng.examples.threadpool.example.ThreadPoolExample"/>
  <testcase name="h" time="0.100" classname="testng.examples.threadpool.example.ThreadPoolExample"/>
  <testcase name="h" time="0.063" classname="testng.examples.threadpool.example.ThreadPoolExample"/>
  <testcase name="f" time="0.239" classname="testng.examples.threadpool.example.ThreadPoolExample"/>
  <testcase name="h" time="0.084" classname="testng.examples.threadpool.example.ThreadPoolExample"/>
  <testcase name="f" time="0.062" classname="testng.examples.threadpool.example.ThreadPoolExample"/>
  <testcase name="f" time="0.168" classname="testng.examples.threadpool.example.ThreadPoolExample"/>
  <testcase name="h" time="0.061" classname="testng.examples.threadpool.example.ThreadPoolExample"/>
  <testcase name="f" time="0.096" classname="testng.examples.threadpool.example.ThreadPoolExample"/>
  <testcase name="f" time="0.167" classname="testng.examples.threadpool.example.ThreadPoolExample"/>
  <testcase name="f" time="0.189" classname="testng.examples.threadpool.example.ThreadPoolExample"/>
  <testcase name="f" time="0.107" classname="testng.examples.threadpool.example.ThreadPoolExample"/>
  <testcase name="h" time="0.044" classname="testng.examples.threadpool.example.ThreadPoolExample"/>
  <testcase name="h" time="0.016" classname="testng.examples.threadpool.example.ThreadPoolExample"/>
  <testcase name="h" time="0.061" classname="testng.examples.threadpool.example.ThreadPoolExample"/>
  <testcase name="h" time="0.019" classname="testng.examples.threadpool.example.ThreadPoolExample"/>
  <testcase name="f" time="0.210" classname="testng.examples.threadpool.example.ThreadPoolExample"/>
  <testcase name="h" time="0.042" classname="testng.examples.threadpool.example.ThreadPoolExample"/>
  <testcase name="h" time="0.033" classname="testng.examples.threadpool.example.ThreadPoolExample"/>
  <testcase name="f" time="0.127" classname="testng.examples.threadpool.example.ThreadPoolExample"/>
  <testcase name="f" time="0.195" classname="testng.examples.threadpool.example.ThreadPoolExample"/>
  <testcase name="h" time="0.030" classname="testng.examples.threadpool.example.ThreadPoolExample"/>
  <testcase name="h" time="0.081" classname="testng.examples.threadpool.example.ThreadPoolExample"/>
  <testcase name="h" time="0.005" classname="testng.examples.threadpool.example.ThreadPoolExample"/>
  <testcase name="g" time="0.071" classname="testng.examples.threadpool.example.ThreadPoolExample"/>
  <testcase name="h" time="0.040" classname="testng.examples.threadpool.example.ThreadPoolExample"/>
  <testcase name="f" time="0.183" classname="testng.examples.threadpool.example.ThreadPoolExample"/>
  <testcase name="h" time="0.019" classname="testng.examples.threadpool.example.ThreadPoolExample"/>
  <testcase name="f" time="0.077" classname="testng.examples.threadpool.example.ThreadPoolExample"/>
  <testcase name="h" time="0.015" classname="testng.examples.threadpool.example.ThreadPoolExample"/>
  <testcase name="h" time="0.103" classname="testng.examples.threadpool.example.ThreadPoolExample"/>
  <testcase name="h" time="0.027" classname="testng.examples.threadpool.example.ThreadPoolExample"/>
  <testcase name="f" time="0.160" classname="testng.examples.threadpool.example.ThreadPoolExample"/>
  <testcase name="f" time="0.231" classname="testng.examples.threadpool.example.ThreadPoolExample"/>
  <testcase name="h" time="0.041" classname="testng.examples.threadpool.example.ThreadPoolExample"/>
  <testcase name="h" time="0.018" classname="testng.examples.threadpool.example.ThreadPoolExample"/>
  <testcase name="h" time="0.008" classname="testng.examples.threadpool.example.ThreadPoolExample"/>
  <testcase name="h" time="0.029" classname="testng.examples.threadpool.example.ThreadPoolExample"/>
  <testcase name="h" time="0.129" classname="testng.examples.threadpool.example.ThreadPoolExample"/>
  <testcase name="h" time="0.077" classname="testng.examples.threadpool.example.ThreadPoolExample"/>
  <testcase name="f" time="0.100" classname="testng.examples.threadpool.example.ThreadPoolExample"/>
  <testcase name="h" time="0.040" classname="testng.examples.threadpool.example.ThreadPoolExample"/>
  <testcase name="f" time="0.062" classname="testng.examples.threadpool.example.ThreadPoolExample"/>
  <testcase name="h" time="0.033" classname="testng.examples.threadpool.example.ThreadPoolExample"/>
  <testcase name="f" time="0.101" classname="testng.examples.threadpool.example.ThreadPoolExample"/>
  <testcase name="f" time="0.228" classname="testng.examples.threadpool.example.ThreadPoolExample"/>
  <testcase name="f" time="0.109" classname="testng.examples.threadpool.example.ThreadPoolExample"/>
  <testcase name="f" time="0.153" classname="testng.examples.threadpool.example.ThreadPoolExample"/>
  <testcase name="f" time="0.064" classname="testng.examples.threadpool.example.ThreadPoolExample"/>
  <testcase name="f" time="0.115" classname="testng.examples.threadpool.example.ThreadPoolExample"/>
  <testcase name="f" time="0.246" classname="testng.examples.threadpool.example.ThreadPoolExample"/>
  <testcase name="f" time="0.110" classname="testng.examples.threadpool.example.ThreadPoolExample"/>
  <testcase name="g" time="0.066" classname="testng.examples.threadpool.example.ThreadPoolExample"/>
  <testcase name="f" time="0.119" classname="testng.examples.threadpool.example.ThreadPoolExample"/>
  <testcase name="f" time="0.250" classname="testng.examples.threadpool.example.ThreadPoolExample"/>
  <testcase name="h" time="0.162" classname="testng.examples.threadpool.example.ThreadPoolExample"/>
  <testcase name="f" time="0.106" classname="testng.examples.threadpool.example.ThreadPoolExample"/>
  <testcase name="h" time="0.042" classname="testng.examples.threadpool.example.ThreadPoolExample"/>
  <testcase name="f" time="0.131" classname="testng.examples.threadpool.example.ThreadPoolExample"/>
  <testcase name="f" time="0.263" classname="testng.examples.threadpool.example.ThreadPoolExample"/>
  <testcase name="h" time="0.010" classname="testng.examples.threadpool.example.ThreadPoolExample"/>
  <testcase name="h" time="0.037" classname="testng.examples.threadpool.example.ThreadPoolExample"/>
  <testcase name="f" time="0.167" classname="testng.examples.threadpool.example.ThreadPoolExample"/>
  <testcase name="h" time="0.018" classname="testng.examples.threadpool.example.ThreadPoolExample"/>
  <testcase name="f" time="0.164" classname="testng.examples.threadpool.example.ThreadPoolExample"/>
  <testcase name="h" time="0.011" classname="testng.examples.threadpool.example.ThreadPoolExample"/>
  <testcase name="f" time="0.155" classname="testng.examples.threadpool.example.ThreadPoolExample"/>
  <testcase name="h" time="0.103" classname="testng.examples.threadpool.example.ThreadPoolExample"/>
  <testcase name="f" time="0.103" classname="testng.examples.threadpool.example.ThreadPoolExample"/>
  <testcase name="f" time="0.135" classname="testng.examples.threadpool.example.ThreadPoolExample"/>
  <testcase name="f" time="0.141" classname="testng.examples.threadpool.example.ThreadPoolExample"/>
  <testcase name="f" time="0.126" classname="testng.examples.threadpool.example.ThreadPoolExample"/>
  <testcase name="h" time="0.094" classname="testng.examples.threadpool.example.ThreadPoolExample"/>
  <testcase name="f" time="0.148" classname="testng.examples.threadpool.example.ThreadPoolExample"/>
  <testcase name="h" time="0.044" classname="testng.examples.threadpool.example.ThreadPoolExample"/>
  <testcase name="g" time="0.071" classname="testng.examples.threadpool.example.ThreadPoolExample"/>
  <testcase name="f" time="0.104" classname="testng.examples.threadpool.example.ThreadPoolExample"/>
  <testcase name="f" time="0.147" classname="testng.examples.threadpool.example.ThreadPoolExample"/>
  <testcase name="f" time="0.001" classname="testng.examples.threadpool.example.ThreadPoolExample"/>
  <testcase name="f" time="0.294" classname="testng.examples.threadpool.example.ThreadPoolExample"/>
  <testcase name="h" time="0.018" classname="testng.examples.threadpool.example.ThreadPoolExample"/>
  <testcase name="f" time="0.110" classname="testng.examples.threadpool.example.ThreadPoolExample"/>
  <testcase name="h" time="0.103" classname="testng.examples.threadpool.example.ThreadPoolExample"/>
  <testcase name="f" time="0.092" classname="testng.examples.threadpool.example.ThreadPoolExample"/>
  <testcase name="h" time="0.045" classname="testng.examples.threadpool.example.ThreadPoolExample"/>
  <testcase name="h" time="0.109" classname="testng.examples.threadpool.example.ThreadPoolExample"/>
  <testcase name="h" time="0.031" classname="testng.examples.threadpool.example.ThreadPoolExample"/>
  <testcase name="f" time="0.121" classname="testng.examples.threadpool.example.ThreadPoolExample"/>
  <testcase name="h" time="0.014" classname="testng.examples.threadpool.example.ThreadPoolExample"/>
  <testcase name="h" time="0.149" classname="testng.examples.threadpool.example.ThreadPoolExample"/>
  <testcase name="f" time="0.062" classname="testng.examples.threadpool.example.ThreadPoolExample"/>
  <testcase name="h" time="0.040" classname="testng.examples.threadpool.example.ThreadPoolExample"/>
  <testcase name="f" time="0.088" classname="testng.examples.threadpool.example.ThreadPoolExample"/>
  <testcase name="f" time="0.101" classname="testng.examples.threadpool.example.ThreadPoolExample"/>
  <testcase name="f" time="0.085" classname="testng.examples.threadpool.example.ThreadPoolExample"/>
  <testcase name="f" time="0.120" classname="testng.examples.threadpool.example.ThreadPoolExample"/>
  <testcase name="h" time="0.014" classname="testng.examples.threadpool.example.ThreadPoolExample"/>
  <testcase name="h" time="0.088" classname="testng.examples.threadpool.example.ThreadPoolExample"/>
  <testcase name="h" time="0.061" classname="testng.examples.threadpool.example.ThreadPoolExample"/>
  <testcase name="f" time="0.248" classname="testng.examples.threadpool.example.ThreadPoolExample"/>
  <testcase name="h" time="0.107" classname="testng.examples.threadpool.example.ThreadPoolExample"/>
  <testcase name="h" time="0.101" classname="testng.examples.threadpool.example.ThreadPoolExample"/>
  <testcase name="f" time="0.191" classname="testng.examples.threadpool.example.ThreadPoolExample"/>
  <testcase name="f" time="0.197" classname="testng.examples.threadpool.example.ThreadPoolExample"/>
  <testcase name="h" time="0.040" classname="testng.examples.threadpool.example.ThreadPoolExample"/>
  <testcase name="f" time="0.086" classname="testng.examples.threadpool.example.ThreadPoolExample"/>
  <testcase name="h" time="0.188" classname="testng.examples.threadpool.example.ThreadPoolExample"/>
  <testcase name="f" time="0.082" classname="testng.examples.threadpool.example.ThreadPoolExample"/>
  <testcase name="h" time="0.109" classname="testng.examples.threadpool.example.ThreadPoolExample"/>
  <testcase name="h" time="0.042" classname="testng.examples.threadpool.example.ThreadPoolExample"/>
  <testcase name="h" time="0.078" classname="testng.examples.threadpool.example.ThreadPoolExample"/>
  <testcase name="g" time="0.062" classname="testng.examples.threadpool.example.ThreadPoolExample"/>
  <testcase name="f" time="0.117" classname="testng.examples.threadpool.example.ThreadPoolExample"/>
  <testcase name="h" time="0.037" classname="testng.examples.threadpool.example.ThreadPoolExample"/>
  <testcase name="h" time="0.022" classname="testng.examples.threadpool.example.ThreadPoolExample"/>
  <testcase name="g" time="0.041" classname="testng.examples.threadpool.example.ThreadPoolExample"/>
  <testcase name="h" time="0.070" classname="testng.examples.threadpool.example.ThreadPoolExample"/>
  <testcase name="f" time="0.197" classname="testng.examples.threadpool.example.ThreadPoolExample"/>
  <testcase name="f" time="0.145" classname="testng.examples.threadpool.example.ThreadPoolExample"/>
  <testcase name="h" time="0.043" classname="testng.examples.threadpool.example.ThreadPoolExample"/>
  <testcase name="f" time="0.128" classname="testng.examples.threadpool.example.ThreadPoolExample"/>
  <testcase name="f" time="0.107" classname="testng.examples.threadpool.example.ThreadPoolExample"/>
  <testcase name="h" time="0.056" classname="testng.examples.threadpool.example.ThreadPoolExample"/>
  <testcase name="f" time="0.056" classname="testng.examples.threadpool.example.ThreadPoolExample"/>
  <testcase name="f" time="0.095" classname="testng.examples.threadpool.example.ThreadPoolExample"/>
  <testcase name="f" time="0.108" classname="testng.examples.threadpool.example.ThreadPoolExample"/>
  <testcase name="h" time="0.013" classname="testng.examples.threadpool.example.ThreadPoolExample"/>
  <testcase name="h" time="0.096" classname="testng.examples.threadpool.example.ThreadPoolExample"/>
  <testcase name="h" time="0.013" classname="testng.examples.threadpool.example.ThreadPoolExample"/>
  <testcase name="h" time="0.014" classname="testng.examples.threadpool.example.ThreadPoolExample"/>
  <testcase name="h" time="0.014" classname="testng.examples.threadpool.example.ThreadPoolExample"/>
  <testcase name="h" time="0.057" classname="testng.examples.threadpool.example.ThreadPoolExample"/>
  <testcase name="h" time="0.036" classname="testng.examples.threadpool.example.ThreadPoolExample"/>
  <testcase name="f" time="0.106" classname="testng.examples.threadpool.example.ThreadPoolExample"/>
  <testcase name="h" time="0.027" classname="testng.examples.threadpool.example.ThreadPoolExample"/>
  <testcase name="h" time="0.041" classname="testng.examples.threadpool.example.ThreadPoolExample"/>
  <testcase name="h" time="0.058" classname="testng.examples.threadpool.example.ThreadPoolExample"/>
  <testcase name="h" time="0.012" classname="testng.examples.threadpool.example.ThreadPoolExample"/>
  <testcase name="h" time="0.044" classname="testng.examples.threadpool.example.ThreadPoolExample"/>
  <testcase name="h" time="0.031" classname="testng.examples.threadpool.example.ThreadPoolExample"/>
  <testcase name="h" time="0.044" classname="testng.examples.threadpool.example.ThreadPoolExample"/>
  <testcase name="f" time="0.123" classname="testng.examples.threadpool.example.ThreadPoolExample"/>
  <testcase name="h" time="0.036" classname="testng.examples.threadpool.example.ThreadPoolExample"/>
  <testcase name="f" time="0.145" classname="testng.examples.threadpool.example.ThreadPoolExample"/>
  <testcase name="g" time="0.075" classname="testng.examples.threadpool.example.ThreadPoolExample"/>
  <testcase name="f" time="0.205" classname="testng.examples.threadpool.example.ThreadPoolExample"/>
  <testcase name="f" time="0.117" classname="testng.examples.threadpool.example.ThreadPoolExample"/>
  <testcase name="f" time="0.089" classname="testng.examples.threadpool.example.ThreadPoolExample"/>
  <testcase name="h" time="0.044" classname="testng.examples.threadpool.example.ThreadPoolExample"/>
  <testcase name="h" time="0.049" classname="testng.examples.threadpool.example.ThreadPoolExample"/>
  <testcase name="f" time="0.101" classname="testng.examples.threadpool.example.ThreadPoolExample"/>
  <testcase name="h" time="0.050" classname="testng.examples.threadpool.example.ThreadPoolExample"/>
  <testcase name="g" time="0.084" classname="testng.examples.threadpool.example.ThreadPoolExample"/>
  <testcase name="f" time="0.091" classname="testng.examples.threadpool.example.ThreadPoolExample"/>
  <testcase name="f" time="0.102" classname="testng.examples.threadpool.example.ThreadPoolExample"/>
  <testcase name="f" time="0.195" classname="testng.examples.threadpool.example.ThreadPoolExample"/>
  <testcase name="h" time="0.052" classname="testng.examples.threadpool.example.ThreadPoolExample"/>
  <testcase name="f" time="0.182" classname="testng.examples.threadpool.example.ThreadPoolExample"/>
  <testcase name="h" time="0.041" classname="testng.examples.threadpool.example.ThreadPoolExample"/>
  <testcase name="f" time="0.145" classname="testng.examples.threadpool.example.ThreadPoolExample"/>
  <testcase name="g" time="0.140" classname="testng.examples.threadpool.example.ThreadPoolExample"/>
  <testcase name="f" time="0.235" classname="testng.examples.threadpool.example.ThreadPoolExample"/>
  <testcase name="f" time="0.217" classname="testng.examples.threadpool.example.ThreadPoolExample"/>
  <testcase name="f" time="0.103" classname="testng.examples.threadpool.example.ThreadPoolExample"/>
  <testcase name="g" time="0.077" classname="testng.examples.threadpool.example.ThreadPoolExample"/>
  <testcase name="f" time="0.109" classname="testng.examples.threadpool.example.ThreadPoolExample"/>
  <testcase name="h" time="0.103" classname="testng.examples.threadpool.example.ThreadPoolExample"/>
  <testcase name="h" time="0.060" classname="testng.examples.threadpool.example.ThreadPoolExample"/>
  <testcase name="f" time="0.243" classname="testng.examples.threadpool.example.ThreadPoolExample"/>
  <testcase name="f" time="0.222" classname="testng.examples.threadpool.example.ThreadPoolExample"/>
  <testcase name="h" time="0.103" classname="testng.examples.threadpool.example.ThreadPoolExample"/>
  <testcase name="f" time="0.058" classname="testng.examples.threadpool.example.ThreadPoolExample"/>
  <testcase name="h" time="0.082" classname="testng.examples.threadpool.example.ThreadPoolExample"/>
  <testcase name="f" time="0.119" classname="testng.examples.threadpool.example.ThreadPoolExample"/>
  <testcase name="f" time="0.084" classname="testng.examples.threadpool.example.ThreadPoolExample"/>
  <testcase name="h" time="0.039" classname="testng.examples.threadpool.example.ThreadPoolExample"/>
  <testcase name="h" time="0.058" classname="testng.examples.threadpool.example.ThreadPoolExample"/>
  <testcase name="f" time="0.482" classname="testng.examples.threadpool.example.ThreadPoolExample"/>
  <testcase name="h" time="0.013" classname="testng.examples.threadpool.example.ThreadPoolExample"/>
  <testcase name="f" time="0.248" classname="testng.examples.threadpool.example.ThreadPoolExample"/>
  <testcase name="h" time="0.018" classname="testng.examples.threadpool.example.ThreadPoolExample"/>
  <testcase name="f" time="0.132" classname="testng.examples.threadpool.example.ThreadPoolExample"/>
  <testcase name="f" time="0.138" classname="testng.examples.threadpool.example.ThreadPoolExample"/>
  <testcase name="f" time="0.283" classname="testng.examples.threadpool.example.ThreadPoolExample"/>
  <testcase name="f" time="0.186" classname="testng.examples.threadpool.example.ThreadPoolExample"/>
  <testcase name="h" time="0.042" classname="testng.examples.threadpool.example.ThreadPoolExample"/>
  <testcase name="h" time="0.028" classname="testng.examples.threadpool.example.ThreadPoolExample"/>
  <testcase name="g" time="0.042" classname="testng.examples.threadpool.example.ThreadPoolExample"/>
  <testcase name="h" time="0.046" classname="testng.examples.threadpool.example.ThreadPoolExample"/>
  <testcase name="f" time="0.082" classname="testng.examples.threadpool.example.ThreadPoolExample"/>
  <testcase name="h" time="0.020" classname="testng.examples.threadpool.example.ThreadPoolExample"/>
  <testcase name="f" time="0.108" classname="testng.examples.threadpool.example.ThreadPoolExample"/>
  <testcase name="f" time="0.102" classname="testng.examples.threadpool.example.ThreadPoolExample"/>
  <testcase name="h" time="0.045" classname="testng.examples.threadpool.example.ThreadPoolExample"/>
  <testcase name="h" time="0.074" classname="testng.examples.threadpool.example.ThreadPoolExample"/>
  <testcase name="f" time="0.181" classname="testng.examples.threadpool.example.ThreadPoolExample"/>
  <testcase name="f" time="0.113" classname="testng.examples.threadpool.example.ThreadPoolExample"/>
  <testcase name="h" time="0.102" classname="testng.examples.threadpool.example.ThreadPoolExample"/>
  <testcase name="f" time="0.081" classname="testng.examples.threadpool.example.ThreadPoolExample"/>
  <testcase name="f" time="0.102" classname="testng.examples.threadpool.example.ThreadPoolExample"/>
  <testcase name="g" time="0.084" classname="testng.examples.threadpool.example.ThreadPoolExample"/>
  <testcase name="f" time="0.237" classname="testng.examples.threadpool.example.ThreadPoolExample"/>
  <testcase name="h" time="0.029" classname="testng.examples.threadpool.example.ThreadPoolExample"/>
  <testcase name="f" time="0.099" classname="testng.examples.threadpool.example.ThreadPoolExample"/>
  <testcase name="f" time="0.128" classname="testng.examples.threadpool.example.ThreadPoolExample"/>
  <testcase name="f" time="0.111" classname="testng.examples.threadpool.example.ThreadPoolExample"/>
  <testcase name="h" time="0.014" classname="testng.examples.threadpool.example.ThreadPoolExample"/>
  <testcase name="h" time="0.047" classname="testng.examples.threadpool.example.ThreadPoolExample"/>
  <testcase name="h" time="0.021" classname="testng.examples.threadpool.example.ThreadPoolExample"/>
  <testcase name="f" time="0.273" classname="testng.examples.threadpool.example.ThreadPoolExample"/>
  <testcase name="h" time="0.042" classname="testng.examples.threadpool.example.ThreadPoolExample"/>
  <testcase name="h" time="0.030" classname="testng.examples.threadpool.example.ThreadPoolExample"/>
  <testcase name="h" time="0.076" classname="testng.examples.threadpool.example.ThreadPoolExample"/>
  <testcase name="f" time="0.099" classname="testng.examples.threadpool.example.ThreadPoolExample"/>
  <testcase name="h" time="0.079" classname="testng.examples.threadpool.example.ThreadPoolExample"/>
  <testcase name="h" time="0.043" classname="testng.examples.threadpool.example.ThreadPoolExample"/>
  <testcase name="h" time="0.060" classname="testng.examples.threadpool.example.ThreadPoolExample"/>
  <testcase name="h" time="0.049" classname="testng.examples.threadpool.example.ThreadPoolExample"/>
  <testcase name="h" time="0.026" classname="testng.examples.threadpool.example.ThreadPoolExample"/>
  <testcase name="h" time="0.084" classname="testng.examples.threadpool.example.ThreadPoolExample"/>
  <testcase name="f" time="0.112" classname="testng.examples.threadpool.example.ThreadPoolExample"/>
  <testcase name="h" time="0.043" classname="testng.examples.threadpool.example.ThreadPoolExample"/>
  <testcase name="h" time="0.036" classname="testng.examples.threadpool.example.ThreadPoolExample"/>
  <testcase name="f" time="0.228" classname="testng.examples.threadpool.example.ThreadPoolExample"/>
  <testcase name="h" time="0.084" classname="testng.examples.threadpool.example.ThreadPoolExample"/>
  <testcase name="h" time="0.045" classname="testng.examples.threadpool.example.ThreadPoolExample"/>
  <testcase name="g" time="0.052" classname="testng.examples.threadpool.example.ThreadPoolExample"/>
  <testcase name="h" time="0.035" classname="testng.examples.threadpool.example.ThreadPoolExample"/>
  <testcase name="f" time="0.251" classname="testng.examples.threadpool.example.ThreadPoolExample"/>
  <testcase name="g" time="0.046" classname="testng.examples.threadpool.example.ThreadPoolExample"/>
  <testcase name="h" time="0.155" classname="testng.examples.threadpool.example.ThreadPoolExample"/>
  <testcase name="h" time="0.055" classname="testng.examples.threadpool.example.ThreadPoolExample"/>
  <testcase name="f" time="0.244" classname="testng.examples.threadpool.example.ThreadPoolExample"/>
  <testcase name="f" time="0.093" classname="testng.examples.threadpool.example.ThreadPoolExample"/>
  <testcase name="f" time="0.145" classname="testng.examples.threadpool.example.ThreadPoolExample"/>
  <testcase name="f" time="0.090" classname="testng.examples.threadpool.example.ThreadPoolExample"/>
  <testcase name="h" time="0.052" classname="testng.examples.threadpool.example.ThreadPoolExample"/>
  <testcase name="h" time="0.029" classname="testng.examples.threadpool.example.ThreadPoolExample"/>
  <testcase name="h" time="0.102" classname="testng.examples.threadpool.example.ThreadPoolExample"/>
  <testcase name="h" time="0.043" classname="testng.examples.threadpool.example.ThreadPoolExample"/>
  <testcase name="f" time="0.153" classname="testng.examples.threadpool.example.ThreadPoolExample"/>
  <testcase name="h" time="0.051" classname="testng.examples.threadpool.example.ThreadPoolExample"/>
  <testcase name="f" time="0.104" classname="testng.examples.threadpool.example.ThreadPoolExample"/>
  <testcase name="f" time="0.168" classname="testng.examples.threadpool.example.ThreadPoolExample"/>
  <testcase name="f" time="0.065" classname="testng.examples.threadpool.example.ThreadPoolExample"/>
  <testcase name="f" time="0.108" classname="testng.examples.threadpool.example.ThreadPoolExample"/>
  <testcase name="h" time="0.043" classname="testng.examples.threadpool.example.ThreadPoolExample"/>
  <testcase name="h" time="0.021" classname="testng.examples.threadpool.example.ThreadPoolExample"/>
  <testcase name="f" time="0.142" classname="testng.examples.threadpool.example.ThreadPoolExample"/>
  <testcase name="f" time="0.193" classname="testng.examples.threadpool.example.ThreadPoolExample"/>
  <testcase name="f" time="0.244" classname="testng.examples.threadpool.example.ThreadPoolExample"/>
  <testcase name="h" time="0.036" classname="testng.examples.threadpool.example.ThreadPoolExample"/>
  <testcase name="h" time="0.038" classname="testng.examples.threadpool.example.ThreadPoolExample"/>
  <testcase name="f" time="0.103" classname="testng.examples.threadpool.example.ThreadPoolExample"/>
  <testcase name="h" time="0.009" classname="testng.examples.threadpool.example.ThreadPoolExample"/>
  <testcase name="f" time="0.220" classname="testng.examples.threadpool.example.ThreadPoolExample"/>
  <testcase name="h" time="0.043" classname="testng.examples.threadpool.example.ThreadPoolExample"/>
  <testcase name="h" time="0.021" classname="testng.examples.threadpool.example.ThreadPoolExample"/>
  <testcase name="h" time="0.073" classname="testng.examples.threadpool.example.ThreadPoolExample"/>
  <testcase name="h" time="0.010" classname="testng.examples.threadpool.example.ThreadPoolExample"/>
  <testcase name="f" time="0.244" classname="testng.examples.threadpool.example.ThreadPoolExample"/>
  <testcase name="f" time="0.172" classname="testng.examples.threadpool.example.ThreadPoolExample"/>
  <testcase name="f" time="0.476" classname="testng.examples.threadpool.example.ThreadPoolExample"/>
  <testcase name="f" time="0.126" classname="testng.examples.threadpool.example.ThreadPoolExample"/>
  <testcase name="h" time="0.053" classname="testng.examples.threadpool.example.ThreadPoolExample"/>
  <testcase name="f" time="0.076" classname="testng.examples.threadpool.example.ThreadPoolExample"/>
  <testcase name="h" time="0.044" classname="testng.examples.threadpool.example.ThreadPoolExample"/>
  <testcase name="f" time="0.103" classname="testng.examples.threadpool.example.ThreadPoolExample"/>
  <testcase name="h" time="0.134" classname="testng.examples.threadpool.example.ThreadPoolExample"/>
  <testcase name="g" time="0.109" classname="testng.examples.threadpool.example.ThreadPoolExample"/>
  <testcase name="h" time="0.076" classname="testng.examples.threadpool.example.ThreadPoolExample"/>
  <testcase name="h" time="0.072" classname="testng.examples.threadpool.example.ThreadPoolExample"/>
  <testcase name="h" time="0.022" classname="testng.examples.threadpool.example.ThreadPoolExample"/>
  <testcase name="f" time="0.122" classname="testng.examples.threadpool.example.ThreadPoolExample"/>
  <testcase name="f" time="0.000" classname="testng.examples.threadpool.example.ThreadPoolExample"/>
  <testcase name="f" time="0.236" classname="testng.examples.threadpool.example.ThreadPoolExample"/>
  <testcase name="f" time="0.473" classname="testng.examples.threadpool.example.ThreadPoolExample"/>
  <testcase name="h" time="0.011" classname="testng.examples.threadpool.example.ThreadPoolExample"/>
  <testcase name="f" time="0.097" classname="testng.examples.threadpool.example.ThreadPoolExample"/>
  <testcase name="h" time="0.056" classname="testng.examples.threadpool.example.ThreadPoolExample"/>
  <testcase name="h" time="0.099" classname="testng.examples.threadpool.example.ThreadPoolExample"/>
  <testcase name="h" time="0.051" classname="testng.examples.threadpool.example.ThreadPoolExample"/>
  <testcase name="h" time="0.010" classname="testng.examples.threadpool.example.ThreadPoolExample"/>
  <testcase name="h" time="0.046" classname="testng.examples.threadpool.example.ThreadPoolExample"/>
  <testcase name="h" time="0.061" classname="testng.examples.threadpool.example.ThreadPoolExample"/>
  <testcase name="f" time="0.193" classname="testng.examples.threadpool.example.ThreadPoolExample"/>
  <testcase name="f" time="0.104" classname="testng.examples.threadpool.example.ThreadPoolExample"/>
  <testcase name="g" time="0.084" classname="testng.examples.threadpool.example.ThreadPoolExample"/>
  <testcase name="f" time="0.107" classname="testng.examples.threadpool.example.ThreadPoolExample"/>
  <testcase name="h" time="0.067" classname="testng.examples.threadpool.example.ThreadPoolExample"/>
  <testcase name="h" time="0.036" classname="testng.examples.threadpool.example.ThreadPoolExample"/>
  <testcase name="f" time="0.171" classname="testng.examples.threadpool.example.ThreadPoolExample"/>
  <testcase name="g" time="0.071" classname="testng.examples.threadpool.example.ThreadPoolExample"/>
  <testcase name="h" time="0.013" classname="testng.examples.threadpool.example.ThreadPoolExample"/>
  <testcase name="f" time="0.114" classname="testng.examples.threadpool.example.ThreadPoolExample"/>
  <testcase name="h" time="0.042" classname="testng.examples.threadpool.example.ThreadPoolExample"/>
  <testcase name="h" time="0.040" classname="testng.examples.threadpool.example.ThreadPoolExample"/>
  <testcase name="h" time="0.045" classname="testng.examples.threadpool.example.ThreadPoolExample"/>
  <testcase name="h" time="0.057" classname="testng.examples.threadpool.example.ThreadPoolExample"/>
  <testcase name="h" time="0.044" classname="testng.examples.threadpool.example.ThreadPoolExample"/>
  <testcase name="f" time="0.214" classname="testng.examples.threadpool.example.ThreadPoolExample"/>
  <testcase name="f" time="0.072" classname="testng.examples.threadpool.example.ThreadPoolExample"/>
  <testcase name="h" time="0.041" classname="testng.examples.threadpool.example.ThreadPoolExample"/>
  <testcase name="f" time="0.190" classname="testng.examples.threadpool.example.ThreadPoolExample"/>
  <testcase name="h" time="0.044" classname="testng.examples.threadpool.example.ThreadPoolExample"/>
  <testcase name="f" time="0.127" classname="testng.examples.threadpool.example.ThreadPoolExample"/>
  <testcase name="h" time="0.109" classname="testng.examples.threadpool.example.ThreadPoolExample"/>
  <testcase name="f" time="0.141" classname="testng.examples.threadpool.example.ThreadPoolExample"/>
  <testcase name="h" time="0.029" classname="testng.examples.threadpool.example.ThreadPoolExample"/>
  <testcase name="h" time="0.109" classname="testng.examples.threadpool.example.ThreadPoolExample"/>
  <testcase name="h" time="0.045" classname="testng.examples.threadpool.example.ThreadPoolExample"/>
  <testcase name="h" time="0.043" classname="testng.examples.threadpool.example.ThreadPoolExample"/>
  <testcase name="f" time="0.083" classname="testng.examples.threadpool.example.ThreadPoolExample"/>
  <testcase name="h" time="0.019" classname="testng.examples.threadpool.example.ThreadPoolExample"/>
  <testcase name="f" time="0.084" classname="testng.examples.threadpool.example.ThreadPoolExample"/>
  <testcase name="f" time="0.078" classname="testng.examples.threadpool.example.ThreadPoolExample"/>
  <testcase name="h" time="0.015" classname="testng.examples.threadpool.example.ThreadPoolExample"/>
  <testcase name="h" time="0.112" classname="testng.examples.threadpool.example.ThreadPoolExample"/>
  <testcase name="f" time="0.247" classname="testng.examples.threadpool.example.ThreadPoolExample"/>
  <testcase name="h" time="0.017" classname="testng.examples.threadpool.example.ThreadPoolExample"/>
  <testcase name="f" time="0.156" classname="testng.examples.threadpool.example.ThreadPoolExample"/>
  <testcase name="h" time="0.100" classname="testng.examples.threadpool.example.ThreadPoolExample"/>
  <testcase name="h" time="0.084" classname="testng.examples.threadpool.example.ThreadPoolExample"/>
  <testcase name="h" time="0.040" classname="testng.examples.threadpool.example.ThreadPoolExample"/>
  <testcase name="h" time="0.009" classname="testng.examples.threadpool.example.ThreadPoolExample"/>
  <testcase name="g" time="0.083" classname="testng.examples.threadpool.example.ThreadPoolExample"/>
  <testcase name="h" time="0.039" classname="testng.examples.threadpool.example.ThreadPoolExample"/>
  <testcase name="f" time="0.000" classname="testng.examples.threadpool.example.ThreadPoolExample"/>
  <testcase name="f" time="0.146" classname="testng.examples.threadpool.example.ThreadPoolExample"/>
  <testcase name="f" time="0.108" classname="testng.examples.threadpool.example.ThreadPoolExample"/>
  <testcase name="h" time="0.041" classname="testng.examples.threadpool.example.ThreadPoolExample"/>
  <testcase name="f" time="0.161" classname="testng.examples.threadpool.example.ThreadPoolExample"/>
  <testcase name="f" time="0.188" classname="testng.examples.threadpool.example.ThreadPoolExample"/>
  <testcase name="h" time="0.008" classname="testng.examples.threadpool.example.ThreadPoolExample"/>
  <testcase name="f" time="0.107" classname="testng.examples.threadpool.example.ThreadPoolExample"/>
  <testcase name="h" time="0.017" classname="testng.examples.threadpool.example.ThreadPoolExample"/>
  <testcase name="h" time="0.020" classname="testng.examples.threadpool.example.ThreadPoolExample"/>
  <testcase name="f" time="0.258" classname="testng.examples.threadpool.example.ThreadPoolExample"/>
  <testcase name="h" time="0.041" classname="testng.examples.threadpool.example.ThreadPoolExample"/>
  <testcase name="h" time="0.017" classname="testng.examples.threadpool.example.ThreadPoolExample"/>
  <testcase name="f" time="0.083" classname="testng.examples.threadpool.example.ThreadPoolExample"/>
  <testcase name="h" time="0.043" classname="testng.examples.threadpool.example.ThreadPoolExample"/>
  <testcase name="f" time="0.147" classname="testng.examples.threadpool.example.ThreadPoolExample"/>
  <testcase name="f" time="0.213" classname="testng.examples.threadpool.example.ThreadPoolExample"/>
  <testcase name="h" time="0.018" classname="testng.examples.threadpool.example.ThreadPoolExample"/>
  <testcase name="h" time="0.096" classname="testng.examples.threadpool.example.ThreadPoolExample"/>
  <testcase name="h" time="0.041" classname="testng.examples.threadpool.example.ThreadPoolExample"/>
  <testcase name="h" time="0.085" classname="testng.examples.threadpool.example.ThreadPoolExample"/>
  <testcase name="f" time="0.055" classname="testng.examples.threadpool.example.ThreadPoolExample"/>
  <testcase name="f" time="0.090" classname="testng.examples.threadpool.example.ThreadPoolExample"/>
  <testcase name="h" time="0.069" classname="testng.examples.threadpool.example.ThreadPoolExample"/>
  <testcase name="f" time="0.108" classname="testng.examples.threadpool.example.ThreadPoolExample"/>
  <testcase name="f" time="0.067" classname="testng.examples.threadpool.example.ThreadPoolExample"/>
  <testcase name="h" time="0.017" classname="testng.examples.threadpool.example.ThreadPoolExample"/>
  <testcase name="h" time="0.072" classname="testng.examples.threadpool.example.ThreadPoolExample"/>
  <testcase name="g" time="0.068" classname="testng.examples.threadpool.example.ThreadPoolExample"/>
  <testcase name="h" time="0.093" classname="testng.examples.threadpool.example.ThreadPoolExample"/>
  <testcase name="h" time="0.040" classname="testng.examples.threadpool.example.ThreadPoolExample"/>
  <testcase name="h" time="0.067" classname="testng.examples.threadpool.example.ThreadPoolExample"/>
  <testcase name="f" time="0.115" classname="testng.examples.threadpool.example.ThreadPoolExample"/>
  <testcase name="f" time="0.062" classname="testng.examples.threadpool.example.ThreadPoolExample"/>
  <testcase name="h" time="0.057" classname="testng.examples.threadpool.example.ThreadPoolExample"/>
  <testcase name="f" time="0.068" classname="testng.examples.threadpool.example.ThreadPoolExample"/>
  <testcase name="f" time="0.189" classname="testng.examples.threadpool.example.ThreadPoolExample"/>
  <testcase name="f" time="0.105" classname="testng.examples.threadpool.example.ThreadPoolExample"/>
  <testcase name="h" time="0.077" classname="testng.examples.threadpool.example.ThreadPoolExample"/>
  <testcase name="f" time="0.181" classname="testng.examples.threadpool.example.ThreadPoolExample"/>
  <testcase name="h" time="0.014" classname="testng.examples.threadpool.example.ThreadPoolExample"/>
  <testcase name="f" time="0.318" classname="testng.examples.threadpool.example.ThreadPoolExample"/>
  <testcase name="f" time="0.120" classname="testng.examples.threadpool.example.ThreadPoolExample"/>
  <testcase name="g" time="0.074" classname="testng.examples.threadpool.example.ThreadPoolExample"/>
  <testcase name="h" time="0.043" classname="testng.examples.threadpool.example.ThreadPoolExample"/>
  <testcase name="f" time="0.148" classname="testng.examples.threadpool.example.ThreadPoolExample"/>
  <testcase name="h" time="0.095" classname="testng.examples.threadpool.example.ThreadPoolExample"/>
  <testcase name="f" time="0.095" classname="testng.examples.threadpool.example.ThreadPoolExample"/>
  <testcase name="f" time="0.134" classname="testng.examples.threadpool.example.ThreadPoolExample"/>
  <testcase name="f" time="0.070" classname="testng.examples.threadpool.example.ThreadPoolExample"/>
  <testcase name="h" time="0.010" classname="testng.examples.threadpool.example.ThreadPoolExample"/>
  <testcase name="h" time="0.055" classname="testng.examples.threadpool.example.ThreadPoolExample"/>
  <testcase name="f" time="0.103" classname="testng.examples.threadpool.example.ThreadPoolExample"/>
  <testcase name="h" time="0.036" classname="testng.examples.threadpool.example.ThreadPoolExample"/>
  <testcase name="f" time="0.109" classname="testng.examples.threadpool.example.ThreadPoolExample"/>
  <testcase name="h" time="0.039" classname="testng.examples.threadpool.example.ThreadPoolExample"/>
  <testcase name="h" time="0.057" classname="testng.examples.threadpool.example.ThreadPoolExample"/>
  <testcase name="h" time="0.017" classname="testng.examples.threadpool.example.ThreadPoolExample"/>
  <testcase name="h" time="0.084" classname="testng.examples.threadpool.example.ThreadPoolExample"/>
  <testcase name="h" time="0.081" classname="testng.examples.threadpool.example.ThreadPoolExample"/>
  <testcase name="f" time="0.198" classname="testng.examples.threadpool.example.ThreadPoolExample"/>
  <testcase name="h" time="0.067" classname="testng.examples.threadpool.example.ThreadPoolExample"/>
  <testcase name="h" time="0.040" classname="testng.examples.threadpool.example.ThreadPoolExample"/>
  <testcase name="h" time="0.018" classname="testng.examples.threadpool.example.ThreadPoolExample"/>
  <testcase name="f" time="0.213" classname="testng.examples.threadpool.example.ThreadPoolExample"/>
  <testcase name="h" time="0.016" classname="testng.examples.threadpool.example.ThreadPoolExample"/>
  <testcase name="f" time="0.199" classname="testng.examples.threadpool.example.ThreadPoolExample"/>
  <testcase name="f" time="0.117" classname="testng.examples.threadpool.example.ThreadPoolExample"/>
  <testcase name="f" time="0.100" classname="testng.examples.threadpool.example.ThreadPoolExample"/>
  <testcase name="f" time="0.166" classname="testng.examples.threadpool.example.ThreadPoolExample"/>
  <testcase name="h" time="0.021" classname="testng.examples.threadpool.example.ThreadPoolExample"/>
  <testcase name="h" time="0.027" classname="testng.examples.threadpool.example.ThreadPoolExample"/>
  <testcase name="f" time="0.129" classname="testng.examples.threadpool.example.ThreadPoolExample"/>
  <testcase name="h" time="0.075" classname="testng.examples.threadpool.example.ThreadPoolExample"/>
  <testcase name="f" time="0.263" classname="testng.examples.threadpool.example.ThreadPoolExample"/>
  <testcase name="f" time="0.210" classname="testng.examples.threadpool.example.ThreadPoolExample"/>
  <testcase name="h" time="0.054" classname="testng.examples.threadpool.example.ThreadPoolExample"/>
  <testcase name="f" time="0.065" classname="testng.examples.threadpool.example.ThreadPoolExample"/>
  <testcase name="f" time="0.145" classname="testng.examples.threadpool.example.ThreadPoolExample"/>
  <testcase name="f" time="0.235" classname="testng.examples.threadpool.example.ThreadPoolExample"/>
  <testcase name="f" time="0.107" classname="testng.examples.threadpool.example.ThreadPoolExample"/>
  <testcase name="h" time="0.091" classname="testng.examples.threadpool.example.ThreadPoolExample"/>
  <testcase name="f" time="0.120" classname="testng.examples.threadpool.example.ThreadPoolExample"/>
  <testcase name="f" time="0.086" classname="testng.examples.threadpool.example.ThreadPoolExample"/>
  <testcase name="h" time="0.168" classname="testng.examples.threadpool.example.ThreadPoolExample"/>
  <testcase name="h" time="0.085" classname="testng.examples.threadpool.example.ThreadPoolExample"/>
  <testcase name="f" time="0.087" classname="testng.examples.threadpool.example.ThreadPoolExample"/>
  <testcase name="f" time="0.121" classname="testng.examples.threadpool.example.ThreadPoolExample"/>
  <testcase name="g" time="0.042" classname="testng.examples.threadpool.example.ThreadPoolExample"/>
  <testcase name="h" time="0.082" classname="testng.examples.threadpool.example.ThreadPoolExample"/>
  <testcase name="h" time="0.044" classname="testng.examples.threadpool.example.ThreadPoolExample"/>
  <testcase name="h" time="0.062" classname="testng.examples.threadpool.example.ThreadPoolExample"/>
  <testcase name="h" time="0.168" classname="testng.examples.threadpool.example.ThreadPoolExample"/>
  <testcase name="f" time="0.204" classname="testng.examples.threadpool.example.ThreadPoolExample"/>
  <testcase name="h" time="0.041" classname="testng.examples.threadpool.example.ThreadPoolExample"/>
  <testcase name="h" time="0.031" classname="testng.examples.threadpool.example.ThreadPoolExample"/>
  <testcase name="f" time="0.193" classname="testng.examples.threadpool.example.ThreadPoolExample"/>
  <testcase name="g" time="0.041" classname="testng.examples.threadpool.example.ThreadPoolExample"/>
  <testcase name="f" time="0.098" classname="testng.examples.threadpool.example.ThreadPoolExample"/>
  <testcase name="h" time="0.043" classname="testng.examples.threadpool.example.ThreadPoolExample"/>
  <testcase name="f" time="0.146" classname="testng.examples.threadpool.example.ThreadPoolExample"/>
  <testcase name="h" time="0.015" classname="testng.examples.threadpool.example.ThreadPoolExample"/>
  <testcase name="g" time="0.042" classname="testng.examples.threadpool.example.ThreadPoolExample"/>
  <testcase name="h" time="0.080" classname="testng.examples.threadpool.example.ThreadPoolExample"/>
  <testcase name="f" time="0.072" classname="testng.examples.threadpool.example.ThreadPoolExample"/>
  <testcase name="f" time="0.120" classname="testng.examples.threadpool.example.ThreadPoolExample"/>
  <testcase name="h" time="0.041" classname="testng.examples.threadpool.example.ThreadPoolExample"/>
  <testcase name="f" time="0.103" classname="testng.examples.threadpool.example.ThreadPoolExample"/>
  <testcase name="f" time="0.099" classname="testng.examples.threadpool.example.ThreadPoolExample"/>
  <testcase name="h" time="0.078" classname="testng.examples.threadpool.example.ThreadPoolExample"/>
  <testcase name="f" time="0.087" classname="testng.examples.threadpool.example.ThreadPoolExample"/>
  <testcase name="f" time="0.142" classname="testng.examples.threadpool.example.ThreadPoolExample"/>
  <testcase name="h" time="0.045" classname="testng.examples.threadpool.example.ThreadPoolExample"/>
  <testcase name="h" time="0.022" classname="testng.examples.threadpool.example.ThreadPoolExample"/>
  <testcase name="f" time="0.252" classname="testng.examples.threadpool.example.ThreadPoolExample"/>
  <testcase name="f" time="0.188" classname="testng.examples.threadpool.example.ThreadPoolExample"/>
  <testcase name="f" time="0.136" classname="testng.examples.threadpool.example.ThreadPoolExample"/>
  <testcase name="h" time="0.051" classname="testng.examples.threadpool.example.ThreadPoolExample"/>
  <testcase name="h" time="0.041" classname="testng.examples.threadpool.example.ThreadPoolExample"/>
  <testcase name="h" time="0.019" classname="testng.examples.threadpool.example.ThreadPoolExample"/>
  <testcase name="h" time="0.072" classname="testng.examples.threadpool.example.ThreadPoolExample"/>
  <testcase name="h" time="0.059" classname="testng.examples.threadpool.example.ThreadPoolExample"/>
  <testcase name="f" time="0.155" classname="testng.examples.threadpool.example.ThreadPoolExample"/>
  <testcase name="h" time="0.043" classname="testng.examples.threadpool.example.ThreadPoolExample"/>
  <testcase name="f" time="0.105" classname="testng.examples.threadpool.example.ThreadPoolExample"/>
  <testcase name="h" time="0.126" classname="testng.examples.threadpool.example.ThreadPoolExample"/>
  <testcase name="h" time="0.021" classname="testng.examples.threadpool.example.ThreadPoolExample"/>
  <testcase name="g" time="0.042" classname="testng.examples.threadpool.example.ThreadPoolExample"/>
  <testcase name="h" time="0.020" classname="testng.examples.threadpool.example.ThreadPoolExample"/>
  <testcase name="f" time="0.143" classname="testng.examples.threadpool.example.ThreadPoolExample"/>
  <testcase name="f" time="0.215" classname="testng.examples.threadpool.example.ThreadPoolExample"/>
  <testcase name="g" time="0.066" classname="testng.examples.threadpool.example.ThreadPoolExample"/>
  <testcase name="h" time="0.050" classname="testng.examples.threadpool.example.ThreadPoolExample"/>
  <testcase name="h" time="0.013" classname="testng.examples.threadpool.example.ThreadPoolExample"/>
  <testcase name="f" time="0.052" classname="testng.examples.threadpool.example.ThreadPoolExample"/>
  <testcase name="h" time="0.037" classname="testng.examples.threadpool.example.ThreadPoolExample"/>
  <testcase name="h" time="0.047" classname="testng.examples.threadpool.example.ThreadPoolExample"/>
  <testcase name="f" time="0.099" classname="testng.examples.threadpool.example.ThreadPoolExample"/>
  <testcase name="h" time="0.015" classname="testng.examples.threadpool.example.ThreadPoolExample"/>
  <testcase name="f" time="0.064" classname="testng.examples.threadpool.example.ThreadPoolExample"/>
  <testcase name="h" time="0.089" classname="testng.examples.threadpool.example.ThreadPoolExample"/>
  <testcase name="h" time="0.038" classname="testng.examples.threadpool.example.ThreadPoolExample"/>
  <testcase name="f" time="0.099" classname="testng.examples.threadpool.example.ThreadPoolExample"/>
  <testcase name="h" time="0.113" classname="testng.examples.threadpool.example.ThreadPoolExample"/>
  <testcase name="h" time="0.072" classname="testng.examples.threadpool.example.ThreadPoolExample"/>
  <testcase name="f" time="0.117" classname="testng.examples.threadpool.example.ThreadPoolExample"/>
  <testcase name="h" time="0.012" classname="testng.examples.threadpool.example.ThreadPoolExample"/>
  <testcase name="f" time="0.142" classname="testng.examples.threadpool.example.ThreadPoolExample"/>
  <testcase name="f" time="0.181" classname="testng.examples.threadpool.example.ThreadPoolExample"/>
  <testcase name="f" time="0.308" classname="testng.examples.threadpool.example.ThreadPoolExample"/>
  <testcase name="f" time="0.103" classname="testng.examples.threadpool.example.ThreadPoolExample"/>
  <testcase name="f" time="0.150" classname="testng.examples.threadpool.example.ThreadPoolExample"/>
  <testcase name="h" time="0.044" classname="testng.examples.threadpool.example.ThreadPoolExample"/>
  <testcase name="f" time="0.105" classname="testng.examples.threadpool.example.ThreadPoolExample"/>
  <testcase name="h" time="0.057" classname="testng.examples.threadpool.example.ThreadPoolExample"/>
  <testcase name="f" time="0.193" classname="testng.examples.threadpool.example.ThreadPoolExample"/>
  <testcase name="f" time="0.101" classname="testng.examples.threadpool.example.ThreadPoolExample"/>
  <testcase name="f" time="0.122" classname="testng.examples.threadpool.example.ThreadPoolExample"/>
  <testcase name="f" time="0.094" classname="testng.examples.threadpool.example.ThreadPoolExample"/>
  <testcase name="h" time="0.022" classname="testng.examples.threadpool.example.ThreadPoolExample"/>
  <testcase name="h" time="0.039" classname="testng.examples.threadpool.example.ThreadPoolExample"/>
  <testcase name="g" time="0.058" classname="testng.examples.threadpool.example.ThreadPoolExample"/>
  <testcase name="f" time="0.175" classname="testng.examples.threadpool.example.ThreadPoolExample"/>
  <testcase name="h" time="0.061" classname="testng.examples.threadpool.example.ThreadPoolExample"/>
  <testcase name="f" time="0.141" classname="testng.examples.threadpool.example.ThreadPoolExample"/>
  <testcase name="g" time="0.080" classname="testng.examples.threadpool.example.ThreadPoolExample"/>
  <testcase name="f" time="0.254" classname="testng.examples.threadpool.example.ThreadPoolExample"/>
  <testcase name="f" time="0.281" classname="testng.examples.threadpool.example.ThreadPoolExample"/>
  <testcase name="g" time="0.042" classname="testng.examples.threadpool.example.ThreadPoolExample"/>
  <testcase name="f" time="0.120" classname="testng.examples.threadpool.example.ThreadPoolExample"/>
  <testcase name="h" time="0.043" classname="testng.examples.threadpool.example.ThreadPoolExample"/>
  <testcase name="f" time="0.106" classname="testng.examples.threadpool.example.ThreadPoolExample"/>
  <testcase name="f" time="0.062" classname="testng.examples.threadpool.example.ThreadPoolExample"/>
  <testcase name="h" time="0.029" classname="testng.examples.threadpool.example.ThreadPoolExample"/>
  <testcase name="h" time="0.194" classname="testng.examples.threadpool.example.ThreadPoolExample"/>
  <testcase name="h" time="0.078" classname="testng.examples.threadpool.example.ThreadPoolExample"/>
  <testcase name="f" time="0.182" classname="testng.examples.threadpool.example.ThreadPoolExample"/>
  <testcase name="f" time="0.065" classname="testng.examples.threadpool.example.ThreadPoolExample"/>
  <testcase name="h" time="0.086" classname="testng.examples.threadpool.example.ThreadPoolExample"/>
  <testcase name="g" time="0.083" classname="testng.examples.threadpool.example.ThreadPoolExample"/>
  <testcase name="f" time="0.257" classname="testng.examples.threadpool.example.ThreadPoolExample"/>
  <testcase name="h" time="0.010" classname="testng.examples.threadpool.example.ThreadPoolExample"/>
  <testcase name="h" time="0.010" classname="testng.examples.threadpool.example.ThreadPoolExample"/>
  <testcase name="g" time="0.081" classname="testng.examples.threadpool.example.ThreadPoolExample"/>
  <testcase name="h" time="0.052" classname="testng.examples.threadpool.example.ThreadPoolExample"/>
  <testcase name="h" time="0.038" classname="testng.examples.threadpool.example.ThreadPoolExample"/>
  <testcase name="f" time="0.245" classname="testng.examples.threadpool.example.ThreadPoolExample"/>
  <testcase name="h" time="0.040" classname="testng.examples.threadpool.example.ThreadPoolExample"/>
  <testcase name="h" time="0.081" classname="testng.examples.threadpool.example.ThreadPoolExample"/>
  <testcase name="g" time="0.081" classname="testng.examples.threadpool.example.ThreadPoolExample"/>
  <testcase name="h" time="0.110" classname="testng.examples.threadpool.example.ThreadPoolExample"/>
  <testcase name="f" time="0.090" classname="testng.examples.threadpool.example.ThreadPoolExample"/>
  <testcase name="f" time="0.177" classname="testng.examples.threadpool.example.ThreadPoolExample"/>
  <testcase name="f" time="0.281" classname="testng.examples.threadpool.example.ThreadPoolExample"/>
  <testcase name="f" time="0.308" classname="testng.examples.threadpool.example.ThreadPoolExample"/>
  <testcase name="h" time="0.094" classname="testng.examples.threadpool.example.ThreadPoolExample"/>
  <testcase name="h" time="0.045" classname="testng.examples.threadpool.example.ThreadPoolExample"/>
  <testcase name="f" time="0.109" classname="testng.examples.threadpool.example.ThreadPoolExample"/>
  <testcase name="f" time="0.205" classname="testng.examples.threadpool.example.ThreadPoolExample"/>
  <testcase name="g" time="0.084" classname="testng.examples.threadpool.example.ThreadPoolExample"/>
  <testcase name="h" time="0.081" classname="testng.examples.threadpool.example.ThreadPoolExample"/>
  <testcase name="f" time="0.137" classname="testng.examples.threadpool.example.ThreadPoolExample"/>
  <testcase name="h" time="0.042" classname="testng.examples.threadpool.example.ThreadPoolExample"/>
  <testcase name="h" time="0.010" classname="testng.examples.threadpool.example.ThreadPoolExample"/>
  <testcase name="f" time="0.086" classname="testng.examples.threadpool.example.ThreadPoolExample"/>
  <testcase name="h" time="0.043" classname="testng.examples.threadpool.example.ThreadPoolExample"/>
  <testcase name="f" time="0.099" classname="testng.examples.threadpool.example.ThreadPoolExample"/>
  <testcase name="f" time="0.082" classname="testng.examples.threadpool.example.ThreadPoolExample"/>
  <testcase name="h" time="0.056" classname="testng.examples.threadpool.example.ThreadPoolExample"/>
  <testcase name="h" time="0.076" classname="testng.examples.threadpool.example.ThreadPoolExample"/>
  <testcase name="h" time="0.026" classname="testng.examples.threadpool.example.ThreadPoolExample"/>
  <testcase name="f" time="0.110" classname="testng.examples.threadpool.example.ThreadPoolExample"/>
  <testcase name="f" time="0.081" classname="testng.examples.threadpool.example.ThreadPoolExample"/>
  <testcase name="h" time="0.031" classname="testng.examples.threadpool.example.ThreadPoolExample"/>
  <testcase name="h" time="0.026" classname="testng.examples.threadpool.example.ThreadPoolExample"/>
  <testcase name="g" time="0.076" classname="testng.examples.threadpool.example.ThreadPoolExample"/>
  <testcase name="h" time="0.010" classname="testng.examples.threadpool.example.ThreadPoolExample"/>
  <testcase name="f" time="0.074" classname="testng.examples.threadpool.example.ThreadPoolExample"/>
  <testcase name="f" time="0.077" classname="testng.examples.threadpool.example.ThreadPoolExample"/>
  <testcase name="f" time="0.214" classname="testng.examples.threadpool.example.ThreadPoolExample"/>
  <testcase name="f" time="0.085" classname="testng.examples.threadpool.example.ThreadPoolExample"/>
  <testcase name="f" time="0.227" classname="testng.examples.threadpool.example.ThreadPoolExample"/>
  <testcase name="f" time="0.066" classname="testng.examples.threadpool.example.ThreadPoolExample"/>
  <testcase name="h" time="0.094" classname="testng.examples.threadpool.example.ThreadPoolExample"/>
  <testcase name="h" time="0.030" classname="testng.examples.threadpool.example.ThreadPoolExample"/>
  <testcase name="h" time="0.018" classname="testng.examples.threadpool.example.ThreadPoolExample"/>
  <testcase name="f" time="0.119" classname="testng.examples.threadpool.example.ThreadPoolExample"/>
  <testcase name="h" time="0.045" classname="testng.examples.threadpool.example.ThreadPoolExample"/>
  <testcase name="f" time="0.513" classname="testng.examples.threadpool.example.ThreadPoolExample"/>
  <testcase name="h" time="0.072" classname="testng.examples.threadpool.example.ThreadPoolExample"/>
  <testcase name="f" time="0.163" classname="testng.examples.threadpool.example.ThreadPoolExample"/>
  <testcase name="h" time="0.046" classname="testng.examples.threadpool.example.ThreadPoolExample"/>
  <testcase name="f" time="0.141" classname="testng.examples.threadpool.example.ThreadPoolExample"/>
  <testcase name="h" time="0.074" classname="testng.examples.threadpool.example.ThreadPoolExample"/>
  <testcase name="f" time="0.130" classname="testng.examples.threadpool.example.ThreadPoolExample"/>
  <testcase name="f" time="0.281" classname="testng.examples.threadpool.example.ThreadPoolExample"/>
  <testcase name="f" time="0.196" classname="testng.examples.threadpool.example.ThreadPoolExample"/>
  <testcase name="h" time="0.071" classname="testng.examples.threadpool.example.ThreadPoolExample"/>
  <testcase name="f" time="0.089" classname="testng.examples.threadpool.example.ThreadPoolExample"/>
  <testcase name="h" time="0.116" classname="testng.examples.threadpool.example.ThreadPoolExample"/>
  <testcase name="f" time="0.132" classname="testng.examples.threadpool.example.ThreadPoolExample"/>
  <testcase name="h" time="0.043" classname="testng.examples.threadpool.example.ThreadPoolExample"/>
  <testcase name="h" time="0.060" classname="testng.examples.threadpool.example.ThreadPoolExample"/>
  <testcase name="h" time="0.128" classname="testng.examples.threadpool.example.ThreadPoolExample"/>
  <testcase name="f" time="0.182" classname="testng.examples.threadpool.example.ThreadPoolExample"/>
  <testcase name="f" time="0.226" classname="testng.examples.threadpool.example.ThreadPoolExample"/>
  <testcase name="h" time="0.044" classname="testng.examples.threadpool.example.ThreadPoolExample"/>
  <testcase name="f" time="0.132" classname="testng.examples.threadpool.example.ThreadPoolExample"/>
  <testcase name="g" time="0.132" classname="testng.examples.threadpool.example.ThreadPoolExample"/>
  <testcase name="f" time="0.057" classname="testng.examples.threadpool.example.ThreadPoolExample"/>
  <testcase name="h" time="0.013" classname="testng.examples.threadpool.example.ThreadPoolExample"/>
  <testcase name="h" time="0.071" classname="testng.examples.threadpool.example.ThreadPoolExample"/>
  <testcase name="h" time="0.054" classname="testng.examples.threadpool.example.ThreadPoolExample"/>
  <testcase name="f" time="0.110" classname="testng.examples.threadpool.example.ThreadPoolExample"/>
  <testcase name="f" time="0.112" classname="testng.examples.threadpool.example.ThreadPoolExample"/>
  <testcase name="f" time="0.148" classname="testng.examples.threadpool.example.ThreadPoolExample"/>
  <testcase name="f" time="0.065" classname="testng.examples.threadpool.example.ThreadPoolExample"/>
  <testcase name="f" time="0.057" classname="testng.examples.threadpool.example.ThreadPoolExample"/>
  <testcase name="f" time="0.186" classname="testng.examples.threadpool.example.ThreadPoolExample"/>
  <testcase name="f" time="0.149" classname="testng.examples.threadpool.example.ThreadPoolExample"/>
  <testcase name="f" time="0.056" classname="testng.examples.threadpool.example.ThreadPoolExample"/>
  <testcase name="f" time="0.085" classname="testng.examples.threadpool.example.ThreadPoolExample"/>
  <testcase name="f" time="0.165" classname="testng.examples.threadpool.example.ThreadPoolExample"/>
  <testcase name="f" time="0.084" classname="testng.examples.threadpool.example.ThreadPoolExample"/>
  <testcase name="h" time="0.036" classname="testng.examples.threadpool.example.ThreadPoolExample"/>
  <testcase name="h" time="0.073" classname="testng.examples.threadpool.example.ThreadPoolExample"/>
  <testcase name="f" time="0.098" classname="testng.examples.threadpool.example.ThreadPoolExample"/>
  <testcase name="h" time="0.045" classname="testng.examples.threadpool.example.ThreadPoolExample"/>
  <testcase name="h" time="0.084" classname="testng.examples.threadpool.example.ThreadPoolExample"/>
  <testcase name="h" time="0.061" classname="testng.examples.threadpool.example.ThreadPoolExample"/>
  <testcase name="f" time="0.075" classname="testng.examples.threadpool.example.ThreadPoolExample"/>
  <testcase name="h" time="0.037" classname="testng.examples.threadpool.example.ThreadPoolExample"/>
  <testcase name="f" time="0.104" classname="testng.examples.threadpool.example.ThreadPoolExample"/>
  <testcase name="h" time="0.011" classname="testng.examples.threadpool.example.ThreadPoolExample"/>
[...]
  <testcase name="f" time="0.145" classname="testng.examples.threadpool.example.ThreadPoolExample"/>
  <testcase name="f" time="0.499" classname="testng.examples.threadpool.example.ThreadPoolExample"/>
  <testcase name="h" time="0.061" classname="testng.examples.threadpool.example.ThreadPoolExample"/>
  <testcase name="h" time="0.029" classname="testng.examples.threadpool.example.ThreadPoolExample"/>
  <testcase name="f" time="0.173" classname="testng.examples.threadpool.example.ThreadPoolExample"/>
  <testcase name="f" time="0.082" classname="testng.examples.threadpool.example.ThreadPoolExample"/>
  <testcase name="f" time="0.071" classname="testng.examples.threadpool.example.ThreadPoolExample"/>
  <testcase name="h" time="0.097" classname="testng.examples.threadpool.example.ThreadPoolExample"/>
  <testcase name="f" time="0.205" classname="testng.examples.threadpool.example.ThreadPoolExample"/>
  <testcase name="f" time="0.187" classname="testng.examples.threadpool.example.ThreadPoolExample"/>
  <testcase name="g" time="0.075" classname="testng.examples.threadpool.example.ThreadPoolExample"/>
  <testcase name="f" time="0.001" classname="testng.examples.threadpool.example.ThreadPoolExample"/>
  <testcase name="f" time="0.128" classname="testng.examples.threadpool.example.ThreadPoolExample"/>
  <testcase name="h" time="0.074" classname="testng.examples.threadpool.example.ThreadPoolExample"/>
  <testcase name="h" time="0.072" classname="testng.examples.threadpool.example.ThreadPoolExample"/>
  <testcase name="f" time="0.088" classname="testng.examples.threadpool.example.ThreadPoolExample"/>
  <testcase name="h" time="0.045" classname="testng.examples.threadpool.example.ThreadPoolExample"/>
  <testcase name="f" time="0.145" classname="testng.examples.threadpool.example.ThreadPoolExample"/>
  <testcase name="g" time="0.113" classname="testng.examples.threadpool.example.ThreadPoolExample"/>
  <testcase name="h" time="0.107" classname="testng.examples.threadpool.example.ThreadPoolExample"/>
  <testcase name="h" time="0.092" classname="testng.examples.threadpool.example.ThreadPoolExample"/>
  <testcase name="h" time="0.039" classname="testng.examples.threadpool.example.ThreadPoolExample"/>
  <testcase name="h" time="0.039" classname="testng.examples.threadpool.example.ThreadPoolExample"/>
  <testcase name="f" time="0.091" classname="testng.examples.threadpool.example.ThreadPoolExample"/>
  <testcase name="h" time="0.061" classname="testng.examples.threadpool.example.ThreadPoolExample"/>
  <testcase name="h" time="0.046" classname="testng.examples.threadpool.example.ThreadPoolExample"/>
  <testcase name="h" time="0.075" classname="testng.examples.threadpool.example.ThreadPoolExample"/>
  <testcase name="f" time="0.087" classname="testng.examples.threadpool.example.ThreadPoolExample"/>
  <testcase name="h" time="0.025" classname="testng.examples.threadpool.example.ThreadPoolExample"/>
  <testcase name="h" time="0.073" classname="testng.examples.threadpool.example.ThreadPoolExample"/>
  <testcase name="f" time="0.264" classname="testng.examples.threadpool.example.ThreadPoolExample"/>
  <testcase name="h" time="0.038" classname="testng.examples.threadpool.example.ThreadPoolExample"/>
  <testcase name="h" time="0.018" classname="testng.examples.threadpool.example.ThreadPoolExample"/>
  <testcase name="f" time="0.256" classname="testng.examples.threadpool.example.ThreadPoolExample"/>
  <testcase name="h" time="0.045" classname="testng.examples.threadpool.example.ThreadPoolExample"/>
  <testcase name="f" time="0.097" classname="testng.examples.threadpool.example.ThreadPoolExample"/>
  <testcase name="h" time="0.069" classname="testng.examples.threadpool.example.ThreadPoolExample"/>
  <testcase name="h" time="0.041" classname="testng.examples.threadpool.example.ThreadPoolExample"/>
  <testcase name="h" time="0.031" classname="testng.examples.threadpool.example.ThreadPoolExample"/>
  <testcase name="h" time="0.013" classname="testng.examples.threadpool.example.ThreadPoolExample"/>
  <testcase name="h" time="0.083" classname="testng.examples.threadpool.example.ThreadPoolExample"/>
  <testcase name="h" time="0.060" classname="testng.examples.threadpool.example.ThreadPoolExample"/>
  <testcase name="g" time="0.042" classname="testng.examples.threadpool.example.ThreadPoolExample"/>
  <testcase name="h" time="0.043" classname="testng.examples.threadpool.example.ThreadPoolExample"/>
  <testcase name="h" time="0.045" classname="testng.examples.threadpool.example.ThreadPoolExample"/>
  <testcase name="f" time="0.281" classname="testng.examples.threadpool.example.ThreadPoolExample"/>
  <testcase name="h" time="0.049" classname="testng.examples.threadpool.example.ThreadPoolExample"/>
  <testcase name="h" time="0.081" classname="testng.examples.threadpool.example.ThreadPoolExample"/>
  <testcase name="h" time="0.043" classname="testng.examples.threadpool.example.ThreadPoolExample"/>
  <testcase name="h" time="0.040" classname="testng.examples.threadpool.example.ThreadPoolExample"/>
  <testcase name="h" time="0.050" classname="testng.examples.threadpool.example.ThreadPoolExample"/>
  <testcase name="f" time="0.089" classname="testng.examples.threadpool.example.ThreadPoolExample"/>
  <testcase name="f" time="0.051" classname="testng.examples.threadpool.example.ThreadPoolExample"/>
  <testcase name="f" time="0.064" classname="testng.examples.threadpool.example.ThreadPoolExample"/>
  <testcase name="h" time="0.058" classname="testng.examples.threadpool.example.ThreadPoolExample"/>
  <testcase name="h" time="0.065" classname="testng.examples.threadpool.example.ThreadPoolExample"/>
  <testcase name="f" time="0.274" classname="testng.examples.threadpool.example.ThreadPoolExample"/>
  <testcase name="h" time="0.011" classname="testng.examples.threadpool.example.ThreadPoolExample"/>
  <testcase name="g" time="0.038" classname="testng.examples.threadpool.example.ThreadPoolExample"/>
  <testcase name="f" time="0.150" classname="testng.examples.threadpool.example.ThreadPoolExample"/>
  <testcase name="f" time="0.237" classname="testng.examples.threadpool.example.ThreadPoolExample"/>
  <testcase name="f" time="0.113" classname="testng.examples.threadpool.example.ThreadPoolExample"/>
  <testcase name="f" time="0.063" classname="testng.examples.threadpool.example.ThreadPoolExample"/>
  <testcase name="h" time="0.044" classname="testng.examples.threadpool.example.ThreadPoolExample"/>
  <testcase name="f" time="0.085" classname="testng.examples.threadpool.example.ThreadPoolExample"/>
  <testcase name="h" time="0.077" classname="testng.examples.threadpool.example.ThreadPoolExample"/>
  <testcase name="f" time="0.135" classname="testng.examples.threadpool.example.ThreadPoolExample"/>
  <testcase name="h" time="0.110" classname="testng.examples.threadpool.example.ThreadPoolExample"/>
  <testcase name="h" time="0.044" classname="testng.examples.threadpool.example.ThreadPoolExample"/>
  <testcase name="h" time="0.078" classname="testng.examples.threadpool.example.ThreadPoolExample"/>
  <testcase name="h" time="0.033" classname="testng.examples.threadpool.example.ThreadPoolExample"/>
  <testcase name="f" time="0.109" classname="testng.examples.threadpool.example.ThreadPoolExample"/>
  <testcase name="h" time="0.042" classname="testng.examples.threadpool.example.ThreadPoolExample"/>
  <testcase name="g" time="0.041" classname="testng.examples.threadpool.example.ThreadPoolExample"/>
  <testcase name="h" time="0.061" classname="testng.examples.threadpool.example.ThreadPoolExample"/>
  <testcase name="h" time="0.025" classname="testng.examples.threadpool.example.ThreadPoolExample"/>
  <testcase name="f" time="0.073" classname="testng.examples.threadpool.example.ThreadPoolExample"/>
  <testcase name="h" time="0.031" classname="testng.examples.threadpool.example.ThreadPoolExample"/>
  <testcase name="f" time="0.236" classname="testng.examples.threadpool.example.ThreadPoolExample"/>
  <testcase name="h" time="0.188" classname="testng.examples.threadpool.example.ThreadPoolExample"/>
  <testcase name="f" time="0.202" classname="testng.examples.threadpool.example.ThreadPoolExample"/>
  <testcase name="f" time="0.206" classname="testng.examples.threadpool.example.ThreadPoolExample"/>
  <testcase name="h" time="0.101" classname="testng.examples.threadpool.example.ThreadPoolExample"/>
  <testcase name="g" time="0.079" classname="testng.examples.threadpool.example.ThreadPoolExample"/>
  <testcase name="f" time="0.170" classname="testng.examples.threadpool.example.ThreadPoolExample"/>
  <testcase name="h" time="0.032" classname="testng.examples.threadpool.example.ThreadPoolExample"/>
  <testcase name="f" time="0.119" classname="testng.examples.threadpool.example.ThreadPoolExample"/>
  <testcase name="f" time="0.305" classname="testng.examples.threadpool.example.ThreadPoolExample"/>
  <testcase name="h" time="0.015" classname="testng.examples.threadpool.example.ThreadPoolExample"/>
  <testcase name="f" time="0.206" classname="testng.examples.threadpool.example.ThreadPoolExample"/>
  <testcase name="h" time="0.101" classname="testng.examples.threadpool.example.ThreadPoolExample"/>
  <testcase name="f" time="0.210" classname="testng.examples.threadpool.example.ThreadPoolExample"/>
  <testcase name="f" time="0.162" classname="testng.examples.threadpool.example.ThreadPoolExample"/>
  <testcase name="f" time="0.133" classname="testng.examples.threadpool.example.ThreadPoolExample"/>
  <testcase name="f" time="0.090" classname="testng.examples.threadpool.example.ThreadPoolExample"/>
  <testcase name="h" time="0.049" classname="testng.examples.threadpool.example.ThreadPoolExample"/>
  <testcase name="f" time="0.084" classname="testng.examples.threadpool.example.ThreadPoolExample"/>
  <testcase name="h" time="0.018" classname="testng.examples.threadpool.example.ThreadPoolExample"/>
  <testcase name="h" time="0.130" classname="testng.examples.threadpool.example.ThreadPoolExample"/>
  <testcase name="h" time="0.020" classname="testng.examples.threadpool.example.ThreadPoolExample"/>
  <testcase name="f" time="0.089" classname="testng.examples.threadpool.example.ThreadPoolExample"/>
  <testcase name="f" time="0.124" classname="testng.examples.threadpool.example.ThreadPoolExample"/>
  <testcase name="f" time="0.119" classname="testng.examples.threadpool.example.ThreadPoolExample"/>
  <testcase name="f" time="0.185" classname="testng.examples.threadpool.example.ThreadPoolExample"/>
  <testcase name="f" time="0.158" classname="testng.examples.threadpool.example.ThreadPoolExample"/>
  <testcase name="f" time="0.152" classname="testng.examples.threadpool.example.ThreadPoolExample"/>
  <testcase name="h" time="0.028" classname="testng.examples.threadpool.example.ThreadPoolExample"/>
  <testcase name="h" time="0.094" classname="testng.examples.threadpool.example.ThreadPoolExample"/>
  <testcase name="h" time="0.045" classname="testng.examples.threadpool.example.ThreadPoolExample"/>
  <testcase name="f" time="0.083" classname="testng.examples.threadpool.example.ThreadPoolExample"/>
  <testcase name="g" time="0.042" classname="testng.examples.threadpool.example.ThreadPoolExample"/>
  <testcase name="h" time="0.104" classname="testng.examples.threadpool.example.ThreadPoolExample"/>
  <testcase name="h" time="0.006" classname="testng.examples.threadpool.example.ThreadPoolExample"/>
  <testcase name="h" time="0.079" classname="testng.examples.threadpool.example.ThreadPoolExample"/>
  <testcase name="f" time="0.149" classname="testng.examples.threadpool.example.ThreadPoolExample"/>
  <testcase name="f" time="0.112" classname="testng.examples.threadpool.example.ThreadPoolExample"/>
  <testcase name="f" time="0.211" classname="testng.examples.threadpool.example.ThreadPoolExample"/>
  <testcase name="f" time="0.088" classname="testng.examples.threadpool.example.ThreadPoolExample"/>
  <testcase name="h" time="0.026" classname="testng.examples.threadpool.example.ThreadPoolExample"/>
  <testcase name="h" time="0.035" classname="testng.examples.threadpool.example.ThreadPoolExample"/>
  <testcase name="f" time="0.168" classname="testng.examples.threadpool.example.ThreadPoolExample"/>
  <testcase name="f" time="0.092" classname="testng.examples.threadpool.example.ThreadPoolExample"/>
  <testcase name="f" time="0.117" classname="testng.examples.threadpool.example.ThreadPoolExample"/>
  <testcase name="h" time="0.027" classname="testng.examples.threadpool.example.ThreadPoolExample"/>
  <testcase name="h" time="0.051" classname="testng.examples.threadpool.example.ThreadPoolExample"/>
  <testcase name="h" time="0.072" classname="testng.examples.threadpool.example.ThreadPoolExample"/>
  <testcase name="h" time="0.061" classname="testng.examples.threadpool.example.ThreadPoolExample"/>
  <testcase name="f" time="0.096" classname="testng.examples.threadpool.example.ThreadPoolExample"/>
  <testcase name="f" time="0.099" classname="testng.examples.threadpool.example.ThreadPoolExample"/>
  <testcase name="f" time="0.000" classname="testng.examples.threadpool.example.ThreadPoolExample"/>
  <testcase name="h" time="0.036" classname="testng.examples.threadpool.example.ThreadPoolExample"/>
  <testcase name="f" time="0.086" classname="testng.examples.threadpool.example.ThreadPoolExample"/>
  <testcase name="f" time="0.100" classname="testng.examples.threadpool.example.ThreadPoolExample"/>
  <testcase name="g" time="0.077" classname="testng.examples.threadpool.example.ThreadPoolExample"/>
  <testcase name="h" time="0.024" classname="testng.examples.threadpool.example.ThreadPoolExample"/>
  <testcase name="h" time="0.129" classname="testng.examples.threadpool.example.ThreadPoolExample"/>
  <testcase name="h" time="0.020" classname="testng.examples.threadpool.example.ThreadPoolExample"/>
  <testcase name="f" time="0.144" classname="testng.examples.threadpool.example.ThreadPoolExample"/>
  <testcase name="f" time="0.484" classname="testng.examples.threadpool.example.ThreadPoolExample"/>
  <testcase name="h" time="0.071" classname="testng.examples.threadpool.example.ThreadPoolExample"/>
  <testcase name="f" time="0.141" classname="testng.examples.threadpool.example.ThreadPoolExample"/>
  <testcase name="h" time="0.028" classname="testng.examples.threadpool.example.ThreadPoolExample"/>
  <testcase name="h" time="0.081" classname="testng.examples.threadpool.example.ThreadPoolExample"/>
  <testcase name="h" time="0.079" classname="testng.examples.threadpool.example.ThreadPoolExample"/>
  <testcase name="g" time="0.075" classname="testng.examples.threadpool.example.ThreadPoolExample"/>
  <testcase name="f" time="0.111" classname="testng.examples.threadpool.example.ThreadPoolExample"/>
  <testcase name="h" time="0.074" classname="testng.examples.threadpool.example.ThreadPoolExample"/>
  <testcase name="h" time="0.059" classname="testng.examples.threadpool.example.ThreadPoolExample"/>
  <testcase name="f" time="0.159" classname="testng.examples.threadpool.example.ThreadPoolExample"/>
  <testcase name="h" time="0.039" classname="testng.examples.threadpool.example.ThreadPoolExample"/>
  <testcase name="g" time="0.080" classname="testng.examples.threadpool.example.ThreadPoolExample"/>
  <testcase name="h" time="0.015" classname="testng.examples.threadpool.example.ThreadPoolExample"/>
  <testcase name="h" time="0.123" classname="testng.examples.threadpool.example.ThreadPoolExample"/>
  <testcase name="f" time="0.162" classname="testng.examples.threadpool.example.ThreadPoolExample"/>
  <testcase name="f" time="0.050" classname="testng.examples.threadpool.example.ThreadPoolExample"/>
  <testcase name="h" time="0.037" classname="testng.examples.threadpool.example.ThreadPoolExample"/>
  <testcase name="h" time="0.061" classname="testng.examples.threadpool.example.ThreadPoolExample"/>
  <testcase name="h" time="0.168" classname="testng.examples.threadpool.example.ThreadPoolExample"/>
  <testcase name="h" time="0.043" classname="testng.examples.threadpool.example.ThreadPoolExample"/>
  <testcase name="h" time="0.016" classname="testng.examples.threadpool.example.ThreadPoolExample"/>
  <testcase name="h" time="0.011" classname="testng.examples.threadpool.example.ThreadPoolExample"/>
  <testcase name="h" time="0.017" classname="testng.examples.threadpool.example.ThreadPoolExample"/>
  <testcase name="h" time="0.054" classname="testng.examples.threadpool.example.ThreadPoolExample"/>
  <testcase name="f" time="0.177" classname="testng.examples.threadpool.example.ThreadPoolExample"/>
  <testcase name="f" time="0.103" classname="testng.examples.threadpool.example.ThreadPoolExample"/>
  <testcase name="f" time="0.063" classname="testng.examples.threadpool.example.ThreadPoolExample"/>
  <testcase name="f" time="0.237" classname="testng.examples.threadpool.example.ThreadPoolExample"/>
  <testcase name="f" time="0.112" classname="testng.examples.threadpool.example.ThreadPoolExample"/>
  <testcase name="h" time="0.063" classname="testng.examples.threadpool.example.ThreadPoolExample"/>
  <testcase name="h" time="0.120" classname="testng.examples.threadpool.example.ThreadPoolExample"/>
  <testcase name="h" time="0.084" classname="testng.examples.threadpool.example.ThreadPoolExample"/>
  <testcase name="f" time="0.106" classname="testng.examples.threadpool.example.ThreadPoolExample"/>
  <testcase name="f" time="0.249" classname="testng.examples.threadpool.example.ThreadPoolExample"/>
  <testcase name="h" time="0.091" classname="testng.examples.threadpool.example.ThreadPoolExample"/>
  <testcase name="f" time="0.061" classname="testng.examples.threadpool.example.ThreadPoolExample"/>
  <testcase name="h" time="0.071" classname="testng.examples.threadpool.example.ThreadPoolExample"/>
  <testcase name="f" time="0.163" classname="testng.examples.threadpool.example.ThreadPoolExample"/>
  <testcase name="h" time="0.053" classname="testng.examples.threadpool.example.ThreadPoolExample"/>
  <testcase name="h" time="0.081" classname="testng.examples.threadpool.example.ThreadPoolExample"/>
  <testcase name="f" time="0.160" classname="testng.examples.threadpool.example.ThreadPoolExample"/>
  <testcase name="f" time="0.081" classname="testng.examples.threadpool.example.ThreadPoolExample"/>
  <testcase name="h" time="0.044" classname="testng.examples.threadpool.example.ThreadPoolExample"/>
  <testcase name="f" time="0.083" classname="testng.examples.threadpool.example.ThreadPoolExample"/>
  <testcase name="g" time="0.070" classname="testng.examples.threadpool.example.ThreadPoolExample"/>
  <testcase name="f" time="0.096" classname="testng.examples.threadpool.example.ThreadPoolExample"/>
  <testcase name="f" time="0.085" classname="testng.examples.threadpool.example.ThreadPoolExample"/>
  <testcase name="h" time="0.078" classname="testng.examples.threadpool.example.ThreadPoolExample"/>
  <testcase name="h" time="0.030" classname="testng.examples.threadpool.example.ThreadPoolExample"/>
  <testcase name="f" time="0.056" classname="testng.examples.threadpool.example.ThreadPoolExample"/>
  <testcase name="h" time="0.062" classname="testng.examples.threadpool.example.ThreadPoolExample"/>
  <testcase name="g" time="0.080" classname="testng.examples.threadpool.example.ThreadPoolExample"/>
  <testcase name="f" time="0.052" classname="testng.examples.threadpool.example.ThreadPoolExample"/>
  <testcase name="f" time="0.134" classname="testng.examples.threadpool.example.ThreadPoolExample"/>
  <testcase name="f" time="0.058" classname="testng.examples.threadpool.example.ThreadPoolExample"/>
  <testcase name="f" time="0.053" classname="testng.examples.threadpool.example.ThreadPoolExample"/>
  <testcase name="h" time="0.115" classname="testng.examples.threadpool.example.ThreadPoolExample"/>
  <testcase name="f" time="0.397" classname="testng.examples.threadpool.example.ThreadPoolExample"/>
</testsuite> <!-- testng.examples.threadpool.example.ThreadPoolExample -->
